[2025-04-09T00:00:10.550+0000] {local_task_job_runner.py:123} INFO - ::group::Pre task execution logs
[2025-04-09T00:00:10.567+0000] {taskinstance.py:2614} INFO - Dependencies all met for dep_context=non-requeueable deps ti=<TaskInstance: weather_data_pipeline.openweather_operations.collect_openweather_data scheduled__2025-04-08T00:00:00+00:00 [queued]>
[2025-04-09T00:00:10.574+0000] {taskinstance.py:2614} INFO - Dependencies all met for dep_context=requeueable deps ti=<TaskInstance: weather_data_pipeline.openweather_operations.collect_openweather_data scheduled__2025-04-08T00:00:00+00:00 [queued]>
[2025-04-09T00:00:10.575+0000] {taskinstance.py:2867} INFO - Starting attempt 1 of 2
[2025-04-09T00:00:10.583+0000] {taskinstance.py:2890} INFO - Executing <Task(PythonOperator): openweather_operations.collect_openweather_data> on 2025-04-08 00:00:00+00:00
[2025-04-09T00:00:10.592+0000] {standard_task_runner.py:104} INFO - Running: ['airflow', 'tasks', 'run', 'weather_data_pipeline', 'openweather_operations.collect_openweather_data', 'scheduled__2025-04-08T00:00:00+00:00', '--job-id', '11', '--raw', '--subdir', 'DAGS_FOLDER/operators/testdag.py', '--cfg-path', '/tmp/tmpk54glrbt']
[2025-04-09T00:00:10.594+0000] {standard_task_runner.py:105} INFO - Job 11: Subtask openweather_operations.collect_openweather_data
[2025-04-09T00:00:10.594+0000] {logging_mixin.py:190} WARNING - /home/airflow/.local/lib/python3.12/site-packages/airflow/task/task_runner/standard_task_runner.py:70 DeprecationWarning: This process (pid=3680) is multi-threaded, use of fork() may lead to deadlocks in the child.
[2025-04-09T00:00:10.595+0000] {standard_task_runner.py:72} INFO - Started process 3698 to run task
[2025-04-09T00:00:10.638+0000] {task_command.py:467} INFO - Running <TaskInstance: weather_data_pipeline.openweather_operations.collect_openweather_data scheduled__2025-04-08T00:00:00+00:00 [running]> on host 78f37ff8ff58
[2025-04-09T00:00:10.712+0000] {taskinstance.py:3134} INFO - Exporting env vars: AIRFLOW_CTX_DAG_OWNER='airflow' AIRFLOW_CTX_DAG_ID='weather_data_pipeline' AIRFLOW_CTX_TASK_ID='openweather_operations.collect_openweather_data' AIRFLOW_CTX_EXECUTION_DATE='2025-04-08T00:00:00+00:00' AIRFLOW_CTX_TRY_NUMBER='1' AIRFLOW_CTX_DAG_RUN_ID='scheduled__2025-04-08T00:00:00+00:00'
[2025-04-09T00:00:10.714+0000] {taskinstance.py:732} INFO - ::endgroup::
[2025-04-09T00:00:11.681+0000] {logging_mixin.py:190} INFO - Successfully collected data for Riyadh
[2025-04-09T00:00:12.655+0000] {logging_mixin.py:190} INFO - Successfully collected data for Jeddah
[2025-04-09T00:00:13.706+0000] {logging_mixin.py:190} INFO - Successfully collected data for Mecca
[2025-04-09T00:00:14.638+0000] {logging_mixin.py:190} INFO - Successfully collected data for Medina
[2025-04-09T00:00:15.533+0000] {logging_mixin.py:190} INFO - Successfully collected data for Dammam
[2025-04-09T00:00:16.550+0000] {logging_mixin.py:190} INFO - Successfully collected data for Taif
[2025-04-09T00:00:16.550+0000] {python.py:240} INFO - Done. Returned value was: [{'city': 'Riyadh', 'lat': 24.7136, 'lon': 46.6753, 'temperature': 25.28000000000003, 'humidity': 30.0, 'wind_speed': 3.52, 'co': 112.97, 'no2': 0.58, 'o3': 106.5, 'so2': 4.18, 'pm2_5': 39.66, 'pm10': 121.41, 'co2': 0.0, 'methane': 0.0, 'nitrous_oxide': 0.0, 'fluorinated_gases': 0.0, 'timestamp': '2025-04-08 23:55:27'}, {'city': 'Jeddah', 'lat': 21.5433, 'lon': 39.1728, 'temperature': 29.310000000000002, 'humidity': 59.0, 'wind_speed': 0.28, 'co': 124.41, 'no2': 3.17, 'o3': 121.74, 'so2': 9.43, 'pm2_5': 100.67, 'pm10': 120.8, 'co2': 0.0, 'methane': 0.0, 'nitrous_oxide': 0.0, 'fluorinated_gases': 0.0, 'timestamp': '2025-04-08 23:57:08'}, {'city': 'Mecca', 'lat': 21.3891, 'lon': 39.8579, 'temperature': 27.950000000000045, 'humidity': 51.0, 'wind_speed': 0.55, 'co': 132.08, 'no2': 3.39, 'o3': 116.67, 'so2': 13.5, 'pm2_5': 100.1, 'pm10': 124.34, 'co2': 0.0, 'methane': 0.0, 'nitrous_oxide': 0.0, 'fluorinated_gases': 0.0, 'timestamp': '2025-04-09 00:00:14'}, {'city': 'Medina', 'lat': 24.5247, 'lon': 39.5692, 'temperature': 28.010000000000048, 'humidity': 23.0, 'wind_speed': 1.01, 'co': 131.12, 'no2': 3.38, 'o3': 76.77, 'so2': 7.79, 'pm2_5': 33.95, 'pm10': 78.68, 'co2': 0.0, 'methane': 0.0, 'nitrous_oxide': 0.0, 'fluorinated_gases': 0.0, 'timestamp': '2025-04-09 00:00:15'}, {'city': 'Dammam', 'lat': 26.4207, 'lon': 50.0888, 'temperature': 27.350000000000023, 'humidity': 39.0, 'wind_speed': 4.31, 'co': 181.35, 'no2': 7.88, 'o3': 68.79, 'so2': 14.35, 'pm2_5': 35.36, 'pm10': 149.24, 'co2': 0.0, 'methane': 0.0, 'nitrous_oxide': 0.0, 'fluorinated_gases': 0.0, 'timestamp': '2025-04-09 00:00:16'}, {'city': 'Taif', 'lat': 21.4267, 'lon': 40.4833, 'temperature': 24.75, 'humidity': 32.0, 'wind_speed': 4.66, 'co': 142.43, 'no2': 1.64, 'o3': 113.05, 'so2': 15.77, 'pm2_5': 125.76, 'pm10': 172.38, 'co2': 0.0, 'methane': 0.0, 'nitrous_oxide': 0.0, 'fluorinated_gases': 0.0, 'timestamp': '2025-04-09 00:00:17'}]
[2025-04-09T00:00:16.572+0000] {taskinstance.py:341} INFO - ::group::Post task execution logs
[2025-04-09T00:00:16.572+0000] {taskinstance.py:353} INFO - Marking task as SUCCESS. dag_id=weather_data_pipeline, task_id=openweather_operations.collect_openweather_data, run_id=scheduled__2025-04-08T00:00:00+00:00, execution_date=20250408T000000, start_date=20250409T000010, end_date=20250409T000016
[2025-04-09T00:00:16.620+0000] {local_task_job_runner.py:266} INFO - Task exited with return code 0
[2025-04-09T00:00:16.641+0000] {taskinstance.py:3901} INFO - 1 downstream tasks scheduled from follow-on schedule check
[2025-04-09T00:00:16.643+0000] {local_task_job_runner.py:245} INFO - ::endgroup::
[2025-04-09T05:00:22.915+0000] {local_task_job_runner.py:123} INFO - ::group::Pre task execution logs
[2025-04-09T05:00:22.936+0000] {taskinstance.py:2614} INFO - Dependencies all met for dep_context=non-requeueable deps ti=<TaskInstance: weather_data_pipeline.openweather_operations.collect_openweather_data scheduled__2025-04-08T00:00:00+00:00 [queued]>
[2025-04-09T05:00:22.943+0000] {taskinstance.py:2614} INFO - Dependencies all met for dep_context=requeueable deps ti=<TaskInstance: weather_data_pipeline.openweather_operations.collect_openweather_data scheduled__2025-04-08T00:00:00+00:00 [queued]>
[2025-04-09T05:00:22.944+0000] {taskinstance.py:2867} INFO - Starting attempt 1 of 2
[2025-04-09T05:00:22.954+0000] {taskinstance.py:2890} INFO - Executing <Task(PythonOperator): openweather_operations.collect_openweather_data> on 2025-04-08 00:00:00+00:00
[2025-04-09T05:00:22.963+0000] {standard_task_runner.py:104} INFO - Running: ['airflow', 'tasks', 'run', 'weather_data_pipeline', 'openweather_operations.collect_openweather_data', 'scheduled__2025-04-08T00:00:00+00:00', '--job-id', '12', '--raw', '--subdir', 'DAGS_FOLDER/operators/testdag.py', '--cfg-path', '/tmp/tmppuu8ipse']
[2025-04-09T05:00:22.966+0000] {standard_task_runner.py:105} INFO - Job 12: Subtask openweather_operations.collect_openweather_data
[2025-04-09T05:00:22.968+0000] {logging_mixin.py:190} WARNING - /home/airflow/.local/lib/python3.12/site-packages/airflow/task/task_runner/standard_task_runner.py:70 DeprecationWarning: This process (pid=118) is multi-threaded, use of fork() may lead to deadlocks in the child.
[2025-04-09T05:00:22.969+0000] {standard_task_runner.py:72} INFO - Started process 136 to run task
[2025-04-09T05:00:23.020+0000] {task_command.py:467} INFO - Running <TaskInstance: weather_data_pipeline.openweather_operations.collect_openweather_data scheduled__2025-04-08T00:00:00+00:00 [running]> on host bb94a3d1492a
[2025-04-09T05:00:23.096+0000] {taskinstance.py:3134} INFO - Exporting env vars: AIRFLOW_CTX_DAG_OWNER='airflow' AIRFLOW_CTX_DAG_ID='weather_data_pipeline' AIRFLOW_CTX_TASK_ID='openweather_operations.collect_openweather_data' AIRFLOW_CTX_EXECUTION_DATE='2025-04-08T00:00:00+00:00' AIRFLOW_CTX_TRY_NUMBER='1' AIRFLOW_CTX_DAG_RUN_ID='scheduled__2025-04-08T00:00:00+00:00'
[2025-04-09T05:00:23.097+0000] {taskinstance.py:732} INFO - ::endgroup::
[2025-04-09T05:00:24.226+0000] {logging_mixin.py:190} INFO - Successfully collected data for Riyadh
[2025-04-09T05:00:25.158+0000] {logging_mixin.py:190} INFO - Successfully collected data for Jeddah
[2025-04-09T05:00:26.245+0000] {logging_mixin.py:190} INFO - Successfully collected data for Mecca
[2025-04-09T05:00:27.295+0000] {logging_mixin.py:190} INFO - Successfully collected data for Medina
[2025-04-09T05:00:28.340+0000] {logging_mixin.py:190} INFO - Successfully collected data for Dammam
[2025-04-09T05:00:29.372+0000] {logging_mixin.py:190} INFO - Successfully collected data for Taif
[2025-04-09T05:00:29.373+0000] {python.py:240} INFO - Done. Returned value was: [{'city': 'Riyadh', 'lat': 24.7136, 'lon': 46.6753, 'temperature': 27.090000000000032, 'humidity': 29.0, 'wind_speed': 5.09, 'co': 111.91, 'no2': 0.81, 'o3': 95.72, 'so2': 3.93, 'pm2_5': 40.62, 'pm10': 124.2, 'co2': 0.0, 'methane': 0.0, 'nitrous_oxide': 0.0, 'fluorinated_gases': 0.0, 'timestamp': '2025-04-09 05:00:04'}, {'city': 'Jeddah', 'lat': 21.5433, 'lon': 39.1728, 'temperature': 28.710000000000036, 'humidity': 63.0, 'wind_speed': 4.01, 'co': 123.38, 'no2': 2.65, 'o3': 107.11, 'so2': 6.8, 'pm2_5': 82.55, 'pm10': 101.91, 'co2': 0.0, 'methane': 0.0, 'nitrous_oxide': 0.0, 'fluorinated_gases': 0.0, 'timestamp': '2025-04-09 05:00:12'}, {'city': 'Mecca', 'lat': 21.3891, 'lon': 39.8579, 'temperature': 30.350000000000023, 'humidity': 41.0, 'wind_speed': 2.87, 'co': 131.63, 'no2': 5.33, 'o3': 102.55, 'so2': 11.73, 'pm2_5': 89.26, 'pm10': 110.95, 'co2': 0.0, 'methane': 0.0, 'nitrous_oxide': 0.0, 'fluorinated_gases': 0.0, 'timestamp': '2025-04-09 05:00:24'}, {'city': 'Medina', 'lat': 24.5247, 'lon': 39.5692, 'temperature': 29.55000000000001, 'humidity': 22.0, 'wind_speed': 1.45, 'co': 135.41, 'no2': 4.86, 'o3': 66.29, 'so2': 5.67, 'pm2_5': 36.17, 'pm10': 95.25, 'co2': 0.0, 'methane': 0.0, 'nitrous_oxide': 0.0, 'fluorinated_gases': 0.0, 'timestamp': '2025-04-09 05:00:25'}, {'city': 'Dammam', 'lat': 26.4207, 'lon': 50.0888, 'temperature': 29.189999999999998, 'humidity': 32.0, 'wind_speed': 6.16, 'co': 164.0, 'no2': 7.68, 'o3': 63.58, 'so2': 10.23, 'pm2_5': 37.39, 'pm10': 156.08, 'co2': 0.0, 'methane': 0.0, 'nitrous_oxide': 0.0, 'fluorinated_gases': 0.0, 'timestamp': '2025-04-09 05:00:26'}, {'city': 'Taif', 'lat': 21.4267, 'lon': 40.4833, 'temperature': 25.160000000000025, 'humidity': 25.0, 'wind_speed': 6.11, 'co': 146.22, 'no2': 4.19, 'o3': 90.9, 'so2': 9.26, 'pm2_5': 114.48, 'pm10': 158.97, 'co2': 0.0, 'methane': 0.0, 'nitrous_oxide': 0.0, 'fluorinated_gases': 0.0, 'timestamp': '2025-04-09 05:00:27'}]
[2025-04-09T05:00:29.397+0000] {taskinstance.py:341} INFO - ::group::Post task execution logs
[2025-04-09T05:00:29.398+0000] {taskinstance.py:353} INFO - Marking task as SUCCESS. dag_id=weather_data_pipeline, task_id=openweather_operations.collect_openweather_data, run_id=scheduled__2025-04-08T00:00:00+00:00, execution_date=20250408T000000, start_date=20250409T050022, end_date=20250409T050029
[2025-04-09T05:00:29.453+0000] {local_task_job_runner.py:266} INFO - Task exited with return code 0
[2025-04-09T05:00:29.477+0000] {taskinstance.py:3901} INFO - 1 downstream tasks scheduled from follow-on schedule check
[2025-04-09T05:00:29.479+0000] {local_task_job_runner.py:245} INFO - ::endgroup::
