[2025-04-09T05:53:40.850+0000] {processor.py:186} INFO - Started process (PID=41) to work on /opt/airflow/dags/data_pipeline.py
[2025-04-09T05:53:40.851+0000] {processor.py:914} INFO - Processing file /opt/airflow/dags/data_pipeline.py for tasks to queue
[2025-04-09T05:53:40.852+0000] {logging_mixin.py:190} INFO - [2025-04-09T05:53:40.852+0000] {dagbag.py:588} INFO - Filling up the DagBag from /opt/airflow/dags/data_pipeline.py
[2025-04-09T05:53:40.873+0000] {logging_mixin.py:190} INFO - [2025-04-09T05:53:40.870+0000] {dagbag.py:387} ERROR - Failed to import: /opt/airflow/dags/data_pipeline.py
Traceback (most recent call last):
  File "/home/airflow/.local/lib/python3.12/site-packages/airflow/models/dagbag.py", line 383, in parse
    loader.exec_module(new_module)
  File "<frozen importlib._bootstrap_external>", line 999, in exec_module
  File "<frozen importlib._bootstrap>", line 488, in _call_with_frames_removed
  File "/opt/airflow/dags/data_pipeline.py", line 5, in <module>
    from airflow.providers.postgres.operators.postgres import PostgresOperator
ModuleNotFoundError: No module named 'airflow.providers.postgres.operators'
[2025-04-09T05:53:40.875+0000] {processor.py:927} WARNING - No viable dags retrieved from /opt/airflow/dags/data_pipeline.py
[2025-04-09T05:53:40.897+0000] {processor.py:208} INFO - Processing /opt/airflow/dags/data_pipeline.py took 0.053 seconds
[2025-04-09T05:54:11.599+0000] {processor.py:186} INFO - Started process (PID=42) to work on /opt/airflow/dags/data_pipeline.py
[2025-04-09T05:54:11.600+0000] {processor.py:914} INFO - Processing file /opt/airflow/dags/data_pipeline.py for tasks to queue
[2025-04-09T05:54:11.602+0000] {logging_mixin.py:190} INFO - [2025-04-09T05:54:11.601+0000] {dagbag.py:588} INFO - Filling up the DagBag from /opt/airflow/dags/data_pipeline.py
[2025-04-09T05:54:11.618+0000] {logging_mixin.py:190} INFO - [2025-04-09T05:54:11.614+0000] {dagbag.py:387} ERROR - Failed to import: /opt/airflow/dags/data_pipeline.py
Traceback (most recent call last):
  File "/home/airflow/.local/lib/python3.12/site-packages/airflow/models/dagbag.py", line 383, in parse
    loader.exec_module(new_module)
  File "<frozen importlib._bootstrap_external>", line 999, in exec_module
  File "<frozen importlib._bootstrap>", line 488, in _call_with_frames_removed
  File "/opt/airflow/dags/data_pipeline.py", line 5, in <module>
    from airflow.providers.postgres.operators.postgres import PostgresOperator
ModuleNotFoundError: No module named 'airflow.providers.postgres.operators'
[2025-04-09T05:54:11.619+0000] {processor.py:927} WARNING - No viable dags retrieved from /opt/airflow/dags/data_pipeline.py
[2025-04-09T05:54:11.641+0000] {processor.py:208} INFO - Processing /opt/airflow/dags/data_pipeline.py took 0.047 seconds
[2025-04-09T05:54:38.476+0000] {processor.py:186} INFO - Started process (PID=36) to work on /opt/airflow/dags/data_pipeline.py
[2025-04-09T05:54:38.477+0000] {processor.py:914} INFO - Processing file /opt/airflow/dags/data_pipeline.py for tasks to queue
[2025-04-09T05:54:38.478+0000] {logging_mixin.py:190} INFO - [2025-04-09T05:54:38.478+0000] {dagbag.py:588} INFO - Filling up the DagBag from /opt/airflow/dags/data_pipeline.py
[2025-04-09T05:54:38.496+0000] {logging_mixin.py:190} INFO - [2025-04-09T05:54:38.491+0000] {dagbag.py:387} ERROR - Failed to import: /opt/airflow/dags/data_pipeline.py
Traceback (most recent call last):
  File "/home/airflow/.local/lib/python3.12/site-packages/airflow/models/dagbag.py", line 383, in parse
    loader.exec_module(new_module)
  File "<frozen importlib._bootstrap_external>", line 999, in exec_module
  File "<frozen importlib._bootstrap>", line 488, in _call_with_frames_removed
  File "/opt/airflow/dags/data_pipeline.py", line 5, in <module>
    from airflow.providers.postgres.operators.postgres import PostgresOperator
ModuleNotFoundError: No module named 'airflow.providers.postgres.operators'
[2025-04-09T05:54:38.498+0000] {processor.py:927} WARNING - No viable dags retrieved from /opt/airflow/dags/data_pipeline.py
[2025-04-09T05:54:38.521+0000] {processor.py:208} INFO - Processing /opt/airflow/dags/data_pipeline.py took 0.052 seconds
[2025-04-09T05:55:09.225+0000] {processor.py:186} INFO - Started process (PID=37) to work on /opt/airflow/dags/data_pipeline.py
[2025-04-09T05:55:09.226+0000] {processor.py:914} INFO - Processing file /opt/airflow/dags/data_pipeline.py for tasks to queue
[2025-04-09T05:55:09.227+0000] {logging_mixin.py:190} INFO - [2025-04-09T05:55:09.227+0000] {dagbag.py:588} INFO - Filling up the DagBag from /opt/airflow/dags/data_pipeline.py
[2025-04-09T05:55:09.247+0000] {logging_mixin.py:190} INFO - [2025-04-09T05:55:09.242+0000] {dagbag.py:387} ERROR - Failed to import: /opt/airflow/dags/data_pipeline.py
Traceback (most recent call last):
  File "/home/airflow/.local/lib/python3.12/site-packages/airflow/models/dagbag.py", line 383, in parse
    loader.exec_module(new_module)
  File "<frozen importlib._bootstrap_external>", line 999, in exec_module
  File "<frozen importlib._bootstrap>", line 488, in _call_with_frames_removed
  File "/opt/airflow/dags/data_pipeline.py", line 5, in <module>
    from airflow.providers.postgres.operators.postgres import PostgresOperator
ModuleNotFoundError: No module named 'airflow.providers.postgres.operators'
[2025-04-09T05:55:09.249+0000] {processor.py:927} WARNING - No viable dags retrieved from /opt/airflow/dags/data_pipeline.py
[2025-04-09T05:55:09.273+0000] {processor.py:208} INFO - Processing /opt/airflow/dags/data_pipeline.py took 0.055 seconds
[2025-04-09T05:55:40.016+0000] {processor.py:186} INFO - Started process (PID=38) to work on /opt/airflow/dags/data_pipeline.py
[2025-04-09T05:55:40.017+0000] {processor.py:914} INFO - Processing file /opt/airflow/dags/data_pipeline.py for tasks to queue
[2025-04-09T05:55:40.020+0000] {logging_mixin.py:190} INFO - [2025-04-09T05:55:40.019+0000] {dagbag.py:588} INFO - Filling up the DagBag from /opt/airflow/dags/data_pipeline.py
[2025-04-09T05:55:40.046+0000] {logging_mixin.py:190} INFO - [2025-04-09T05:55:40.040+0000] {dagbag.py:387} ERROR - Failed to import: /opt/airflow/dags/data_pipeline.py
Traceback (most recent call last):
  File "/home/airflow/.local/lib/python3.12/site-packages/airflow/models/dagbag.py", line 383, in parse
    loader.exec_module(new_module)
  File "<frozen importlib._bootstrap_external>", line 999, in exec_module
  File "<frozen importlib._bootstrap>", line 488, in _call_with_frames_removed
  File "/opt/airflow/dags/data_pipeline.py", line 5, in <module>
    from airflow.providers.postgres.operators.postgres import PostgresOperator
ModuleNotFoundError: No module named 'airflow.providers.postgres.operators'
[2025-04-09T05:55:40.048+0000] {processor.py:927} WARNING - No viable dags retrieved from /opt/airflow/dags/data_pipeline.py
[2025-04-09T05:55:40.076+0000] {processor.py:208} INFO - Processing /opt/airflow/dags/data_pipeline.py took 0.072 seconds
[2025-04-09T05:56:10.917+0000] {processor.py:186} INFO - Started process (PID=39) to work on /opt/airflow/dags/data_pipeline.py
[2025-04-09T05:56:10.918+0000] {processor.py:914} INFO - Processing file /opt/airflow/dags/data_pipeline.py for tasks to queue
[2025-04-09T05:56:10.919+0000] {logging_mixin.py:190} INFO - [2025-04-09T05:56:10.919+0000] {dagbag.py:588} INFO - Filling up the DagBag from /opt/airflow/dags/data_pipeline.py
[2025-04-09T05:56:10.937+0000] {logging_mixin.py:190} INFO - [2025-04-09T05:56:10.933+0000] {dagbag.py:387} ERROR - Failed to import: /opt/airflow/dags/data_pipeline.py
Traceback (most recent call last):
  File "/home/airflow/.local/lib/python3.12/site-packages/airflow/models/dagbag.py", line 383, in parse
    loader.exec_module(new_module)
  File "<frozen importlib._bootstrap_external>", line 999, in exec_module
  File "<frozen importlib._bootstrap>", line 488, in _call_with_frames_removed
  File "/opt/airflow/dags/data_pipeline.py", line 5, in <module>
    from airflow.providers.postgres.operators.postgres import PostgresOperator
ModuleNotFoundError: No module named 'airflow.providers.postgres.operators'
[2025-04-09T05:56:10.939+0000] {processor.py:927} WARNING - No viable dags retrieved from /opt/airflow/dags/data_pipeline.py
[2025-04-09T05:56:10.962+0000] {processor.py:208} INFO - Processing /opt/airflow/dags/data_pipeline.py took 0.052 seconds
[2025-04-09T05:56:41.474+0000] {processor.py:186} INFO - Started process (PID=40) to work on /opt/airflow/dags/data_pipeline.py
[2025-04-09T05:56:41.475+0000] {processor.py:914} INFO - Processing file /opt/airflow/dags/data_pipeline.py for tasks to queue
[2025-04-09T05:56:41.476+0000] {logging_mixin.py:190} INFO - [2025-04-09T05:56:41.476+0000] {dagbag.py:588} INFO - Filling up the DagBag from /opt/airflow/dags/data_pipeline.py
[2025-04-09T05:56:41.490+0000] {logging_mixin.py:190} INFO - [2025-04-09T05:56:41.487+0000] {dagbag.py:387} ERROR - Failed to import: /opt/airflow/dags/data_pipeline.py
Traceback (most recent call last):
  File "/home/airflow/.local/lib/python3.12/site-packages/airflow/models/dagbag.py", line 383, in parse
    loader.exec_module(new_module)
  File "<frozen importlib._bootstrap_external>", line 999, in exec_module
  File "<frozen importlib._bootstrap>", line 488, in _call_with_frames_removed
  File "/opt/airflow/dags/data_pipeline.py", line 5, in <module>
    from airflow.providers.postgres.operators.postgres import PostgresOperator
ModuleNotFoundError: No module named 'airflow.providers.postgres.operators'
[2025-04-09T05:56:41.491+0000] {processor.py:927} WARNING - No viable dags retrieved from /opt/airflow/dags/data_pipeline.py
[2025-04-09T05:56:41.511+0000] {processor.py:208} INFO - Processing /opt/airflow/dags/data_pipeline.py took 0.041 seconds
[2025-04-09T05:57:12.214+0000] {processor.py:186} INFO - Started process (PID=41) to work on /opt/airflow/dags/data_pipeline.py
[2025-04-09T05:57:12.215+0000] {processor.py:914} INFO - Processing file /opt/airflow/dags/data_pipeline.py for tasks to queue
[2025-04-09T05:57:12.216+0000] {logging_mixin.py:190} INFO - [2025-04-09T05:57:12.215+0000] {dagbag.py:588} INFO - Filling up the DagBag from /opt/airflow/dags/data_pipeline.py
[2025-04-09T05:57:12.231+0000] {logging_mixin.py:190} INFO - [2025-04-09T05:57:12.227+0000] {dagbag.py:387} ERROR - Failed to import: /opt/airflow/dags/data_pipeline.py
Traceback (most recent call last):
  File "/home/airflow/.local/lib/python3.12/site-packages/airflow/models/dagbag.py", line 383, in parse
    loader.exec_module(new_module)
  File "<frozen importlib._bootstrap_external>", line 999, in exec_module
  File "<frozen importlib._bootstrap>", line 488, in _call_with_frames_removed
  File "/opt/airflow/dags/data_pipeline.py", line 5, in <module>
    from airflow.providers.postgres.operators.postgres import PostgresOperator
ModuleNotFoundError: No module named 'airflow.providers.postgres.operators'
[2025-04-09T05:57:12.232+0000] {processor.py:927} WARNING - No viable dags retrieved from /opt/airflow/dags/data_pipeline.py
[2025-04-09T05:57:12.254+0000] {processor.py:208} INFO - Processing /opt/airflow/dags/data_pipeline.py took 0.046 seconds
[2025-04-09T05:57:43.245+0000] {processor.py:186} INFO - Started process (PID=42) to work on /opt/airflow/dags/data_pipeline.py
[2025-04-09T05:57:43.246+0000] {processor.py:914} INFO - Processing file /opt/airflow/dags/data_pipeline.py for tasks to queue
[2025-04-09T05:57:43.248+0000] {logging_mixin.py:190} INFO - [2025-04-09T05:57:43.248+0000] {dagbag.py:588} INFO - Filling up the DagBag from /opt/airflow/dags/data_pipeline.py
[2025-04-09T05:57:43.268+0000] {logging_mixin.py:190} INFO - [2025-04-09T05:57:43.263+0000] {dagbag.py:387} ERROR - Failed to import: /opt/airflow/dags/data_pipeline.py
Traceback (most recent call last):
  File "/home/airflow/.local/lib/python3.12/site-packages/airflow/models/dagbag.py", line 383, in parse
    loader.exec_module(new_module)
  File "<frozen importlib._bootstrap_external>", line 999, in exec_module
  File "<frozen importlib._bootstrap>", line 488, in _call_with_frames_removed
  File "/opt/airflow/dags/data_pipeline.py", line 5, in <module>
    from airflow.providers.postgres.operators.postgres import PostgresOperator
ModuleNotFoundError: No module named 'airflow.providers.postgres.operators'
[2025-04-09T05:57:43.269+0000] {processor.py:927} WARNING - No viable dags retrieved from /opt/airflow/dags/data_pipeline.py
[2025-04-09T05:57:43.297+0000] {processor.py:208} INFO - Processing /opt/airflow/dags/data_pipeline.py took 0.059 seconds
[2025-04-09T05:58:13.880+0000] {processor.py:186} INFO - Started process (PID=43) to work on /opt/airflow/dags/data_pipeline.py
[2025-04-09T05:58:13.880+0000] {processor.py:914} INFO - Processing file /opt/airflow/dags/data_pipeline.py for tasks to queue
[2025-04-09T05:58:13.881+0000] {logging_mixin.py:190} INFO - [2025-04-09T05:58:13.881+0000] {dagbag.py:588} INFO - Filling up the DagBag from /opt/airflow/dags/data_pipeline.py
[2025-04-09T05:58:13.895+0000] {logging_mixin.py:190} INFO - [2025-04-09T05:58:13.892+0000] {dagbag.py:387} ERROR - Failed to import: /opt/airflow/dags/data_pipeline.py
Traceback (most recent call last):
  File "/home/airflow/.local/lib/python3.12/site-packages/airflow/models/dagbag.py", line 383, in parse
    loader.exec_module(new_module)
  File "<frozen importlib._bootstrap_external>", line 999, in exec_module
  File "<frozen importlib._bootstrap>", line 488, in _call_with_frames_removed
  File "/opt/airflow/dags/data_pipeline.py", line 5, in <module>
    from airflow.providers.postgres.operators.postgres import PostgresOperator
ModuleNotFoundError: No module named 'airflow.providers.postgres.operators'
[2025-04-09T05:58:13.896+0000] {processor.py:927} WARNING - No viable dags retrieved from /opt/airflow/dags/data_pipeline.py
[2025-04-09T05:58:13.913+0000] {processor.py:208} INFO - Processing /opt/airflow/dags/data_pipeline.py took 0.038 seconds
[2025-04-09T05:59:01.676+0000] {processor.py:186} INFO - Started process (PID=36) to work on /opt/airflow/dags/data_pipeline.py
[2025-04-09T05:59:01.677+0000] {processor.py:914} INFO - Processing file /opt/airflow/dags/data_pipeline.py for tasks to queue
[2025-04-09T05:59:01.679+0000] {logging_mixin.py:190} INFO - [2025-04-09T05:59:01.679+0000] {dagbag.py:588} INFO - Filling up the DagBag from /opt/airflow/dags/data_pipeline.py
[2025-04-09T05:59:01.698+0000] {logging_mixin.py:190} INFO - [2025-04-09T05:59:01.693+0000] {dagbag.py:387} ERROR - Failed to import: /opt/airflow/dags/data_pipeline.py
Traceback (most recent call last):
  File "/home/airflow/.local/lib/python3.12/site-packages/airflow/models/dagbag.py", line 383, in parse
    loader.exec_module(new_module)
  File "<frozen importlib._bootstrap_external>", line 999, in exec_module
  File "<frozen importlib._bootstrap>", line 488, in _call_with_frames_removed
  File "/opt/airflow/dags/data_pipeline.py", line 5, in <module>
    from airflow.providers.postgres.operators.postgres import PostgresOperator
ModuleNotFoundError: No module named 'airflow.providers.postgres.operators'
[2025-04-09T05:59:01.700+0000] {processor.py:927} WARNING - No viable dags retrieved from /opt/airflow/dags/data_pipeline.py
[2025-04-09T05:59:01.723+0000] {processor.py:208} INFO - Processing /opt/airflow/dags/data_pipeline.py took 0.055 seconds
[2025-04-09T05:59:32.184+0000] {processor.py:186} INFO - Started process (PID=37) to work on /opt/airflow/dags/data_pipeline.py
[2025-04-09T05:59:32.185+0000] {processor.py:914} INFO - Processing file /opt/airflow/dags/data_pipeline.py for tasks to queue
[2025-04-09T05:59:32.186+0000] {logging_mixin.py:190} INFO - [2025-04-09T05:59:32.186+0000] {dagbag.py:588} INFO - Filling up the DagBag from /opt/airflow/dags/data_pipeline.py
[2025-04-09T05:59:32.203+0000] {logging_mixin.py:190} INFO - [2025-04-09T05:59:32.199+0000] {dagbag.py:387} ERROR - Failed to import: /opt/airflow/dags/data_pipeline.py
Traceback (most recent call last):
  File "/home/airflow/.local/lib/python3.12/site-packages/airflow/models/dagbag.py", line 383, in parse
    loader.exec_module(new_module)
  File "<frozen importlib._bootstrap_external>", line 999, in exec_module
  File "<frozen importlib._bootstrap>", line 488, in _call_with_frames_removed
  File "/opt/airflow/dags/data_pipeline.py", line 5, in <module>
    from airflow.providers.postgres.operators.postgres import PostgresOperator
ModuleNotFoundError: No module named 'airflow.providers.postgres.operators'
[2025-04-09T05:59:32.205+0000] {processor.py:927} WARNING - No viable dags retrieved from /opt/airflow/dags/data_pipeline.py
[2025-04-09T05:59:32.229+0000] {processor.py:208} INFO - Processing /opt/airflow/dags/data_pipeline.py took 0.052 seconds
[2025-04-09T05:59:53.714+0000] {processor.py:186} INFO - Started process (PID=38) to work on /opt/airflow/dags/data_pipeline.py
[2025-04-09T05:59:53.715+0000] {processor.py:914} INFO - Processing file /opt/airflow/dags/data_pipeline.py for tasks to queue
[2025-04-09T05:59:53.716+0000] {logging_mixin.py:190} INFO - [2025-04-09T05:59:53.716+0000] {dagbag.py:588} INFO - Filling up the DagBag from /opt/airflow/dags/data_pipeline.py
[2025-04-09T05:59:56.016+0000] {processor.py:925} INFO - DAG(s) 'weather_data_pipeline' retrieved from /opt/airflow/dags/data_pipeline.py
[2025-04-09T05:59:56.204+0000] {logging_mixin.py:190} INFO - [2025-04-09T05:59:56.204+0000] {override.py:1912} INFO - Created Permission View: can edit on DAG:weather_data_pipeline
[2025-04-09T05:59:56.212+0000] {logging_mixin.py:190} INFO - [2025-04-09T05:59:56.212+0000] {override.py:1912} INFO - Created Permission View: can read on DAG:weather_data_pipeline
[2025-04-09T05:59:56.217+0000] {logging_mixin.py:190} INFO - [2025-04-09T05:59:56.217+0000] {override.py:1912} INFO - Created Permission View: can delete on DAG:weather_data_pipeline
[2025-04-09T05:59:56.223+0000] {logging_mixin.py:190} INFO - [2025-04-09T05:59:56.223+0000] {override.py:1912} INFO - Created Permission View: menu access on DAG Run:weather_data_pipeline
[2025-04-09T05:59:56.228+0000] {logging_mixin.py:190} INFO - [2025-04-09T05:59:56.227+0000] {override.py:1912} INFO - Created Permission View: can create on DAG Run:weather_data_pipeline
[2025-04-09T05:59:56.233+0000] {logging_mixin.py:190} INFO - [2025-04-09T05:59:56.232+0000] {override.py:1912} INFO - Created Permission View: can read on DAG Run:weather_data_pipeline
[2025-04-09T05:59:56.237+0000] {logging_mixin.py:190} INFO - [2025-04-09T05:59:56.237+0000] {override.py:1912} INFO - Created Permission View: can delete on DAG Run:weather_data_pipeline
[2025-04-09T05:59:56.238+0000] {logging_mixin.py:190} INFO - [2025-04-09T05:59:56.238+0000] {dag.py:3239} INFO - Sync 1 DAGs
[2025-04-09T05:59:56.250+0000] {logging_mixin.py:190} INFO - [2025-04-09T05:59:56.249+0000] {dag.py:3262} INFO - Creating ORM DAG for weather_data_pipeline
[2025-04-09T05:59:56.259+0000] {logging_mixin.py:190} INFO - [2025-04-09T05:59:56.259+0000] {dag.py:4180} INFO - Setting next_dagrun for weather_data_pipeline to 2025-04-08 00:00:00+00:00, run_after=2025-04-09 00:00:00+00:00
[2025-04-09T05:59:56.282+0000] {processor.py:208} INFO - Processing /opt/airflow/dags/data_pipeline.py took 2.575 seconds
[2025-04-09T05:59:56.761+0000] {processor.py:186} INFO - Started process (PID=40) to work on /opt/airflow/dags/data_pipeline.py
[2025-04-09T05:59:56.762+0000] {processor.py:914} INFO - Processing file /opt/airflow/dags/data_pipeline.py for tasks to queue
[2025-04-09T05:59:56.763+0000] {logging_mixin.py:190} INFO - [2025-04-09T05:59:56.762+0000] {dagbag.py:588} INFO - Filling up the DagBag from /opt/airflow/dags/data_pipeline.py
[2025-04-09T05:59:57.561+0000] {processor.py:925} INFO - DAG(s) 'weather_data_pipeline' retrieved from /opt/airflow/dags/data_pipeline.py
[2025-04-09T05:59:57.577+0000] {logging_mixin.py:190} INFO - [2025-04-09T05:59:57.576+0000] {dag.py:3239} INFO - Sync 1 DAGs
[2025-04-09T05:59:57.598+0000] {logging_mixin.py:190} INFO - [2025-04-09T05:59:57.598+0000] {dag.py:4180} INFO - Setting next_dagrun for weather_data_pipeline to 2025-04-08 00:00:00+00:00, run_after=2025-04-09 00:00:00+00:00
[2025-04-09T05:59:57.621+0000] {processor.py:208} INFO - Processing /opt/airflow/dags/data_pipeline.py took 0.866 seconds
[2025-04-09T05:59:57.674+0000] {processor.py:186} INFO - Started process (PID=42) to work on /opt/airflow/dags/data_pipeline.py
[2025-04-09T05:59:57.675+0000] {processor.py:914} INFO - Processing file /opt/airflow/dags/data_pipeline.py for tasks to queue
[2025-04-09T05:59:57.676+0000] {logging_mixin.py:190} INFO - [2025-04-09T05:59:57.676+0000] {dagbag.py:588} INFO - Filling up the DagBag from /opt/airflow/dags/data_pipeline.py
[2025-04-09T05:59:58.379+0000] {processor.py:925} INFO - DAG(s) 'weather_data_pipeline' retrieved from /opt/airflow/dags/data_pipeline.py
[2025-04-09T05:59:58.396+0000] {logging_mixin.py:190} INFO - [2025-04-09T05:59:58.396+0000] {dag.py:3239} INFO - Sync 1 DAGs
[2025-04-09T05:59:58.419+0000] {logging_mixin.py:190} INFO - [2025-04-09T05:59:58.419+0000] {dag.py:4180} INFO - Setting next_dagrun for weather_data_pipeline to 2025-04-08 00:00:00+00:00, run_after=2025-04-09 00:00:00+00:00
[2025-04-09T05:59:58.440+0000] {processor.py:208} INFO - Processing /opt/airflow/dags/data_pipeline.py took 0.771 seconds
[2025-04-09T06:00:28.387+0000] {processor.py:186} INFO - Started process (PID=36) to work on /opt/airflow/dags/data_pipeline.py
[2025-04-09T06:00:28.387+0000] {processor.py:914} INFO - Processing file /opt/airflow/dags/data_pipeline.py for tasks to queue
[2025-04-09T06:00:28.389+0000] {logging_mixin.py:190} INFO - [2025-04-09T06:00:28.388+0000] {dagbag.py:588} INFO - Filling up the DagBag from /opt/airflow/dags/data_pipeline.py
[2025-04-09T06:00:30.470+0000] {processor.py:925} INFO - DAG(s) 'weather_data_pipeline' retrieved from /opt/airflow/dags/data_pipeline.py
[2025-04-09T06:00:30.504+0000] {logging_mixin.py:190} INFO - [2025-04-09T06:00:30.504+0000] {dag.py:3239} INFO - Sync 1 DAGs
[2025-04-09T06:00:30.521+0000] {logging_mixin.py:190} INFO - [2025-04-09T06:00:30.521+0000] {dag.py:4180} INFO - Setting next_dagrun for weather_data_pipeline to 2025-04-08 00:00:00+00:00, run_after=2025-04-09 00:00:00+00:00
[2025-04-09T06:00:30.535+0000] {processor.py:208} INFO - Processing /opt/airflow/dags/data_pipeline.py took 2.155 seconds
[2025-04-09T06:01:01.468+0000] {processor.py:186} INFO - Started process (PID=38) to work on /opt/airflow/dags/data_pipeline.py
[2025-04-09T06:01:01.469+0000] {processor.py:914} INFO - Processing file /opt/airflow/dags/data_pipeline.py for tasks to queue
[2025-04-09T06:01:01.470+0000] {logging_mixin.py:190} INFO - [2025-04-09T06:01:01.470+0000] {dagbag.py:588} INFO - Filling up the DagBag from /opt/airflow/dags/data_pipeline.py
[2025-04-09T06:01:02.150+0000] {processor.py:925} INFO - DAG(s) 'weather_data_pipeline' retrieved from /opt/airflow/dags/data_pipeline.py
[2025-04-09T06:01:02.174+0000] {logging_mixin.py:190} INFO - [2025-04-09T06:01:02.173+0000] {dag.py:3239} INFO - Sync 1 DAGs
[2025-04-09T06:01:02.191+0000] {logging_mixin.py:190} INFO - [2025-04-09T06:01:02.191+0000] {dag.py:4180} INFO - Setting next_dagrun for weather_data_pipeline to 2025-04-08 00:00:00+00:00, run_after=2025-04-09 00:00:00+00:00
[2025-04-09T06:01:02.205+0000] {processor.py:208} INFO - Processing /opt/airflow/dags/data_pipeline.py took 0.743 seconds
[2025-04-09T06:01:32.987+0000] {processor.py:186} INFO - Started process (PID=40) to work on /opt/airflow/dags/data_pipeline.py
[2025-04-09T06:01:32.988+0000] {processor.py:914} INFO - Processing file /opt/airflow/dags/data_pipeline.py for tasks to queue
[2025-04-09T06:01:32.989+0000] {logging_mixin.py:190} INFO - [2025-04-09T06:01:32.988+0000] {dagbag.py:588} INFO - Filling up the DagBag from /opt/airflow/dags/data_pipeline.py
[2025-04-09T06:01:33.684+0000] {processor.py:925} INFO - DAG(s) 'weather_data_pipeline' retrieved from /opt/airflow/dags/data_pipeline.py
[2025-04-09T06:01:33.707+0000] {logging_mixin.py:190} INFO - [2025-04-09T06:01:33.706+0000] {dag.py:3239} INFO - Sync 1 DAGs
[2025-04-09T06:01:33.725+0000] {logging_mixin.py:190} INFO - [2025-04-09T06:01:33.724+0000] {dag.py:4180} INFO - Setting next_dagrun for weather_data_pipeline to 2025-04-08 00:00:00+00:00, run_after=2025-04-09 00:00:00+00:00
[2025-04-09T06:01:33.741+0000] {processor.py:208} INFO - Processing /opt/airflow/dags/data_pipeline.py took 0.758 seconds
[2025-04-09T06:02:04.334+0000] {processor.py:186} INFO - Started process (PID=42) to work on /opt/airflow/dags/data_pipeline.py
[2025-04-09T06:02:04.335+0000] {processor.py:914} INFO - Processing file /opt/airflow/dags/data_pipeline.py for tasks to queue
[2025-04-09T06:02:04.337+0000] {logging_mixin.py:190} INFO - [2025-04-09T06:02:04.337+0000] {dagbag.py:588} INFO - Filling up the DagBag from /opt/airflow/dags/data_pipeline.py
[2025-04-09T06:02:05.116+0000] {processor.py:925} INFO - DAG(s) 'weather_data_pipeline' retrieved from /opt/airflow/dags/data_pipeline.py
[2025-04-09T06:02:05.146+0000] {logging_mixin.py:190} INFO - [2025-04-09T06:02:05.145+0000] {dag.py:3239} INFO - Sync 1 DAGs
[2025-04-09T06:02:05.168+0000] {logging_mixin.py:190} INFO - [2025-04-09T06:02:05.168+0000] {dag.py:4180} INFO - Setting next_dagrun for weather_data_pipeline to 2025-04-08 00:00:00+00:00, run_after=2025-04-09 00:00:00+00:00
[2025-04-09T06:02:05.185+0000] {processor.py:208} INFO - Processing /opt/airflow/dags/data_pipeline.py took 0.856 seconds
[2025-04-09T06:02:35.764+0000] {processor.py:186} INFO - Started process (PID=44) to work on /opt/airflow/dags/data_pipeline.py
[2025-04-09T06:02:35.765+0000] {processor.py:914} INFO - Processing file /opt/airflow/dags/data_pipeline.py for tasks to queue
[2025-04-09T06:02:35.767+0000] {logging_mixin.py:190} INFO - [2025-04-09T06:02:35.766+0000] {dagbag.py:588} INFO - Filling up the DagBag from /opt/airflow/dags/data_pipeline.py
[2025-04-09T06:02:36.492+0000] {processor.py:925} INFO - DAG(s) 'weather_data_pipeline' retrieved from /opt/airflow/dags/data_pipeline.py
[2025-04-09T06:02:36.516+0000] {logging_mixin.py:190} INFO - [2025-04-09T06:02:36.516+0000] {dag.py:3239} INFO - Sync 1 DAGs
[2025-04-09T06:02:36.535+0000] {logging_mixin.py:190} INFO - [2025-04-09T06:02:36.535+0000] {dag.py:4180} INFO - Setting next_dagrun for weather_data_pipeline to 2025-04-08 00:00:00+00:00, run_after=2025-04-09 00:00:00+00:00
[2025-04-09T06:02:36.549+0000] {processor.py:208} INFO - Processing /opt/airflow/dags/data_pipeline.py took 0.793 seconds
[2025-04-09T06:03:07.331+0000] {processor.py:186} INFO - Started process (PID=46) to work on /opt/airflow/dags/data_pipeline.py
[2025-04-09T06:03:07.332+0000] {processor.py:914} INFO - Processing file /opt/airflow/dags/data_pipeline.py for tasks to queue
[2025-04-09T06:03:07.333+0000] {logging_mixin.py:190} INFO - [2025-04-09T06:03:07.333+0000] {dagbag.py:588} INFO - Filling up the DagBag from /opt/airflow/dags/data_pipeline.py
[2025-04-09T06:03:08.242+0000] {processor.py:925} INFO - DAG(s) 'weather_data_pipeline' retrieved from /opt/airflow/dags/data_pipeline.py
[2025-04-09T06:03:08.270+0000] {logging_mixin.py:190} INFO - [2025-04-09T06:03:08.270+0000] {dag.py:3239} INFO - Sync 1 DAGs
[2025-04-09T06:03:08.292+0000] {logging_mixin.py:190} INFO - [2025-04-09T06:03:08.292+0000] {dag.py:4180} INFO - Setting next_dagrun for weather_data_pipeline to 2025-04-08 00:00:00+00:00, run_after=2025-04-09 00:00:00+00:00
[2025-04-09T06:03:08.310+0000] {processor.py:208} INFO - Processing /opt/airflow/dags/data_pipeline.py took 0.986 seconds
[2025-04-09T06:03:39.302+0000] {processor.py:186} INFO - Started process (PID=48) to work on /opt/airflow/dags/data_pipeline.py
[2025-04-09T06:03:39.302+0000] {processor.py:914} INFO - Processing file /opt/airflow/dags/data_pipeline.py for tasks to queue
[2025-04-09T06:03:39.304+0000] {logging_mixin.py:190} INFO - [2025-04-09T06:03:39.303+0000] {dagbag.py:588} INFO - Filling up the DagBag from /opt/airflow/dags/data_pipeline.py
[2025-04-09T06:03:39.976+0000] {processor.py:925} INFO - DAG(s) 'weather_data_pipeline' retrieved from /opt/airflow/dags/data_pipeline.py
[2025-04-09T06:03:39.999+0000] {logging_mixin.py:190} INFO - [2025-04-09T06:03:39.999+0000] {dag.py:3239} INFO - Sync 1 DAGs
[2025-04-09T06:03:40.018+0000] {logging_mixin.py:190} INFO - [2025-04-09T06:03:40.017+0000] {dag.py:4180} INFO - Setting next_dagrun for weather_data_pipeline to 2025-04-08 00:00:00+00:00, run_after=2025-04-09 00:00:00+00:00
[2025-04-09T06:03:40.032+0000] {processor.py:208} INFO - Processing /opt/airflow/dags/data_pipeline.py took 0.736 seconds
