[2025-04-15T15:32:37.760+0000] {local_task_job_runner.py:123} INFO - ::group::Pre task execution logs
[2025-04-15T15:32:37.775+0000] {taskinstance.py:2614} INFO - Dependencies all met for dep_context=non-requeueable deps ti=<TaskInstance: weather_data_pipeline.openweather_operations.collect_openweather_data manual__2025-04-15T15:32:29.203645+00:00 [queued]>
[2025-04-15T15:32:37.782+0000] {taskinstance.py:2614} INFO - Dependencies all met for dep_context=requeueable deps ti=<TaskInstance: weather_data_pipeline.openweather_operations.collect_openweather_data manual__2025-04-15T15:32:29.203645+00:00 [queued]>
[2025-04-15T15:32:37.782+0000] {taskinstance.py:2867} INFO - Starting attempt 1 of 2
[2025-04-15T15:32:37.792+0000] {taskinstance.py:2890} INFO - Executing <Task(PythonOperator): openweather_operations.collect_openweather_data> on 2025-04-15 15:32:29.203645+00:00
[2025-04-15T15:32:37.796+0000] {standard_task_runner.py:104} INFO - Running: ['airflow', 'tasks', 'run', 'weather_data_pipeline', 'openweather_operations.collect_openweather_data', 'manual__2025-04-15T15:32:29.203645+00:00', '--job-id', '27', '--raw', '--subdir', 'DAGS_FOLDER/data_pipeline.py', '--cfg-path', '/tmp/tmp4p367v0b']
[2025-04-15T15:32:37.798+0000] {standard_task_runner.py:105} INFO - Job 27: Subtask openweather_operations.collect_openweather_data
[2025-04-15T15:32:37.799+0000] {logging_mixin.py:190} WARNING - /home/airflow/.local/lib/python3.12/site-packages/airflow/task/task_runner/standard_task_runner.py:70 DeprecationWarning: This process (pid=1088) is multi-threaded, use of fork() may lead to deadlocks in the child.
[2025-04-15T15:32:37.800+0000] {standard_task_runner.py:72} INFO - Started process 1110 to run task
[2025-04-15T15:32:37.832+0000] {task_command.py:467} INFO - Running <TaskInstance: weather_data_pipeline.openweather_operations.collect_openweather_data manual__2025-04-15T15:32:29.203645+00:00 [running]> on host 9b6a771fafd5
[2025-04-15T15:32:37.893+0000] {taskinstance.py:3134} INFO - Exporting env vars: AIRFLOW_CTX_DAG_OWNER='airflow' AIRFLOW_CTX_DAG_ID='weather_data_pipeline' AIRFLOW_CTX_TASK_ID='openweather_operations.collect_openweather_data' AIRFLOW_CTX_EXECUTION_DATE='2025-04-15T15:32:29.203645+00:00' AIRFLOW_CTX_TRY_NUMBER='1' AIRFLOW_CTX_DAG_RUN_ID='manual__2025-04-15T15:32:29.203645+00:00'
[2025-04-15T15:32:37.894+0000] {taskinstance.py:732} INFO - ::endgroup::
[2025-04-15T15:32:38.859+0000] {logging_mixin.py:190} INFO - Successfully collected data for Riyadh
[2025-04-15T15:32:39.814+0000] {logging_mixin.py:190} INFO - Successfully collected data for Jeddah
[2025-04-15T15:32:40.755+0000] {logging_mixin.py:190} INFO - Successfully collected data for Mecca
[2025-04-15T15:32:41.742+0000] {logging_mixin.py:190} INFO - Successfully collected data for Medina
[2025-04-15T15:32:42.708+0000] {logging_mixin.py:190} INFO - Successfully collected data for Dammam
[2025-04-15T15:32:43.675+0000] {logging_mixin.py:190} INFO - Successfully collected data for Taif
[2025-04-15T15:32:43.675+0000] {python.py:240} INFO - Done. Returned value was: [{'city': 'Riyadh', 'lat': 24.7136, 'lon': 46.6753, 'temperature': 29.439999999999998, 'humidity': 12.0, 'wind_speed': 2.96, 'co': 113.52, 'no2': 2.88, 'o3': 139.14, 'so2': 9.83, 'pm2_5': 25.14, 'pm10': 86.51, 'co2': 0.0, 'methane': 0.0, 'nitrous_oxide': 0.0, 'fluorinated_gases': 0.0, 'timestamp': '2025-04-15 15:32:38'}, {'city': 'Jeddah', 'lat': 21.5433, 'lon': 39.1728, 'temperature': 25.960000000000036, 'humidity': 41.0, 'wind_speed': 8.59, 'co': 116.52, 'no2': 1.0, 'o3': 132.41, 'so2': 2.47, 'pm2_5': 11.42, 'pm10': 44.65, 'co2': 0.0, 'methane': 0.0, 'nitrous_oxide': 0.0, 'fluorinated_gases': 0.0, 'timestamp': '2025-04-15 15:32:39'}, {'city': 'Mecca', 'lat': 21.3891, 'lon': 39.8579, 'temperature': 27.52000000000004, 'humidity': 21.0, 'wind_speed': 4.43, 'co': 122.21, 'no2': 6.2, 'o3': 142.09, 'so2': 19.92, 'pm2_5': 16.45, 'pm10': 53.04, 'co2': 0.0, 'methane': 0.0, 'nitrous_oxide': 0.0, 'fluorinated_gases': 0.0, 'timestamp': '2025-04-15 15:32:40'}, {'city': 'Medina', 'lat': 24.5247, 'lon': 39.5692, 'temperature': 31.510000000000048, 'humidity': 7.0, 'wind_speed': 2.61, 'co': 118.93, 'no2': 5.2, 'o3': 148.38, 'so2': 15.67, 'pm2_5': 13.07, 'pm10': 43.81, 'co2': 0.0, 'methane': 0.0, 'nitrous_oxide': 0.0, 'fluorinated_gases': 0.0, 'timestamp': '2025-04-15 15:32:41'}, {'city': 'Dammam', 'lat': 26.4207, 'lon': 50.0888, 'temperature': 25.480000000000018, 'humidity': 30.0, 'wind_speed': 8.11, 'co': 131.71, 'no2': 8.46, 'o3': 147.53, 'so2': 20.35, 'pm2_5': 49.41, 'pm10': 250.68, 'co2': 0.0, 'methane': 0.0, 'nitrous_oxide': 0.0, 'fluorinated_gases': 0.0, 'timestamp': '2025-04-15 15:31:01'}, {'city': 'Taif', 'lat': 21.4267, 'lon': 40.4833, 'temperature': 24.450000000000045, 'humidity': 9.0, 'wind_speed': 3.51, 'co': 128.13, 'no2': 11.64, 'o3': 152.65, 'so2': 44.77, 'pm2_5': 27.14, 'pm10': 80.97, 'co2': 0.0, 'methane': 0.0, 'nitrous_oxide': 0.0, 'fluorinated_gases': 0.0, 'timestamp': '2025-04-15 15:32:43'}]
[2025-04-15T15:32:43.693+0000] {taskinstance.py:341} INFO - ::group::Post task execution logs
[2025-04-15T15:32:43.694+0000] {taskinstance.py:353} INFO - Marking task as SUCCESS. dag_id=weather_data_pipeline, task_id=openweather_operations.collect_openweather_data, run_id=manual__2025-04-15T15:32:29.203645+00:00, execution_date=20250415T153229, start_date=20250415T153237, end_date=20250415T153243
[2025-04-15T15:32:43.745+0000] {local_task_job_runner.py:266} INFO - Task exited with return code 0
[2025-04-15T15:32:43.768+0000] {taskinstance.py:3901} INFO - 1 downstream tasks scheduled from follow-on schedule check
[2025-04-15T15:32:43.770+0000] {local_task_job_runner.py:245} INFO - ::endgroup::
