[2025-04-15T19:00:04.845+0000] {local_task_job_runner.py:123} INFO - ::group::Pre task execution logs
[2025-04-15T19:00:04.860+0000] {taskinstance.py:2614} INFO - Dependencies all met for dep_context=non-requeueable deps ti=<TaskInstance: weather_data_pipeline.openweather_operations.collect_openweather_data scheduled__2025-04-15T18:00:00+00:00 [queued]>
[2025-04-15T19:00:04.867+0000] {taskinstance.py:2614} INFO - Dependencies all met for dep_context=requeueable deps ti=<TaskInstance: weather_data_pipeline.openweather_operations.collect_openweather_data scheduled__2025-04-15T18:00:00+00:00 [queued]>
[2025-04-15T19:00:04.868+0000] {taskinstance.py:2867} INFO - Starting attempt 1 of 2
[2025-04-15T19:00:04.876+0000] {taskinstance.py:2890} INFO - Executing <Task(PythonOperator): openweather_operations.collect_openweather_data> on 2025-04-15 18:00:00+00:00
[2025-04-15T19:00:04.881+0000] {standard_task_runner.py:104} INFO - Running: ['airflow', 'tasks', 'run', 'weather_data_pipeline', 'openweather_operations.collect_openweather_data', 'scheduled__2025-04-15T18:00:00+00:00', '--job-id', '61', '--raw', '--subdir', 'DAGS_FOLDER/data_pipeline.py', '--cfg-path', '/tmp/tmp7r_gw8tx']
[2025-04-15T19:00:04.883+0000] {standard_task_runner.py:105} INFO - Job 61: Subtask openweather_operations.collect_openweather_data
[2025-04-15T19:00:04.884+0000] {logging_mixin.py:190} WARNING - /home/airflow/.local/lib/python3.12/site-packages/airflow/task/task_runner/standard_task_runner.py:70 DeprecationWarning: This process (pid=472) is multi-threaded, use of fork() may lead to deadlocks in the child.
[2025-04-15T19:00:04.885+0000] {standard_task_runner.py:72} INFO - Started process 494 to run task
[2025-04-15T19:00:04.919+0000] {task_command.py:467} INFO - Running <TaskInstance: weather_data_pipeline.openweather_operations.collect_openweather_data scheduled__2025-04-15T18:00:00+00:00 [running]> on host 8e2c8626a9ef
[2025-04-15T19:00:04.976+0000] {taskinstance.py:3134} INFO - Exporting env vars: AIRFLOW_CTX_DAG_OWNER='airflow' AIRFLOW_CTX_DAG_ID='weather_data_pipeline' AIRFLOW_CTX_TASK_ID='openweather_operations.collect_openweather_data' AIRFLOW_CTX_EXECUTION_DATE='2025-04-15T18:00:00+00:00' AIRFLOW_CTX_TRY_NUMBER='1' AIRFLOW_CTX_DAG_RUN_ID='scheduled__2025-04-15T18:00:00+00:00'
[2025-04-15T19:00:04.977+0000] {taskinstance.py:732} INFO - ::endgroup::
[2025-04-15T19:00:05.966+0000] {logging_mixin.py:190} INFO - Successfully collected data for Riyadh
[2025-04-15T19:00:06.971+0000] {logging_mixin.py:190} INFO - Successfully collected data for Jeddah
[2025-04-15T19:00:07.914+0000] {logging_mixin.py:190} INFO - Successfully collected data for Mecca
[2025-04-15T19:00:08.879+0000] {logging_mixin.py:190} INFO - Successfully collected data for Medina
[2025-04-15T19:00:09.862+0000] {logging_mixin.py:190} INFO - Successfully collected data for Dammam
[2025-04-15T19:00:10.864+0000] {logging_mixin.py:190} INFO - Successfully collected data for Taif
[2025-04-15T19:00:10.864+0000] {python.py:240} INFO - Done. Returned value was: [{'city': 'Riyadh', 'lat': 24.7136, 'lon': 46.6753, 'temperature': 25.970000000000027, 'humidity': 15.0, 'wind_speed': 4.34, 'co': 121.04, 'no2': 4.25, 'o3': 114.36, 'so2': 11.15, 'pm2_5': 29.96, 'pm10': 115.08, 'co2': 0.0, 'methane': 0.0, 'nitrous_oxide': 0.0, 'fluorinated_gases': 0.0, 'timestamp': '2025-04-15 19:00:06'}, {'city': 'Jeddah', 'lat': 21.5433, 'lon': 39.1728, 'temperature': 25.189999999999998, 'humidity': 48.0, 'wind_speed': 8.93, 'co': 116.95, 'no2': 1.17, 'o3': 128.49, 'so2': 1.95, 'pm2_5': 10.28, 'pm10': 42.28, 'co2': 0.0, 'methane': 0.0, 'nitrous_oxide': 0.0, 'fluorinated_gases': 0.0, 'timestamp': '2025-04-15 19:00:07'}, {'city': 'Mecca', 'lat': 21.3891, 'lon': 39.8579, 'temperature': 23.75, 'humidity': 32.0, 'wind_speed': 4.57, 'co': 125.47, 'no2': 6.9, 'o3': 130.74, 'so2': 29.98, 'pm2_5': 16.42, 'pm10': 53.09, 'co2': 0.0, 'methane': 0.0, 'nitrous_oxide': 0.0, 'fluorinated_gases': 0.0, 'timestamp': '2025-04-15 19:00:01'}, {'city': 'Medina', 'lat': 24.5247, 'lon': 39.5692, 'temperature': 28.930000000000007, 'humidity': 10.0, 'wind_speed': 1.9, 'co': 123.23, 'no2': 5.68, 'o3': 114.83, 'so2': 11.4, 'pm2_5': 10.0, 'pm10': 38.52, 'co2': 0.0, 'methane': 0.0, 'nitrous_oxide': 0.0, 'fluorinated_gases': 0.0, 'timestamp': '2025-04-15 19:00:09'}, {'city': 'Dammam', 'lat': 26.4207, 'lon': 50.0888, 'temperature': 25.08000000000004, 'humidity': 36.0, 'wind_speed': 7.81, 'co': 137.61, 'no2': 7.48, 'o3': 133.27, 'so2': 22.94, 'pm2_5': 37.81, 'pm10': 170.84, 'co2': 0.0, 'methane': 0.0, 'nitrous_oxide': 0.0, 'fluorinated_gases': 0.0, 'timestamp': '2025-04-15 18:57:15'}, {'city': 'Taif', 'lat': 21.4267, 'lon': 40.4833, 'temperature': 23.480000000000018, 'humidity': 12.0, 'wind_speed': 1.73, 'co': 138.32, 'no2': 12.07, 'o3': 128.01, 'so2': 64.18, 'pm2_5': 25.4, 'pm10': 73.3, 'co2': 0.0, 'methane': 0.0, 'nitrous_oxide': 0.0, 'fluorinated_gases': 0.0, 'timestamp': '2025-04-15 19:00:11'}]
[2025-04-15T19:00:10.882+0000] {taskinstance.py:341} INFO - ::group::Post task execution logs
[2025-04-15T19:00:10.883+0000] {taskinstance.py:353} INFO - Marking task as SUCCESS. dag_id=weather_data_pipeline, task_id=openweather_operations.collect_openweather_data, run_id=scheduled__2025-04-15T18:00:00+00:00, execution_date=20250415T180000, start_date=20250415T190004, end_date=20250415T190010
[2025-04-15T19:00:10.921+0000] {local_task_job_runner.py:266} INFO - Task exited with return code 0
[2025-04-15T19:00:10.938+0000] {taskinstance.py:3901} INFO - 1 downstream tasks scheduled from follow-on schedule check
[2025-04-15T19:00:10.939+0000] {local_task_job_runner.py:245} INFO - ::endgroup::
