[2025-04-22T16:38:00.393+0000] {local_task_job_runner.py:123} INFO - ::group::Pre task execution logs
[2025-04-22T16:38:00.404+0000] {taskinstance.py:2614} INFO - Dependencies all met for dep_context=non-requeueable deps ti=<TaskInstance: weather_data_pipeline.openweather_operations.collect_openweather_data scheduled__2025-04-22T15:00:00+00:00 [queued]>
[2025-04-22T16:38:00.410+0000] {taskinstance.py:2614} INFO - Dependencies all met for dep_context=requeueable deps ti=<TaskInstance: weather_data_pipeline.openweather_operations.collect_openweather_data scheduled__2025-04-22T15:00:00+00:00 [queued]>
[2025-04-22T16:38:00.410+0000] {taskinstance.py:2867} INFO - Starting attempt 1 of 2
[2025-04-22T16:38:00.418+0000] {taskinstance.py:2890} INFO - Executing <Task(PythonOperator): openweather_operations.collect_openweather_data> on 2025-04-22 15:00:00+00:00
[2025-04-22T16:38:00.422+0000] {standard_task_runner.py:104} INFO - Running: ['airflow', 'tasks', 'run', 'weather_data_pipeline', 'openweather_operations.collect_openweather_data', 'scheduled__2025-04-22T15:00:00+00:00', '--job-id', '216', '--raw', '--subdir', 'DAGS_FOLDER/data_pipeline.py', '--cfg-path', '/tmp/tmpyf3zf7f0']
[2025-04-22T16:38:00.424+0000] {standard_task_runner.py:105} INFO - Job 216: Subtask openweather_operations.collect_openweather_data
[2025-04-22T16:38:00.425+0000] {logging_mixin.py:190} WARNING - /home/airflow/.local/lib/python3.12/site-packages/airflow/task/task_runner/standard_task_runner.py:70 DeprecationWarning: This process (pid=114) is multi-threaded, use of fork() may lead to deadlocks in the child.
[2025-04-22T16:38:00.425+0000] {standard_task_runner.py:72} INFO - Started process 136 to run task
[2025-04-22T16:38:00.451+0000] {task_command.py:467} INFO - Running <TaskInstance: weather_data_pipeline.openweather_operations.collect_openweather_data scheduled__2025-04-22T15:00:00+00:00 [running]> on host 8e2c8626a9ef
[2025-04-22T16:38:00.497+0000] {taskinstance.py:3134} INFO - Exporting env vars: AIRFLOW_CTX_DAG_OWNER='airflow' AIRFLOW_CTX_DAG_ID='weather_data_pipeline' AIRFLOW_CTX_TASK_ID='openweather_operations.collect_openweather_data' AIRFLOW_CTX_EXECUTION_DATE='2025-04-22T15:00:00+00:00' AIRFLOW_CTX_TRY_NUMBER='1' AIRFLOW_CTX_DAG_RUN_ID='scheduled__2025-04-22T15:00:00+00:00'
[2025-04-22T16:38:00.498+0000] {taskinstance.py:732} INFO - ::endgroup::
[2025-04-22T16:38:01.371+0000] {logging_mixin.py:190} INFO - Successfully collected data for Riyadh
[2025-04-22T16:38:02.182+0000] {logging_mixin.py:190} INFO - Successfully collected data for Jeddah
[2025-04-22T16:38:03.021+0000] {logging_mixin.py:190} INFO - Successfully collected data for Mecca
[2025-04-22T16:38:03.842+0000] {logging_mixin.py:190} INFO - Successfully collected data for Medina
[2025-04-22T16:38:04.675+0000] {logging_mixin.py:190} INFO - Successfully collected data for Dammam
[2025-04-22T16:38:05.514+0000] {logging_mixin.py:190} INFO - Successfully collected data for Taif
[2025-04-22T16:38:05.515+0000] {python.py:240} INFO - Done. Returned value was: [{'city': 'Riyadh', 'lat': 24.7136, 'lon': 46.6753, 'temperature': 35.02000000000004, 'humidity': 13.0, 'wind_speed': 2.37, 'co': 100.39, 'no2': 0.68, 'o3': 74.28, 'so2': 0.61, 'pm2_5': 37.57, 'pm10': 137.27, 'co2': 0.0, 'methane': 0.0, 'nitrous_oxide': 0.0, 'fluorinated_gases': 0.0, 'timestamp': '2025-04-22 16:36:19'}, {'city': 'Jeddah', 'lat': 21.5433, 'lon': 39.1728, 'temperature': 29.620000000000005, 'humidity': 51.0, 'wind_speed': 1.88, 'co': 103.89, 'no2': 2.49, 'o3': 124.13, 'so2': 4.89, 'pm2_5': 25.43, 'pm10': 63.76, 'co2': 0.0, 'methane': 0.0, 'nitrous_oxide': 0.0, 'fluorinated_gases': 0.0, 'timestamp': '2025-04-22 16:37:51'}, {'city': 'Mecca', 'lat': 21.3891, 'lon': 39.8579, 'temperature': 31.660000000000025, 'humidity': 25.0, 'wind_speed': 2.8, 'co': 114.84, 'no2': 4.12, 'o3': 141.85, 'so2': 12.75, 'pm2_5': 49.4, 'pm10': 92.33, 'co2': 0.0, 'methane': 0.0, 'nitrous_oxide': 0.0, 'fluorinated_gases': 0.0, 'timestamp': '2025-04-22 16:37:52'}, {'city': 'Medina', 'lat': 24.5247, 'lon': 39.5692, 'temperature': 33.31, 'humidity': 6.0, 'wind_speed': 2.58, 'co': 113.78, 'no2': 3.29, 'o3': 143.66, 'so2': 11.19, 'pm2_5': 25.4, 'pm10': 60.28, 'co2': 0.0, 'methane': 0.0, 'nitrous_oxide': 0.0, 'fluorinated_gases': 0.0, 'timestamp': '2025-04-22 16:37:53'}, {'city': 'Dammam', 'lat': 26.4207, 'lon': 50.0888, 'temperature': 29.430000000000007, 'humidity': 43.0, 'wind_speed': 9.57, 'co': 129.39, 'no2': 4.84, 'o3': 92.79, 'so2': 2.6, 'pm2_5': 67.61, 'pm10': 284.74, 'co2': 0.0, 'methane': 0.0, 'nitrous_oxide': 0.0, 'fluorinated_gases': 0.0, 'timestamp': '2025-04-22 16:37:54'}, {'city': 'Taif', 'lat': 21.4267, 'lon': 40.4833, 'temperature': 25.53000000000003, 'humidity': 35.0, 'wind_speed': 2.62, 'co': 126.18, 'no2': 5.21, 'o3': 136.4, 'so2': 10.29, 'pm2_5': 54.64, 'pm10': 103.99, 'co2': 0.0, 'methane': 0.0, 'nitrous_oxide': 0.0, 'fluorinated_gases': 0.0, 'timestamp': '2025-04-22 16:37:55'}]
[2025-04-22T16:38:05.530+0000] {taskinstance.py:341} INFO - ::group::Post task execution logs
[2025-04-22T16:38:05.531+0000] {taskinstance.py:353} INFO - Marking task as SUCCESS. dag_id=weather_data_pipeline, task_id=openweather_operations.collect_openweather_data, run_id=scheduled__2025-04-22T15:00:00+00:00, execution_date=20250422T150000, start_date=20250422T163800, end_date=20250422T163805
[2025-04-22T16:38:05.566+0000] {local_task_job_runner.py:266} INFO - Task exited with return code 0
[2025-04-22T16:38:05.581+0000] {taskinstance.py:3901} INFO - 1 downstream tasks scheduled from follow-on schedule check
[2025-04-22T16:38:05.582+0000] {local_task_job_runner.py:245} INFO - ::endgroup::
