[2025-04-20T19:36:02.878+0000] {processor.py:186} INFO - Started process (PID=41) to work on /opt/airflow/dags/data_pipeline.py
[2025-04-20T19:36:02.879+0000] {processor.py:914} INFO - Processing file /opt/airflow/dags/data_pipeline.py for tasks to queue
[2025-04-20T19:36:02.879+0000] {logging_mixin.py:190} INFO - [2025-04-20T19:36:02.879+0000] {dagbag.py:588} INFO - Filling up the DagBag from /opt/airflow/dags/data_pipeline.py
[2025-04-20T19:36:03.788+0000] {processor.py:925} INFO - DAG(s) 'weather_data_pipeline' retrieved from /opt/airflow/dags/data_pipeline.py
[2025-04-20T19:36:03.956+0000] {logging_mixin.py:190} INFO - [2025-04-20T19:36:03.956+0000] {dag.py:3239} INFO - Sync 1 DAGs
[2025-04-20T19:36:03.973+0000] {logging_mixin.py:190} INFO - [2025-04-20T19:36:03.973+0000] {dag.py:4180} INFO - Setting next_dagrun for weather_data_pipeline to 2025-04-20 18:00:00+00:00, run_after=2025-04-20 19:00:00+00:00
[2025-04-20T19:36:03.985+0000] {processor.py:208} INFO - Processing /opt/airflow/dags/data_pipeline.py took 1.110 seconds
[2025-04-20T19:36:34.039+0000] {processor.py:186} INFO - Started process (PID=209) to work on /opt/airflow/dags/data_pipeline.py
[2025-04-20T19:36:34.040+0000] {processor.py:914} INFO - Processing file /opt/airflow/dags/data_pipeline.py for tasks to queue
[2025-04-20T19:36:34.041+0000] {logging_mixin.py:190} INFO - [2025-04-20T19:36:34.040+0000] {dagbag.py:588} INFO - Filling up the DagBag from /opt/airflow/dags/data_pipeline.py
[2025-04-20T19:36:34.480+0000] {processor.py:925} INFO - DAG(s) 'weather_data_pipeline' retrieved from /opt/airflow/dags/data_pipeline.py
[2025-04-20T19:36:34.496+0000] {logging_mixin.py:190} INFO - [2025-04-20T19:36:34.496+0000] {dag.py:3239} INFO - Sync 1 DAGs
[2025-04-20T19:36:34.510+0000] {logging_mixin.py:190} INFO - [2025-04-20T19:36:34.510+0000] {dag.py:4180} INFO - Setting next_dagrun for weather_data_pipeline to 2025-04-20 19:00:00+00:00, run_after=2025-04-20 20:00:00+00:00
[2025-04-20T19:36:34.522+0000] {processor.py:208} INFO - Processing /opt/airflow/dags/data_pipeline.py took 0.486 seconds
[2025-04-20T19:37:04.655+0000] {processor.py:186} INFO - Started process (PID=404) to work on /opt/airflow/dags/data_pipeline.py
[2025-04-20T19:37:04.655+0000] {processor.py:914} INFO - Processing file /opt/airflow/dags/data_pipeline.py for tasks to queue
[2025-04-20T19:37:04.656+0000] {logging_mixin.py:190} INFO - [2025-04-20T19:37:04.656+0000] {dagbag.py:588} INFO - Filling up the DagBag from /opt/airflow/dags/data_pipeline.py
[2025-04-20T19:37:05.071+0000] {processor.py:925} INFO - DAG(s) 'weather_data_pipeline' retrieved from /opt/airflow/dags/data_pipeline.py
[2025-04-20T19:37:05.086+0000] {logging_mixin.py:190} INFO - [2025-04-20T19:37:05.086+0000] {dag.py:3239} INFO - Sync 1 DAGs
[2025-04-20T19:37:05.098+0000] {logging_mixin.py:190} INFO - [2025-04-20T19:37:05.098+0000] {dag.py:4180} INFO - Setting next_dagrun for weather_data_pipeline to 2025-04-20 19:00:00+00:00, run_after=2025-04-20 20:00:00+00:00
[2025-04-20T19:37:05.109+0000] {processor.py:208} INFO - Processing /opt/airflow/dags/data_pipeline.py took 0.457 seconds
[2025-04-20T19:37:35.258+0000] {processor.py:186} INFO - Started process (PID=406) to work on /opt/airflow/dags/data_pipeline.py
[2025-04-20T19:37:35.259+0000] {processor.py:914} INFO - Processing file /opt/airflow/dags/data_pipeline.py for tasks to queue
[2025-04-20T19:37:35.260+0000] {logging_mixin.py:190} INFO - [2025-04-20T19:37:35.259+0000] {dagbag.py:588} INFO - Filling up the DagBag from /opt/airflow/dags/data_pipeline.py
[2025-04-20T19:37:35.696+0000] {processor.py:925} INFO - DAG(s) 'weather_data_pipeline' retrieved from /opt/airflow/dags/data_pipeline.py
[2025-04-20T19:37:35.713+0000] {logging_mixin.py:190} INFO - [2025-04-20T19:37:35.713+0000] {dag.py:3239} INFO - Sync 1 DAGs
[2025-04-20T19:37:35.727+0000] {logging_mixin.py:190} INFO - [2025-04-20T19:37:35.726+0000] {dag.py:4180} INFO - Setting next_dagrun for weather_data_pipeline to 2025-04-20 19:00:00+00:00, run_after=2025-04-20 20:00:00+00:00
[2025-04-20T19:37:35.739+0000] {processor.py:208} INFO - Processing /opt/airflow/dags/data_pipeline.py took 0.483 seconds
[2025-04-20T19:38:05.893+0000] {processor.py:186} INFO - Started process (PID=408) to work on /opt/airflow/dags/data_pipeline.py
[2025-04-20T19:38:05.894+0000] {processor.py:914} INFO - Processing file /opt/airflow/dags/data_pipeline.py for tasks to queue
[2025-04-20T19:38:05.894+0000] {logging_mixin.py:190} INFO - [2025-04-20T19:38:05.894+0000] {dagbag.py:588} INFO - Filling up the DagBag from /opt/airflow/dags/data_pipeline.py
[2025-04-20T19:38:06.377+0000] {processor.py:925} INFO - DAG(s) 'weather_data_pipeline' retrieved from /opt/airflow/dags/data_pipeline.py
[2025-04-20T19:38:06.393+0000] {logging_mixin.py:190} INFO - [2025-04-20T19:38:06.393+0000] {dag.py:3239} INFO - Sync 1 DAGs
[2025-04-20T19:38:06.406+0000] {logging_mixin.py:190} INFO - [2025-04-20T19:38:06.406+0000] {dag.py:4180} INFO - Setting next_dagrun for weather_data_pipeline to 2025-04-20 19:00:00+00:00, run_after=2025-04-20 20:00:00+00:00
[2025-04-20T19:38:06.416+0000] {processor.py:208} INFO - Processing /opt/airflow/dags/data_pipeline.py took 0.526 seconds
[2025-04-20T19:38:36.547+0000] {processor.py:186} INFO - Started process (PID=410) to work on /opt/airflow/dags/data_pipeline.py
[2025-04-20T19:38:36.547+0000] {processor.py:914} INFO - Processing file /opt/airflow/dags/data_pipeline.py for tasks to queue
[2025-04-20T19:38:36.548+0000] {logging_mixin.py:190} INFO - [2025-04-20T19:38:36.548+0000] {dagbag.py:588} INFO - Filling up the DagBag from /opt/airflow/dags/data_pipeline.py
[2025-04-20T19:38:36.954+0000] {processor.py:925} INFO - DAG(s) 'weather_data_pipeline' retrieved from /opt/airflow/dags/data_pipeline.py
[2025-04-20T19:38:36.970+0000] {logging_mixin.py:190} INFO - [2025-04-20T19:38:36.969+0000] {dag.py:3239} INFO - Sync 1 DAGs
[2025-04-20T19:38:36.983+0000] {logging_mixin.py:190} INFO - [2025-04-20T19:38:36.982+0000] {dag.py:4180} INFO - Setting next_dagrun for weather_data_pipeline to 2025-04-20 19:00:00+00:00, run_after=2025-04-20 20:00:00+00:00
[2025-04-20T19:38:36.994+0000] {processor.py:208} INFO - Processing /opt/airflow/dags/data_pipeline.py took 0.450 seconds
[2025-04-20T19:39:07.145+0000] {processor.py:186} INFO - Started process (PID=412) to work on /opt/airflow/dags/data_pipeline.py
[2025-04-20T19:39:07.145+0000] {processor.py:914} INFO - Processing file /opt/airflow/dags/data_pipeline.py for tasks to queue
[2025-04-20T19:39:07.146+0000] {logging_mixin.py:190} INFO - [2025-04-20T19:39:07.146+0000] {dagbag.py:588} INFO - Filling up the DagBag from /opt/airflow/dags/data_pipeline.py
[2025-04-20T19:39:07.557+0000] {processor.py:925} INFO - DAG(s) 'weather_data_pipeline' retrieved from /opt/airflow/dags/data_pipeline.py
[2025-04-20T19:39:07.571+0000] {logging_mixin.py:190} INFO - [2025-04-20T19:39:07.571+0000] {dag.py:3239} INFO - Sync 1 DAGs
[2025-04-20T19:39:07.584+0000] {logging_mixin.py:190} INFO - [2025-04-20T19:39:07.583+0000] {dag.py:4180} INFO - Setting next_dagrun for weather_data_pipeline to 2025-04-20 19:00:00+00:00, run_after=2025-04-20 20:00:00+00:00
[2025-04-20T19:39:07.593+0000] {processor.py:208} INFO - Processing /opt/airflow/dags/data_pipeline.py took 0.452 seconds
[2025-04-20T19:39:37.748+0000] {processor.py:186} INFO - Started process (PID=414) to work on /opt/airflow/dags/data_pipeline.py
[2025-04-20T19:39:37.749+0000] {processor.py:914} INFO - Processing file /opt/airflow/dags/data_pipeline.py for tasks to queue
[2025-04-20T19:39:37.750+0000] {logging_mixin.py:190} INFO - [2025-04-20T19:39:37.750+0000] {dagbag.py:588} INFO - Filling up the DagBag from /opt/airflow/dags/data_pipeline.py
[2025-04-20T19:39:38.145+0000] {processor.py:925} INFO - DAG(s) 'weather_data_pipeline' retrieved from /opt/airflow/dags/data_pipeline.py
[2025-04-20T19:39:38.159+0000] {logging_mixin.py:190} INFO - [2025-04-20T19:39:38.159+0000] {dag.py:3239} INFO - Sync 1 DAGs
[2025-04-20T19:39:38.172+0000] {logging_mixin.py:190} INFO - [2025-04-20T19:39:38.172+0000] {dag.py:4180} INFO - Setting next_dagrun for weather_data_pipeline to 2025-04-20 19:00:00+00:00, run_after=2025-04-20 20:00:00+00:00
[2025-04-20T19:39:38.182+0000] {processor.py:208} INFO - Processing /opt/airflow/dags/data_pipeline.py took 0.437 seconds
[2025-04-20T19:40:08.331+0000] {processor.py:186} INFO - Started process (PID=416) to work on /opt/airflow/dags/data_pipeline.py
[2025-04-20T19:40:08.331+0000] {processor.py:914} INFO - Processing file /opt/airflow/dags/data_pipeline.py for tasks to queue
[2025-04-20T19:40:08.332+0000] {logging_mixin.py:190} INFO - [2025-04-20T19:40:08.332+0000] {dagbag.py:588} INFO - Filling up the DagBag from /opt/airflow/dags/data_pipeline.py
[2025-04-20T19:40:08.754+0000] {processor.py:925} INFO - DAG(s) 'weather_data_pipeline' retrieved from /opt/airflow/dags/data_pipeline.py
[2025-04-20T19:40:08.771+0000] {logging_mixin.py:190} INFO - [2025-04-20T19:40:08.771+0000] {dag.py:3239} INFO - Sync 1 DAGs
[2025-04-20T19:40:08.785+0000] {logging_mixin.py:190} INFO - [2025-04-20T19:40:08.784+0000] {dag.py:4180} INFO - Setting next_dagrun for weather_data_pipeline to 2025-04-20 19:00:00+00:00, run_after=2025-04-20 20:00:00+00:00
[2025-04-20T19:40:08.795+0000] {processor.py:208} INFO - Processing /opt/airflow/dags/data_pipeline.py took 0.468 seconds
[2025-04-20T19:40:38.947+0000] {processor.py:186} INFO - Started process (PID=418) to work on /opt/airflow/dags/data_pipeline.py
[2025-04-20T19:40:38.947+0000] {processor.py:914} INFO - Processing file /opt/airflow/dags/data_pipeline.py for tasks to queue
[2025-04-20T19:40:38.948+0000] {logging_mixin.py:190} INFO - [2025-04-20T19:40:38.948+0000] {dagbag.py:588} INFO - Filling up the DagBag from /opt/airflow/dags/data_pipeline.py
[2025-04-20T19:40:39.380+0000] {processor.py:925} INFO - DAG(s) 'weather_data_pipeline' retrieved from /opt/airflow/dags/data_pipeline.py
[2025-04-20T19:40:39.397+0000] {logging_mixin.py:190} INFO - [2025-04-20T19:40:39.396+0000] {dag.py:3239} INFO - Sync 1 DAGs
[2025-04-20T19:40:39.411+0000] {logging_mixin.py:190} INFO - [2025-04-20T19:40:39.411+0000] {dag.py:4180} INFO - Setting next_dagrun for weather_data_pipeline to 2025-04-20 19:00:00+00:00, run_after=2025-04-20 20:00:00+00:00
[2025-04-20T19:40:39.423+0000] {processor.py:208} INFO - Processing /opt/airflow/dags/data_pipeline.py took 0.480 seconds
[2025-04-20T19:41:09.574+0000] {processor.py:186} INFO - Started process (PID=420) to work on /opt/airflow/dags/data_pipeline.py
[2025-04-20T19:41:09.575+0000] {processor.py:914} INFO - Processing file /opt/airflow/dags/data_pipeline.py for tasks to queue
[2025-04-20T19:41:09.575+0000] {logging_mixin.py:190} INFO - [2025-04-20T19:41:09.575+0000] {dagbag.py:588} INFO - Filling up the DagBag from /opt/airflow/dags/data_pipeline.py
[2025-04-20T19:41:09.976+0000] {processor.py:925} INFO - DAG(s) 'weather_data_pipeline' retrieved from /opt/airflow/dags/data_pipeline.py
[2025-04-20T19:41:09.989+0000] {logging_mixin.py:190} INFO - [2025-04-20T19:41:09.989+0000] {dag.py:3239} INFO - Sync 1 DAGs
[2025-04-20T19:41:10.001+0000] {logging_mixin.py:190} INFO - [2025-04-20T19:41:10.001+0000] {dag.py:4180} INFO - Setting next_dagrun for weather_data_pipeline to 2025-04-20 19:00:00+00:00, run_after=2025-04-20 20:00:00+00:00
[2025-04-20T19:41:10.010+0000] {processor.py:208} INFO - Processing /opt/airflow/dags/data_pipeline.py took 0.439 seconds
[2025-04-20T19:41:40.179+0000] {processor.py:186} INFO - Started process (PID=422) to work on /opt/airflow/dags/data_pipeline.py
[2025-04-20T19:41:40.179+0000] {processor.py:914} INFO - Processing file /opt/airflow/dags/data_pipeline.py for tasks to queue
[2025-04-20T19:41:40.180+0000] {logging_mixin.py:190} INFO - [2025-04-20T19:41:40.180+0000] {dagbag.py:588} INFO - Filling up the DagBag from /opt/airflow/dags/data_pipeline.py
[2025-04-20T19:41:40.724+0000] {processor.py:925} INFO - DAG(s) 'weather_data_pipeline' retrieved from /opt/airflow/dags/data_pipeline.py
[2025-04-20T19:41:40.741+0000] {logging_mixin.py:190} INFO - [2025-04-20T19:41:40.740+0000] {dag.py:3239} INFO - Sync 1 DAGs
[2025-04-20T19:41:40.756+0000] {logging_mixin.py:190} INFO - [2025-04-20T19:41:40.756+0000] {dag.py:4180} INFO - Setting next_dagrun for weather_data_pipeline to 2025-04-20 19:00:00+00:00, run_after=2025-04-20 20:00:00+00:00
[2025-04-20T19:41:40.771+0000] {processor.py:208} INFO - Processing /opt/airflow/dags/data_pipeline.py took 0.596 seconds
[2025-04-20T19:42:10.893+0000] {processor.py:186} INFO - Started process (PID=472) to work on /opt/airflow/dags/data_pipeline.py
[2025-04-20T19:42:10.894+0000] {processor.py:914} INFO - Processing file /opt/airflow/dags/data_pipeline.py for tasks to queue
[2025-04-20T19:42:10.895+0000] {logging_mixin.py:190} INFO - [2025-04-20T19:42:10.894+0000] {dagbag.py:588} INFO - Filling up the DagBag from /opt/airflow/dags/data_pipeline.py
[2025-04-20T19:42:11.307+0000] {processor.py:925} INFO - DAG(s) 'weather_data_pipeline' retrieved from /opt/airflow/dags/data_pipeline.py
[2025-04-20T19:42:11.322+0000] {logging_mixin.py:190} INFO - [2025-04-20T19:42:11.321+0000] {dag.py:3239} INFO - Sync 1 DAGs
[2025-04-20T19:42:11.335+0000] {logging_mixin.py:190} INFO - [2025-04-20T19:42:11.335+0000] {dag.py:4180} INFO - Setting next_dagrun for weather_data_pipeline to 2025-04-20 19:00:00+00:00, run_after=2025-04-20 20:00:00+00:00
[2025-04-20T19:42:11.347+0000] {processor.py:208} INFO - Processing /opt/airflow/dags/data_pipeline.py took 0.460 seconds
[2025-04-20T19:42:41.511+0000] {processor.py:186} INFO - Started process (PID=474) to work on /opt/airflow/dags/data_pipeline.py
[2025-04-20T19:42:41.512+0000] {processor.py:914} INFO - Processing file /opt/airflow/dags/data_pipeline.py for tasks to queue
[2025-04-20T19:42:41.514+0000] {logging_mixin.py:190} INFO - [2025-04-20T19:42:41.513+0000] {dagbag.py:588} INFO - Filling up the DagBag from /opt/airflow/dags/data_pipeline.py
[2025-04-20T19:42:41.956+0000] {processor.py:925} INFO - DAG(s) 'weather_data_pipeline' retrieved from /opt/airflow/dags/data_pipeline.py
[2025-04-20T19:42:41.973+0000] {logging_mixin.py:190} INFO - [2025-04-20T19:42:41.972+0000] {dag.py:3239} INFO - Sync 1 DAGs
[2025-04-20T19:42:41.987+0000] {logging_mixin.py:190} INFO - [2025-04-20T19:42:41.987+0000] {dag.py:4180} INFO - Setting next_dagrun for weather_data_pipeline to 2025-04-20 19:00:00+00:00, run_after=2025-04-20 20:00:00+00:00
[2025-04-20T19:42:41.998+0000] {processor.py:208} INFO - Processing /opt/airflow/dags/data_pipeline.py took 0.490 seconds
[2025-04-20T19:43:12.157+0000] {processor.py:186} INFO - Started process (PID=476) to work on /opt/airflow/dags/data_pipeline.py
[2025-04-20T19:43:12.158+0000] {processor.py:914} INFO - Processing file /opt/airflow/dags/data_pipeline.py for tasks to queue
[2025-04-20T19:43:12.158+0000] {logging_mixin.py:190} INFO - [2025-04-20T19:43:12.158+0000] {dagbag.py:588} INFO - Filling up the DagBag from /opt/airflow/dags/data_pipeline.py
[2025-04-20T19:43:12.577+0000] {processor.py:925} INFO - DAG(s) 'weather_data_pipeline' retrieved from /opt/airflow/dags/data_pipeline.py
[2025-04-20T19:43:12.596+0000] {logging_mixin.py:190} INFO - [2025-04-20T19:43:12.595+0000] {dag.py:3239} INFO - Sync 1 DAGs
[2025-04-20T19:43:12.609+0000] {logging_mixin.py:190} INFO - [2025-04-20T19:43:12.609+0000] {dag.py:4180} INFO - Setting next_dagrun for weather_data_pipeline to 2025-04-20 19:00:00+00:00, run_after=2025-04-20 20:00:00+00:00
[2025-04-20T19:43:12.621+0000] {processor.py:208} INFO - Processing /opt/airflow/dags/data_pipeline.py took 0.468 seconds
[2025-04-20T19:43:42.809+0000] {processor.py:186} INFO - Started process (PID=478) to work on /opt/airflow/dags/data_pipeline.py
[2025-04-20T19:43:42.809+0000] {processor.py:914} INFO - Processing file /opt/airflow/dags/data_pipeline.py for tasks to queue
[2025-04-20T19:43:42.810+0000] {logging_mixin.py:190} INFO - [2025-04-20T19:43:42.810+0000] {dagbag.py:588} INFO - Filling up the DagBag from /opt/airflow/dags/data_pipeline.py
[2025-04-20T19:43:43.220+0000] {processor.py:925} INFO - DAG(s) 'weather_data_pipeline' retrieved from /opt/airflow/dags/data_pipeline.py
[2025-04-20T19:43:43.234+0000] {logging_mixin.py:190} INFO - [2025-04-20T19:43:43.234+0000] {dag.py:3239} INFO - Sync 1 DAGs
[2025-04-20T19:43:43.246+0000] {logging_mixin.py:190} INFO - [2025-04-20T19:43:43.246+0000] {dag.py:4180} INFO - Setting next_dagrun for weather_data_pipeline to 2025-04-20 19:00:00+00:00, run_after=2025-04-20 20:00:00+00:00
[2025-04-20T19:43:43.256+0000] {processor.py:208} INFO - Processing /opt/airflow/dags/data_pipeline.py took 0.450 seconds
[2025-04-20T19:44:13.407+0000] {processor.py:186} INFO - Started process (PID=480) to work on /opt/airflow/dags/data_pipeline.py
[2025-04-20T19:44:13.407+0000] {processor.py:914} INFO - Processing file /opt/airflow/dags/data_pipeline.py for tasks to queue
[2025-04-20T19:44:13.408+0000] {logging_mixin.py:190} INFO - [2025-04-20T19:44:13.408+0000] {dagbag.py:588} INFO - Filling up the DagBag from /opt/airflow/dags/data_pipeline.py
[2025-04-20T19:44:13.865+0000] {processor.py:925} INFO - DAG(s) 'weather_data_pipeline' retrieved from /opt/airflow/dags/data_pipeline.py
[2025-04-20T19:44:13.881+0000] {logging_mixin.py:190} INFO - [2025-04-20T19:44:13.881+0000] {dag.py:3239} INFO - Sync 1 DAGs
[2025-04-20T19:44:13.894+0000] {logging_mixin.py:190} INFO - [2025-04-20T19:44:13.894+0000] {dag.py:4180} INFO - Setting next_dagrun for weather_data_pipeline to 2025-04-20 19:00:00+00:00, run_after=2025-04-20 20:00:00+00:00
[2025-04-20T19:44:13.905+0000] {processor.py:208} INFO - Processing /opt/airflow/dags/data_pipeline.py took 0.502 seconds
