[2025-04-09T00:00:24.241+0000] {local_task_job_runner.py:123} INFO - ::group::Pre task execution logs
[2025-04-09T00:00:24.257+0000] {taskinstance.py:2614} INFO - Dependencies all met for dep_context=non-requeueable deps ti=<TaskInstance: weather_data_pipeline.meteo_operations.save_meteo_data scheduled__2025-04-08T00:00:00+00:00 [queued]>
[2025-04-09T00:00:24.264+0000] {taskinstance.py:2614} INFO - Dependencies all met for dep_context=requeueable deps ti=<TaskInstance: weather_data_pipeline.meteo_operations.save_meteo_data scheduled__2025-04-08T00:00:00+00:00 [queued]>
[2025-04-09T00:00:24.265+0000] {taskinstance.py:2867} INFO - Starting attempt 1 of 2
[2025-04-09T00:00:24.276+0000] {taskinstance.py:2890} INFO - Executing <Task(PythonOperator): meteo_operations.save_meteo_data> on 2025-04-08 00:00:00+00:00
[2025-04-09T00:00:24.285+0000] {standard_task_runner.py:104} INFO - Running: ['airflow', 'tasks', 'run', 'weather_data_pipeline', 'meteo_operations.save_meteo_data', 'scheduled__2025-04-08T00:00:00+00:00', '--job-id', '13', '--raw', '--subdir', 'DAGS_FOLDER/operators/testdag.py', '--cfg-path', '/tmp/tmpoy6kmebg']
[2025-04-09T00:00:24.288+0000] {standard_task_runner.py:105} INFO - Job 13: Subtask meteo_operations.save_meteo_data
[2025-04-09T00:00:24.288+0000] {logging_mixin.py:190} WARNING - /home/airflow/.local/lib/python3.12/site-packages/airflow/task/task_runner/standard_task_runner.py:70 DeprecationWarning: This process (pid=3720) is multi-threaded, use of fork() may lead to deadlocks in the child.
[2025-04-09T00:00:24.289+0000] {standard_task_runner.py:72} INFO - Started process 3738 to run task
[2025-04-09T00:00:24.343+0000] {task_command.py:467} INFO - Running <TaskInstance: weather_data_pipeline.meteo_operations.save_meteo_data scheduled__2025-04-08T00:00:00+00:00 [running]> on host 78f37ff8ff58
[2025-04-09T00:00:24.418+0000] {taskinstance.py:3134} INFO - Exporting env vars: AIRFLOW_CTX_DAG_OWNER='airflow' AIRFLOW_CTX_DAG_ID='weather_data_pipeline' AIRFLOW_CTX_TASK_ID='meteo_operations.save_meteo_data' AIRFLOW_CTX_EXECUTION_DATE='2025-04-08T00:00:00+00:00' AIRFLOW_CTX_TRY_NUMBER='1' AIRFLOW_CTX_DAG_RUN_ID='scheduled__2025-04-08T00:00:00+00:00'
[2025-04-09T00:00:24.419+0000] {taskinstance.py:732} INFO - ::endgroup::
[2025-04-09T00:00:24.451+0000] {python.py:240} INFO - Done. Returned value was: Successfully inserted measurement into database
[2025-04-09T00:00:24.475+0000] {taskinstance.py:341} INFO - ::group::Post task execution logs
[2025-04-09T00:00:24.476+0000] {taskinstance.py:353} INFO - Marking task as SUCCESS. dag_id=weather_data_pipeline, task_id=meteo_operations.save_meteo_data, run_id=scheduled__2025-04-08T00:00:00+00:00, execution_date=20250408T000000, start_date=20250409T000024, end_date=20250409T000024
[2025-04-09T00:00:24.544+0000] {local_task_job_runner.py:266} INFO - Task exited with return code 0
[2025-04-09T00:00:24.562+0000] {taskinstance.py:3901} INFO - 0 downstream tasks scheduled from follow-on schedule check
[2025-04-09T00:00:24.564+0000] {local_task_job_runner.py:245} INFO - ::endgroup::
[2025-04-09T05:00:47.504+0000] {local_task_job_runner.py:123} INFO - ::group::Pre task execution logs
[2025-04-09T05:00:47.526+0000] {taskinstance.py:2614} INFO - Dependencies all met for dep_context=non-requeueable deps ti=<TaskInstance: weather_data_pipeline.meteo_operations.save_meteo_data scheduled__2025-04-08T00:00:00+00:00 [queued]>
[2025-04-09T05:00:47.536+0000] {taskinstance.py:2614} INFO - Dependencies all met for dep_context=requeueable deps ti=<TaskInstance: weather_data_pipeline.meteo_operations.save_meteo_data scheduled__2025-04-08T00:00:00+00:00 [queued]>
[2025-04-09T05:00:47.537+0000] {taskinstance.py:2867} INFO - Starting attempt 1 of 2
[2025-04-09T05:00:47.550+0000] {taskinstance.py:2890} INFO - Executing <Task(PythonOperator): meteo_operations.save_meteo_data> on 2025-04-08 00:00:00+00:00
[2025-04-09T05:00:47.559+0000] {standard_task_runner.py:104} INFO - Running: ['airflow', 'tasks', 'run', 'weather_data_pipeline', 'meteo_operations.save_meteo_data', 'scheduled__2025-04-08T00:00:00+00:00', '--job-id', '15', '--raw', '--subdir', 'DAGS_FOLDER/operators/testdag.py', '--cfg-path', '/tmp/tmpp5ixgtds']
[2025-04-09T05:00:47.563+0000] {standard_task_runner.py:105} INFO - Job 15: Subtask meteo_operations.save_meteo_data
[2025-04-09T05:00:47.565+0000] {logging_mixin.py:190} WARNING - /home/airflow/.local/lib/python3.12/site-packages/airflow/task/task_runner/standard_task_runner.py:70 DeprecationWarning: This process (pid=179) is multi-threaded, use of fork() may lead to deadlocks in the child.
[2025-04-09T05:00:47.565+0000] {standard_task_runner.py:72} INFO - Started process 198 to run task
[2025-04-09T05:00:47.619+0000] {task_command.py:467} INFO - Running <TaskInstance: weather_data_pipeline.meteo_operations.save_meteo_data scheduled__2025-04-08T00:00:00+00:00 [running]> on host bb94a3d1492a
[2025-04-09T05:00:47.700+0000] {taskinstance.py:3134} INFO - Exporting env vars: AIRFLOW_CTX_DAG_OWNER='airflow' AIRFLOW_CTX_DAG_ID='weather_data_pipeline' AIRFLOW_CTX_TASK_ID='meteo_operations.save_meteo_data' AIRFLOW_CTX_EXECUTION_DATE='2025-04-08T00:00:00+00:00' AIRFLOW_CTX_TRY_NUMBER='1' AIRFLOW_CTX_DAG_RUN_ID='scheduled__2025-04-08T00:00:00+00:00'
[2025-04-09T05:00:47.701+0000] {taskinstance.py:732} INFO - ::endgroup::
[2025-04-09T05:00:47.733+0000] {logging_mixin.py:190} INFO - Creating Open-Meteo organization record
[2025-04-09T05:00:47.741+0000] {python.py:240} INFO - Done. Returned value was: Successfully inserted measurement into database
[2025-04-09T05:00:47.765+0000] {taskinstance.py:341} INFO - ::group::Post task execution logs
[2025-04-09T05:00:47.766+0000] {taskinstance.py:353} INFO - Marking task as SUCCESS. dag_id=weather_data_pipeline, task_id=meteo_operations.save_meteo_data, run_id=scheduled__2025-04-08T00:00:00+00:00, execution_date=20250408T000000, start_date=20250409T050047, end_date=20250409T050047
[2025-04-09T05:00:47.827+0000] {local_task_job_runner.py:266} INFO - Task exited with return code 0
[2025-04-09T05:00:47.850+0000] {taskinstance.py:3901} INFO - 0 downstream tasks scheduled from follow-on schedule check
[2025-04-09T05:00:47.852+0000] {local_task_job_runner.py:245} INFO - ::endgroup::
