[2025-04-20T22:53:45.241+0000] {local_task_job_runner.py:123} INFO - ::group::Pre task execution logs
[2025-04-20T22:53:45.260+0000] {taskinstance.py:2614} INFO - Dependencies all met for dep_context=non-requeueable deps ti=<TaskInstance: weather_data_pipeline.openweather_operations.collect_openweather_data manual__2025-04-20T22:53:35.945068+00:00 [queued]>
[2025-04-20T22:53:45.269+0000] {taskinstance.py:2614} INFO - Dependencies all met for dep_context=requeueable deps ti=<TaskInstance: weather_data_pipeline.openweather_operations.collect_openweather_data manual__2025-04-20T22:53:35.945068+00:00 [queued]>
[2025-04-20T22:53:45.270+0000] {taskinstance.py:2867} INFO - Starting attempt 1 of 2
[2025-04-20T22:53:45.282+0000] {taskinstance.py:2890} INFO - Executing <Task(PythonOperator): openweather_operations.collect_openweather_data> on 2025-04-20 22:53:35.945068+00:00
[2025-04-20T22:53:45.293+0000] {standard_task_runner.py:104} INFO - Running: ['airflow', 'tasks', 'run', 'weather_data_pipeline', 'openweather_operations.collect_openweather_data', 'manual__2025-04-20T22:53:35.945068+00:00', '--job-id', '713', '--raw', '--subdir', 'DAGS_FOLDER/data_pipeline.py', '--cfg-path', '/tmp/tmpbwmv2li4']
[2025-04-20T22:53:45.296+0000] {standard_task_runner.py:105} INFO - Job 713: Subtask openweather_operations.collect_openweather_data
[2025-04-20T22:53:45.303+0000] {logging_mixin.py:190} WARNING - /home/airflow/.local/lib/python3.12/site-packages/airflow/task/task_runner/standard_task_runner.py:70 DeprecationWarning: This process (pid=2460) is multi-threaded, use of fork() may lead to deadlocks in the child.
[2025-04-20T22:53:45.304+0000] {standard_task_runner.py:72} INFO - Started process 2478 to run task
[2025-04-20T22:53:45.346+0000] {task_command.py:467} INFO - Running <TaskInstance: weather_data_pipeline.openweather_operations.collect_openweather_data manual__2025-04-20T22:53:35.945068+00:00 [running]> on host 3ec408313633
[2025-04-20T22:53:45.425+0000] {taskinstance.py:3134} INFO - Exporting env vars: AIRFLOW_CTX_DAG_OWNER='airflow' AIRFLOW_CTX_DAG_ID='weather_data_pipeline' AIRFLOW_CTX_TASK_ID='openweather_operations.collect_openweather_data' AIRFLOW_CTX_EXECUTION_DATE='2025-04-20T22:53:35.945068+00:00' AIRFLOW_CTX_TRY_NUMBER='1' AIRFLOW_CTX_DAG_RUN_ID='manual__2025-04-20T22:53:35.945068+00:00'
[2025-04-20T22:53:45.426+0000] {taskinstance.py:732} INFO - ::endgroup::
[2025-04-20T22:53:46.473+0000] {logging_mixin.py:190} INFO - Successfully collected data for Riyadh
[2025-04-20T22:53:47.487+0000] {logging_mixin.py:190} INFO - Successfully collected data for Jeddah
[2025-04-20T22:53:48.471+0000] {logging_mixin.py:190} INFO - Successfully collected data for Mecca
[2025-04-20T22:53:50.141+0000] {logging_mixin.py:190} INFO - Successfully collected data for Medina
[2025-04-20T22:53:51.148+0000] {logging_mixin.py:190} INFO - Successfully collected data for Dammam
[2025-04-20T22:53:52.237+0000] {logging_mixin.py:190} INFO - Successfully collected data for Taif
[2025-04-20T22:53:52.238+0000] {python.py:240} INFO - Done. Returned value was: [{'city': 'Riyadh', 'lat': 24.7136, 'lon': 46.6753, 'temperature': 25.920000000000016, 'humidity': 22.0, 'wind_speed': 5.11, 'co': 130.82, 'no2': 0.38, 'o3': 120.1, 'so2': 3.15, 'pm2_5': 63.16, 'pm10': 229.5, 'co2': 0.0, 'methane': 0.0, 'nitrous_oxide': 0.0, 'fluorinated_gases': 0.0, 'timestamp': '2025-04-20 22:53:46'}, {'city': 'Jeddah', 'lat': 21.5433, 'lon': 39.1728, 'temperature': 29.700000000000045, 'humidity': 55.0, 'wind_speed': 3.76, 'co': 130.42, 'no2': 5.7, 'o3': 96.49, 'so2': 19.87, 'pm2_5': 43.06, 'pm10': 78.68, 'co2': 0.0, 'methane': 0.0, 'nitrous_oxide': 0.0, 'fluorinated_gases': 0.0, 'timestamp': '2025-04-20 22:53:47'}, {'city': 'Mecca', 'lat': 21.3891, 'lon': 39.8579, 'temperature': 27.79000000000002, 'humidity': 44.0, 'wind_speed': 2.28, 'co': 138.3, 'no2': 6.34, 'o3': 91.01, 'so2': 20.06, 'pm2_5': 50.1, 'pm10': 98.01, 'co2': 0.0, 'methane': 0.0, 'nitrous_oxide': 0.0, 'fluorinated_gases': 0.0, 'timestamp': '2025-04-20 22:53:48'}, {'city': 'Medina', 'lat': 24.5247, 'lon': 39.5692, 'temperature': 26.220000000000027, 'humidity': 41.0, 'wind_speed': 1.18, 'co': 120.62, 'no2': 3.38, 'o3': 81.92, 'so2': 5.22, 'pm2_5': 24.53, 'pm10': 67.76, 'co2': 0.0, 'methane': 0.0, 'nitrous_oxide': 0.0, 'fluorinated_gases': 0.0, 'timestamp': '2025-04-20 22:53:49'}, {'city': 'Dammam', 'lat': 26.4207, 'lon': 50.0888, 'temperature': 20.5, 'humidity': 37.0, 'wind_speed': 0.64, 'co': 197.09, 'no2': 5.77, 'o3': 111.55, 'so2': 14.75, 'pm2_5': 101.18, 'pm10': 289.2, 'co2': 0.0, 'methane': 0.0, 'nitrous_oxide': 0.0, 'fluorinated_gases': 0.0, 'timestamp': '2025-04-20 22:53:50'}, {'city': 'Taif', 'lat': 21.4267, 'lon': 40.4833, 'temperature': 22.110000000000014, 'humidity': 41.0, 'wind_speed': 2.45, 'co': 128.99, 'no2': 2.83, 'o3': 76.13, 'so2': 8.99, 'pm2_5': 43.09, 'pm10': 119.51, 'co2': 0.0, 'methane': 0.0, 'nitrous_oxide': 0.0, 'fluorinated_gases': 0.0, 'timestamp': '2025-04-20 22:53:51'}]
[2025-04-20T22:53:52.269+0000] {taskinstance.py:341} INFO - ::group::Post task execution logs
[2025-04-20T22:53:52.270+0000] {taskinstance.py:353} INFO - Marking task as SUCCESS. dag_id=weather_data_pipeline, task_id=openweather_operations.collect_openweather_data, run_id=manual__2025-04-20T22:53:35.945068+00:00, execution_date=20250420T225335, start_date=20250420T225345, end_date=20250420T225352
[2025-04-20T22:53:52.349+0000] {local_task_job_runner.py:266} INFO - Task exited with return code 0
[2025-04-20T22:53:52.377+0000] {taskinstance.py:3901} INFO - 1 downstream tasks scheduled from follow-on schedule check
[2025-04-20T22:53:52.378+0000] {local_task_job_runner.py:245} INFO - ::endgroup::
