[2025-04-15T17:00:09.225+0000] {local_task_job_runner.py:123} INFO - ::group::Pre task execution logs
[2025-04-15T17:00:09.239+0000] {taskinstance.py:2614} INFO - Dependencies all met for dep_context=non-requeueable deps ti=<TaskInstance: weather_data_pipeline.openweather_operations.collect_openweather_data scheduled__2025-04-15T16:00:00+00:00 [queued]>
[2025-04-15T17:00:09.247+0000] {taskinstance.py:2614} INFO - Dependencies all met for dep_context=requeueable deps ti=<TaskInstance: weather_data_pipeline.openweather_operations.collect_openweather_data scheduled__2025-04-15T16:00:00+00:00 [queued]>
[2025-04-15T17:00:09.248+0000] {taskinstance.py:2867} INFO - Starting attempt 1 of 2
[2025-04-15T17:00:09.259+0000] {taskinstance.py:2890} INFO - Executing <Task(PythonOperator): openweather_operations.collect_openweather_data> on 2025-04-15 16:00:00+00:00
[2025-04-15T17:00:09.265+0000] {standard_task_runner.py:104} INFO - Running: ['airflow', 'tasks', 'run', 'weather_data_pipeline', 'openweather_operations.collect_openweather_data', 'scheduled__2025-04-15T16:00:00+00:00', '--job-id', '42', '--raw', '--subdir', 'DAGS_FOLDER/data_pipeline.py', '--cfg-path', '/tmp/tmphguda7m4']
[2025-04-15T17:00:09.267+0000] {standard_task_runner.py:105} INFO - Job 42: Subtask openweather_operations.collect_openweather_data
[2025-04-15T17:00:09.268+0000] {logging_mixin.py:190} WARNING - /home/airflow/.local/lib/python3.12/site-packages/airflow/task/task_runner/standard_task_runner.py:70 DeprecationWarning: This process (pid=1790) is multi-threaded, use of fork() may lead to deadlocks in the child.
[2025-04-15T17:00:09.268+0000] {standard_task_runner.py:72} INFO - Started process 1812 to run task
[2025-04-15T17:00:09.303+0000] {task_command.py:467} INFO - Running <TaskInstance: weather_data_pipeline.openweather_operations.collect_openweather_data scheduled__2025-04-15T16:00:00+00:00 [running]> on host 9b6a771fafd5
[2025-04-15T17:00:09.364+0000] {taskinstance.py:3134} INFO - Exporting env vars: AIRFLOW_CTX_DAG_OWNER='airflow' AIRFLOW_CTX_DAG_ID='weather_data_pipeline' AIRFLOW_CTX_TASK_ID='openweather_operations.collect_openweather_data' AIRFLOW_CTX_EXECUTION_DATE='2025-04-15T16:00:00+00:00' AIRFLOW_CTX_TRY_NUMBER='1' AIRFLOW_CTX_DAG_RUN_ID='scheduled__2025-04-15T16:00:00+00:00'
[2025-04-15T17:00:09.365+0000] {taskinstance.py:732} INFO - ::endgroup::
[2025-04-15T17:00:10.374+0000] {logging_mixin.py:190} INFO - Successfully collected data for Riyadh
[2025-04-15T17:00:11.342+0000] {logging_mixin.py:190} INFO - Successfully collected data for Jeddah
[2025-04-15T17:00:12.315+0000] {logging_mixin.py:190} INFO - Successfully collected data for Mecca
[2025-04-15T17:00:13.414+0000] {logging_mixin.py:190} INFO - Successfully collected data for Medina
[2025-04-15T17:00:14.373+0000] {logging_mixin.py:190} INFO - Successfully collected data for Dammam
[2025-04-15T17:00:15.333+0000] {logging_mixin.py:190} INFO - Successfully collected data for Taif
[2025-04-15T17:00:15.334+0000] {python.py:240} INFO - Done. Returned value was: [{'city': 'Riyadh', 'lat': 24.7136, 'lon': 46.6753, 'temperature': 27.99000000000001, 'humidity': 13.0, 'wind_speed': 4.01, 'co': 116.83, 'no2': 3.39, 'o3': 132.48, 'so2': 10.4, 'pm2_5': 27.07, 'pm10': 98.0, 'co2': 0.0, 'methane': 0.0, 'nitrous_oxide': 0.0, 'fluorinated_gases': 0.0, 'timestamp': '2025-04-15 16:55:46'}, {'city': 'Jeddah', 'lat': 21.5433, 'lon': 39.1728, 'temperature': 25.49000000000001, 'humidity': 44.0, 'wind_speed': 8.12, 'co': 116.84, 'no2': 1.06, 'o3': 132.47, 'so2': 2.42, 'pm2_5': 11.33, 'pm10': 44.65, 'co2': 0.0, 'methane': 0.0, 'nitrous_oxide': 0.0, 'fluorinated_gases': 0.0, 'timestamp': '2025-04-15 17:00:11'}, {'city': 'Mecca', 'lat': 21.3891, 'lon': 39.8579, 'temperature': 25.920000000000016, 'humidity': 23.0, 'wind_speed': 4.14, 'co': 124.07, 'no2': 7.09, 'o3': 137.42, 'so2': 24.11, 'pm2_5': 16.34, 'pm10': 52.41, 'co2': 0.0, 'methane': 0.0, 'nitrous_oxide': 0.0, 'fluorinated_gases': 0.0, 'timestamp': '2025-04-15 17:00:12'}, {'city': 'Medina', 'lat': 24.5247, 'lon': 39.5692, 'temperature': 30.120000000000005, 'humidity': 8.0, 'wind_speed': 2.03, 'co': 121.02, 'no2': 5.72, 'o3': 134.81, 'so2': 14.79, 'pm2_5': 11.59, 'pm10': 41.55, 'co2': 0.0, 'methane': 0.0, 'nitrous_oxide': 0.0, 'fluorinated_gases': 0.0, 'timestamp': '2025-04-15 17:00:13'}, {'city': 'Dammam', 'lat': 26.4207, 'lon': 50.0888, 'temperature': 24.910000000000025, 'humidity': 32.0, 'wind_speed': 7.74, 'co': 135.8, 'no2': 8.5, 'o3': 142.41, 'so2': 21.64, 'pm2_5': 45.61, 'pm10': 224.87, 'co2': 0.0, 'methane': 0.0, 'nitrous_oxide': 0.0, 'fluorinated_gases': 0.0, 'timestamp': '2025-04-15 17:00:14'}, {'city': 'Taif', 'lat': 21.4267, 'lon': 40.4833, 'temperature': 23.980000000000018, 'humidity': 11.0, 'wind_speed': 3.07, 'co': 132.39, 'no2': 13.16, 'o3': 140.99, 'so2': 52.63, 'pm2_5': 25.07, 'pm10': 73.92, 'co2': 0.0, 'methane': 0.0, 'nitrous_oxide': 0.0, 'fluorinated_gases': 0.0, 'timestamp': '2025-04-15 17:00:15'}]
[2025-04-15T17:00:15.353+0000] {taskinstance.py:341} INFO - ::group::Post task execution logs
[2025-04-15T17:00:15.354+0000] {taskinstance.py:353} INFO - Marking task as SUCCESS. dag_id=weather_data_pipeline, task_id=openweather_operations.collect_openweather_data, run_id=scheduled__2025-04-15T16:00:00+00:00, execution_date=20250415T160000, start_date=20250415T170009, end_date=20250415T170015
[2025-04-15T17:00:15.376+0000] {local_task_job_runner.py:266} INFO - Task exited with return code 0
[2025-04-15T17:00:15.396+0000] {taskinstance.py:3901} INFO - 1 downstream tasks scheduled from follow-on schedule check
[2025-04-15T17:00:15.397+0000] {local_task_job_runner.py:245} INFO - ::endgroup::
