[2025-04-09T00:00:20.320+0000] {local_task_job_runner.py:123} INFO - ::group::Pre task execution logs
[2025-04-09T00:00:20.336+0000] {taskinstance.py:2614} INFO - Dependencies all met for dep_context=non-requeueable deps ti=<TaskInstance: weather_data_pipeline.openweather_operations.save_openweather_data scheduled__2025-04-08T00:00:00+00:00 [queued]>
[2025-04-09T00:00:20.344+0000] {taskinstance.py:2614} INFO - Dependencies all met for dep_context=requeueable deps ti=<TaskInstance: weather_data_pipeline.openweather_operations.save_openweather_data scheduled__2025-04-08T00:00:00+00:00 [queued]>
[2025-04-09T00:00:20.345+0000] {taskinstance.py:2867} INFO - Starting attempt 1 of 2
[2025-04-09T00:00:20.354+0000] {taskinstance.py:2890} INFO - Executing <Task(PythonOperator): openweather_operations.save_openweather_data> on 2025-04-08 00:00:00+00:00
[2025-04-09T00:00:20.363+0000] {standard_task_runner.py:104} INFO - Running: ['airflow', 'tasks', 'run', 'weather_data_pipeline', 'openweather_operations.save_openweather_data', 'scheduled__2025-04-08T00:00:00+00:00', '--job-id', '12', '--raw', '--subdir', 'DAGS_FOLDER/operators/testdag.py', '--cfg-path', '/tmp/tmpoy21hcyk']
[2025-04-09T00:00:20.366+0000] {standard_task_runner.py:105} INFO - Job 12: Subtask openweather_operations.save_openweather_data
[2025-04-09T00:00:20.367+0000] {logging_mixin.py:190} WARNING - /home/airflow/.local/lib/python3.12/site-packages/airflow/task/task_runner/standard_task_runner.py:70 DeprecationWarning: This process (pid=3700) is multi-threaded, use of fork() may lead to deadlocks in the child.
[2025-04-09T00:00:20.368+0000] {standard_task_runner.py:72} INFO - Started process 3718 to run task
[2025-04-09T00:00:20.413+0000] {task_command.py:467} INFO - Running <TaskInstance: weather_data_pipeline.openweather_operations.save_openweather_data scheduled__2025-04-08T00:00:00+00:00 [running]> on host 78f37ff8ff58
[2025-04-09T00:00:20.486+0000] {taskinstance.py:3134} INFO - Exporting env vars: AIRFLOW_CTX_DAG_OWNER='airflow' AIRFLOW_CTX_DAG_ID='weather_data_pipeline' AIRFLOW_CTX_TASK_ID='openweather_operations.save_openweather_data' AIRFLOW_CTX_EXECUTION_DATE='2025-04-08T00:00:00+00:00' AIRFLOW_CTX_TRY_NUMBER='1' AIRFLOW_CTX_DAG_RUN_ID='scheduled__2025-04-08T00:00:00+00:00'
[2025-04-09T00:00:20.487+0000] {taskinstance.py:732} INFO - ::endgroup::
[2025-04-09T00:00:20.520+0000] {logging_mixin.py:190} INFO - Inserted data for Riyadh
[2025-04-09T00:00:20.524+0000] {logging_mixin.py:190} INFO - Inserted data for Jeddah
[2025-04-09T00:00:20.529+0000] {logging_mixin.py:190} INFO - Inserted data for Mecca
[2025-04-09T00:00:20.533+0000] {logging_mixin.py:190} INFO - Inserted data for Medina
[2025-04-09T00:00:20.536+0000] {logging_mixin.py:190} INFO - Inserted data for Dammam
[2025-04-09T00:00:20.541+0000] {logging_mixin.py:190} INFO - Inserted data for Taif
[2025-04-09T00:00:20.542+0000] {python.py:240} INFO - Done. Returned value was: Successfully inserted measurement into database
[2025-04-09T00:00:20.564+0000] {taskinstance.py:341} INFO - ::group::Post task execution logs
[2025-04-09T00:00:20.564+0000] {taskinstance.py:353} INFO - Marking task as SUCCESS. dag_id=weather_data_pipeline, task_id=openweather_operations.save_openweather_data, run_id=scheduled__2025-04-08T00:00:00+00:00, execution_date=20250408T000000, start_date=20250409T000020, end_date=20250409T000020
[2025-04-09T00:00:20.622+0000] {local_task_job_runner.py:266} INFO - Task exited with return code 0
[2025-04-09T00:00:20.641+0000] {taskinstance.py:3901} INFO - 0 downstream tasks scheduled from follow-on schedule check
[2025-04-09T00:00:20.643+0000] {local_task_job_runner.py:245} INFO - ::endgroup::
[2025-04-09T05:00:51.883+0000] {local_task_job_runner.py:123} INFO - ::group::Pre task execution logs
[2025-04-09T05:00:51.903+0000] {taskinstance.py:2614} INFO - Dependencies all met for dep_context=non-requeueable deps ti=<TaskInstance: weather_data_pipeline.openweather_operations.save_openweather_data scheduled__2025-04-08T00:00:00+00:00 [queued]>
[2025-04-09T05:00:51.911+0000] {taskinstance.py:2614} INFO - Dependencies all met for dep_context=requeueable deps ti=<TaskInstance: weather_data_pipeline.openweather_operations.save_openweather_data scheduled__2025-04-08T00:00:00+00:00 [queued]>
[2025-04-09T05:00:51.912+0000] {taskinstance.py:2867} INFO - Starting attempt 1 of 2
[2025-04-09T05:00:51.923+0000] {taskinstance.py:2890} INFO - Executing <Task(PythonOperator): openweather_operations.save_openweather_data> on 2025-04-08 00:00:00+00:00
[2025-04-09T05:00:51.931+0000] {standard_task_runner.py:104} INFO - Running: ['airflow', 'tasks', 'run', 'weather_data_pipeline', 'openweather_operations.save_openweather_data', 'scheduled__2025-04-08T00:00:00+00:00', '--job-id', '16', '--raw', '--subdir', 'DAGS_FOLDER/operators/testdag.py', '--cfg-path', '/tmp/tmpg5twm4gw']
[2025-04-09T05:00:51.933+0000] {standard_task_runner.py:105} INFO - Job 16: Subtask openweather_operations.save_openweather_data
[2025-04-09T05:00:51.935+0000] {logging_mixin.py:190} WARNING - /home/airflow/.local/lib/python3.12/site-packages/airflow/task/task_runner/standard_task_runner.py:70 DeprecationWarning: This process (pid=200) is multi-threaded, use of fork() may lead to deadlocks in the child.
[2025-04-09T05:00:51.936+0000] {standard_task_runner.py:72} INFO - Started process 218 to run task
[2025-04-09T05:00:51.987+0000] {task_command.py:467} INFO - Running <TaskInstance: weather_data_pipeline.openweather_operations.save_openweather_data scheduled__2025-04-08T00:00:00+00:00 [running]> on host bb94a3d1492a
[2025-04-09T05:00:52.064+0000] {taskinstance.py:3134} INFO - Exporting env vars: AIRFLOW_CTX_DAG_OWNER='airflow' AIRFLOW_CTX_DAG_ID='weather_data_pipeline' AIRFLOW_CTX_TASK_ID='openweather_operations.save_openweather_data' AIRFLOW_CTX_EXECUTION_DATE='2025-04-08T00:00:00+00:00' AIRFLOW_CTX_TRY_NUMBER='1' AIRFLOW_CTX_DAG_RUN_ID='scheduled__2025-04-08T00:00:00+00:00'
[2025-04-09T05:00:52.066+0000] {taskinstance.py:732} INFO - ::endgroup::
[2025-04-09T05:00:52.095+0000] {logging_mixin.py:190} INFO - Creating OpenWeatherMap organization record
[2025-04-09T05:00:52.102+0000] {logging_mixin.py:190} INFO - Inserted data for Riyadh
[2025-04-09T05:00:52.107+0000] {logging_mixin.py:190} INFO - Inserted data for Jeddah
[2025-04-09T05:00:52.112+0000] {logging_mixin.py:190} INFO - Inserted data for Mecca
[2025-04-09T05:00:52.117+0000] {logging_mixin.py:190} INFO - Inserted data for Medina
[2025-04-09T05:00:52.122+0000] {logging_mixin.py:190} INFO - Inserted data for Dammam
[2025-04-09T05:00:52.127+0000] {logging_mixin.py:190} INFO - Inserted data for Taif
[2025-04-09T05:00:52.127+0000] {python.py:240} INFO - Done. Returned value was: Successfully inserted measurement into database
[2025-04-09T05:00:52.149+0000] {taskinstance.py:341} INFO - ::group::Post task execution logs
[2025-04-09T05:00:52.150+0000] {taskinstance.py:353} INFO - Marking task as SUCCESS. dag_id=weather_data_pipeline, task_id=openweather_operations.save_openweather_data, run_id=scheduled__2025-04-08T00:00:00+00:00, execution_date=20250408T000000, start_date=20250409T050051, end_date=20250409T050052
[2025-04-09T05:00:52.204+0000] {local_task_job_runner.py:266} INFO - Task exited with return code 0
[2025-04-09T05:00:52.223+0000] {taskinstance.py:3901} INFO - 0 downstream tasks scheduled from follow-on schedule check
[2025-04-09T05:00:52.225+0000] {local_task_job_runner.py:245} INFO - ::endgroup::
