[2025-04-22T22:07:03.526+0000] {taskinstance.py:1159} INFO - Dependencies all met for dep_context=non-requeueable deps ti=<TaskInstance: weather_data_pipeline.db_view_operations.create_map_data_view scheduled__2025-04-22T21:00:00+00:00 [queued]>
[2025-04-22T22:07:03.532+0000] {taskinstance.py:1159} INFO - Dependencies all met for dep_context=requeueable deps ti=<TaskInstance: weather_data_pipeline.db_view_operations.create_map_data_view scheduled__2025-04-22T21:00:00+00:00 [queued]>
[2025-04-22T22:07:03.533+0000] {taskinstance.py:1361} INFO - Starting attempt 1 of 2
[2025-04-22T22:07:03.542+0000] {taskinstance.py:1382} INFO - Executing <Task(PythonOperator): db_view_operations.create_map_data_view> on 2025-04-22 21:00:00+00:00
[2025-04-22T22:07:03.546+0000] {standard_task_runner.py:57} INFO - Started process 372 to run task
[2025-04-22T22:07:03.548+0000] {standard_task_runner.py:84} INFO - Running: ['airflow', 'tasks', 'run', 'weather_data_pipeline', 'db_view_operations.create_map_data_view', 'scheduled__2025-04-22T21:00:00+00:00', '--job-id', '23', '--raw', '--subdir', 'DAGS_FOLDER/data_pipeline.py', '--cfg-path', '/tmp/tmpnfgapfoa']
[2025-04-22T22:07:03.549+0000] {standard_task_runner.py:85} INFO - Job 23: Subtask db_view_operations.create_map_data_view
[2025-04-22T22:07:03.578+0000] {task_command.py:415} INFO - Running <TaskInstance: weather_data_pipeline.db_view_operations.create_map_data_view scheduled__2025-04-22T21:00:00+00:00 [running]> on host 0030001c0aa2
[2025-04-22T22:07:03.624+0000] {taskinstance.py:1660} INFO - Exporting env vars: AIRFLOW_CTX_DAG_OWNER='airflow' AIRFLOW_CTX_DAG_ID='weather_data_pipeline' AIRFLOW_CTX_TASK_ID='db_view_operations.create_map_data_view' AIRFLOW_CTX_EXECUTION_DATE='2025-04-22T21:00:00+00:00' AIRFLOW_CTX_TRY_NUMBER='1' AIRFLOW_CTX_DAG_RUN_ID='scheduled__2025-04-22T21:00:00+00:00'
[2025-04-22T22:07:03.651+0000] {logging_mixin.py:151} INFO - Successfully executed SQL from /opt/airflow/src/DBview/map_data_view.sql
[2025-04-22T22:07:03.651+0000] {python.py:194} INFO - Done. Returned value was: None
[2025-04-22T22:07:03.659+0000] {taskinstance.py:1400} INFO - Marking task as SUCCESS. dag_id=weather_data_pipeline, task_id=db_view_operations.create_map_data_view, execution_date=20250422T210000, start_date=20250422T220703, end_date=20250422T220703
[2025-04-22T22:07:03.680+0000] {local_task_job_runner.py:228} INFO - Task exited with return code 0
[2025-04-22T22:07:03.697+0000] {taskinstance.py:2784} INFO - 1 downstream tasks scheduled from follow-on schedule check
[2025-04-22T22:24:01.040+0000] {taskinstance.py:1159} INFO - Dependencies all met for dep_context=non-requeueable deps ti=<TaskInstance: weather_data_pipeline.db_view_operations.create_map_data_view scheduled__2025-04-22T21:00:00+00:00 [queued]>
[2025-04-22T22:24:01.046+0000] {taskinstance.py:1159} INFO - Dependencies all met for dep_context=requeueable deps ti=<TaskInstance: weather_data_pipeline.db_view_operations.create_map_data_view scheduled__2025-04-22T21:00:00+00:00 [queued]>
[2025-04-22T22:24:01.047+0000] {taskinstance.py:1361} INFO - Starting attempt 1 of 2
[2025-04-22T22:24:01.057+0000] {taskinstance.py:1382} INFO - Executing <Task(PythonOperator): db_view_operations.create_map_data_view> on 2025-04-22 21:00:00+00:00
[2025-04-22T22:24:01.062+0000] {standard_task_runner.py:57} INFO - Started process 592 to run task
[2025-04-22T22:24:01.064+0000] {standard_task_runner.py:84} INFO - Running: ['airflow', 'tasks', 'run', 'weather_data_pipeline', 'db_view_operations.create_map_data_view', 'scheduled__2025-04-22T21:00:00+00:00', '--job-id', '12', '--raw', '--subdir', 'DAGS_FOLDER/data_pipeline.py', '--cfg-path', '/tmp/tmpwqfnu7e1']
[2025-04-22T22:24:01.066+0000] {standard_task_runner.py:85} INFO - Job 12: Subtask db_view_operations.create_map_data_view
[2025-04-22T22:24:01.103+0000] {task_command.py:415} INFO - Running <TaskInstance: weather_data_pipeline.db_view_operations.create_map_data_view scheduled__2025-04-22T21:00:00+00:00 [running]> on host ba2ad926eb92
[2025-04-22T22:24:01.157+0000] {taskinstance.py:1660} INFO - Exporting env vars: AIRFLOW_CTX_DAG_OWNER='airflow' AIRFLOW_CTX_DAG_ID='weather_data_pipeline' AIRFLOW_CTX_TASK_ID='db_view_operations.create_map_data_view' AIRFLOW_CTX_EXECUTION_DATE='2025-04-22T21:00:00+00:00' AIRFLOW_CTX_TRY_NUMBER='1' AIRFLOW_CTX_DAG_RUN_ID='scheduled__2025-04-22T21:00:00+00:00'
[2025-04-22T22:24:01.166+0000] {logging_mixin.py:151} INFO - Successfully executed SQL from /opt/airflow/src/DBview/map_data_view.sql
[2025-04-22T22:24:01.167+0000] {python.py:194} INFO - Done. Returned value was: None
[2025-04-22T22:24:01.174+0000] {taskinstance.py:1400} INFO - Marking task as SUCCESS. dag_id=weather_data_pipeline, task_id=db_view_operations.create_map_data_view, execution_date=20250422T210000, start_date=20250422T222401, end_date=20250422T222401
[2025-04-22T22:24:01.198+0000] {local_task_job_runner.py:228} INFO - Task exited with return code 0
[2025-04-22T22:24:01.220+0000] {taskinstance.py:2784} INFO - 1 downstream tasks scheduled from follow-on schedule check
