[2025-04-10T11:42:17.183+0000] {local_task_job_runner.py:123} INFO - ::group::Pre task execution logs
[2025-04-10T11:42:17.195+0000] {taskinstance.py:2614} INFO - Dependencies all met for dep_context=non-requeueable deps ti=<TaskInstance: weather_data_pipeline.openweather_operations.collect_openweather_data scheduled__2025-04-09T00:00:00+00:00 [queued]>
[2025-04-10T11:42:17.200+0000] {taskinstance.py:2614} INFO - Dependencies all met for dep_context=requeueable deps ti=<TaskInstance: weather_data_pipeline.openweather_operations.collect_openweather_data scheduled__2025-04-09T00:00:00+00:00 [queued]>
[2025-04-10T11:42:17.200+0000] {taskinstance.py:2867} INFO - Starting attempt 1 of 2
[2025-04-10T11:42:17.207+0000] {taskinstance.py:2890} INFO - Executing <Task(PythonOperator): openweather_operations.collect_openweather_data> on 2025-04-09 00:00:00+00:00
[2025-04-10T11:42:17.212+0000] {standard_task_runner.py:104} INFO - Running: ['airflow', 'tasks', 'run', 'weather_data_pipeline', 'openweather_operations.collect_openweather_data', 'scheduled__2025-04-09T00:00:00+00:00', '--job-id', '3', '--raw', '--subdir', 'DAGS_FOLDER/data_pipeline.py', '--cfg-path', '/tmp/tmpoyrk_m2q']
[2025-04-10T11:42:17.213+0000] {standard_task_runner.py:105} INFO - Job 3: Subtask openweather_operations.collect_openweather_data
[2025-04-10T11:42:17.214+0000] {logging_mixin.py:190} WARNING - /home/airflow/.local/lib/python3.12/site-packages/airflow/task/task_runner/standard_task_runner.py:70 DeprecationWarning: This process (pid=212) is multi-threaded, use of fork() may lead to deadlocks in the child.
[2025-04-10T11:42:17.215+0000] {standard_task_runner.py:72} INFO - Started process 234 to run task
[2025-04-10T11:42:17.241+0000] {task_command.py:467} INFO - Running <TaskInstance: weather_data_pipeline.openweather_operations.collect_openweather_data scheduled__2025-04-09T00:00:00+00:00 [running]> on host 9a7b018a2323
[2025-04-10T11:42:17.284+0000] {taskinstance.py:3134} INFO - Exporting env vars: AIRFLOW_CTX_DAG_OWNER='airflow' AIRFLOW_CTX_DAG_ID='weather_data_pipeline' AIRFLOW_CTX_TASK_ID='openweather_operations.collect_openweather_data' AIRFLOW_CTX_EXECUTION_DATE='2025-04-09T00:00:00+00:00' AIRFLOW_CTX_TRY_NUMBER='1' AIRFLOW_CTX_DAG_RUN_ID='scheduled__2025-04-09T00:00:00+00:00'
[2025-04-10T11:42:17.285+0000] {taskinstance.py:732} INFO - ::endgroup::
[2025-04-10T11:42:18.298+0000] {logging_mixin.py:190} INFO - Successfully collected data for Riyadh
[2025-04-10T11:42:19.272+0000] {logging_mixin.py:190} INFO - Successfully collected data for Jeddah
[2025-04-10T11:42:20.288+0000] {logging_mixin.py:190} INFO - Successfully collected data for Mecca
[2025-04-10T11:42:21.303+0000] {logging_mixin.py:190} INFO - Successfully collected data for Medina
[2025-04-10T11:42:22.279+0000] {logging_mixin.py:190} INFO - Successfully collected data for Dammam
[2025-04-10T11:42:23.253+0000] {logging_mixin.py:190} INFO - Successfully collected data for Taif
[2025-04-10T11:42:23.253+0000] {python.py:240} INFO - Done. Returned value was: [{'city': 'Riyadh', 'lat': 24.7136, 'lon': 46.6753, 'temperature': 38.379999999999995, 'humidity': 9.0, 'wind_speed': 6.31, 'co': 95.55, 'no2': 0.19, 'o3': 96.62, 'so2': 0.85, 'pm2_5': 35.66, 'pm10': 142.65, 'co2': 0.0, 'methane': 0.0, 'nitrous_oxide': 0.0, 'fluorinated_gases': 0.0, 'timestamp': '2025-04-10 11:39:48'}, {'city': 'Jeddah', 'lat': 21.5433, 'lon': 39.1728, 'temperature': 29.08000000000004, 'humidity': 67.0, 'wind_speed': 5.53, 'co': 108.55, 'no2': 0.87, 'o3': 107.36, 'so2': 2.14, 'pm2_5': 18.0, 'pm10': 42.71, 'co2': 0.0, 'methane': 0.0, 'nitrous_oxide': 0.0, 'fluorinated_gases': 0.0, 'timestamp': '2025-04-10 11:42:19'}, {'city': 'Mecca', 'lat': 21.3891, 'lon': 39.8579, 'temperature': 35.710000000000036, 'humidity': 18.0, 'wind_speed': 10.47, 'co': 112.68, 'no2': 1.01, 'o3': 104.73, 'so2': 1.6, 'pm2_5': 14.31, 'pm10': 37.73, 'co2': 0.0, 'methane': 0.0, 'nitrous_oxide': 0.0, 'fluorinated_gases': 0.0, 'timestamp': '2025-04-10 11:42:20'}, {'city': 'Medina', 'lat': 24.5247, 'lon': 39.5692, 'temperature': 35.450000000000045, 'humidity': 15.0, 'wind_speed': 13.11, 'co': 120.4, 'no2': 1.03, 'o3': 118.27, 'so2': 16.9, 'pm2_5': 38.4, 'pm10': 71.23, 'co2': 0.0, 'methane': 0.0, 'nitrous_oxide': 0.0, 'fluorinated_gases': 0.0, 'timestamp': '2025-04-10 11:42:21'}, {'city': 'Dammam', 'lat': 26.4207, 'lon': 50.0888, 'temperature': 35.150000000000034, 'humidity': 23.0, 'wind_speed': 6.74, 'co': 110.36, 'no2': 1.74, 'o3': 120.56, 'so2': 6.59, 'pm2_5': 47.81, 'pm10': 193.38, 'co2': 0.0, 'methane': 0.0, 'nitrous_oxide': 0.0, 'fluorinated_gases': 0.0, 'timestamp': '2025-04-10 11:34:56'}, {'city': 'Taif', 'lat': 21.4267, 'lon': 40.4833, 'temperature': 28.920000000000016, 'humidity': 22.0, 'wind_speed': 9.34, 'co': 115.78, 'no2': 1.13, 'o3': 93.28, 'so2': 0.57, 'pm2_5': 18.85, 'pm10': 60.75, 'co2': 0.0, 'methane': 0.0, 'nitrous_oxide': 0.0, 'fluorinated_gases': 0.0, 'timestamp': '2025-04-10 11:42:23'}]
[2025-04-10T11:42:23.266+0000] {taskinstance.py:341} INFO - ::group::Post task execution logs
[2025-04-10T11:42:23.267+0000] {taskinstance.py:353} INFO - Marking task as SUCCESS. dag_id=weather_data_pipeline, task_id=openweather_operations.collect_openweather_data, run_id=scheduled__2025-04-09T00:00:00+00:00, execution_date=20250409T000000, start_date=20250410T114217, end_date=20250410T114223
[2025-04-10T11:42:23.286+0000] {local_task_job_runner.py:266} INFO - Task exited with return code 0
[2025-04-10T11:42:23.301+0000] {taskinstance.py:3901} INFO - 1 downstream tasks scheduled from follow-on schedule check
[2025-04-10T11:42:23.302+0000] {local_task_job_runner.py:245} INFO - ::endgroup::
