[2025-04-04T11:37:56.622+0000] {local_task_job_runner.py:123} INFO - ::group::Pre task execution logs
[2025-04-04T11:37:56.644+0000] {taskinstance.py:2614} INFO - Dependencies all met for dep_context=non-requeueable deps ti=<TaskInstance: weather_data_pipeline.meteo_operations.collect_meteo_data scheduled__2025-04-03T00:00:00+00:00 [queued]>
[2025-04-04T11:37:56.654+0000] {taskinstance.py:2614} INFO - Dependencies all met for dep_context=requeueable deps ti=<TaskInstance: weather_data_pipeline.meteo_operations.collect_meteo_data scheduled__2025-04-03T00:00:00+00:00 [queued]>
[2025-04-04T11:37:56.655+0000] {taskinstance.py:2867} INFO - Starting attempt 1 of 2
[2025-04-04T11:37:56.669+0000] {taskinstance.py:2890} INFO - Executing <Task(PythonOperator): meteo_operations.collect_meteo_data> on 2025-04-03 00:00:00+00:00
[2025-04-04T11:37:56.678+0000] {standard_task_runner.py:104} INFO - Running: ['airflow', 'tasks', 'run', 'weather_data_pipeline', 'meteo_operations.collect_meteo_data', 'scheduled__2025-04-03T00:00:00+00:00', '--job-id', '2', '--raw', '--subdir', 'DAGS_FOLDER/operators/testdag.py', '--cfg-path', '/tmp/tmp10tl_n09']
[2025-04-04T11:37:56.681+0000] {standard_task_runner.py:105} INFO - Job 2: Subtask meteo_operations.collect_meteo_data
[2025-04-04T11:37:56.685+0000] {logging_mixin.py:190} WARNING - /home/airflow/.local/lib/python3.12/site-packages/airflow/task/task_runner/standard_task_runner.py:70 DeprecationWarning: This process (pid=40) is multi-threaded, use of fork() may lead to deadlocks in the child.
[2025-04-04T11:37:56.686+0000] {standard_task_runner.py:72} INFO - Started process 58 to run task
[2025-04-04T11:37:56.743+0000] {task_command.py:467} INFO - Running <TaskInstance: weather_data_pipeline.meteo_operations.collect_meteo_data scheduled__2025-04-03T00:00:00+00:00 [running]> on host 535fd294ff14
[2025-04-04T11:37:56.833+0000] {taskinstance.py:3134} INFO - Exporting env vars: AIRFLOW_CTX_DAG_OWNER='airflow' AIRFLOW_CTX_DAG_ID='weather_data_pipeline' AIRFLOW_CTX_TASK_ID='meteo_operations.collect_meteo_data' AIRFLOW_CTX_EXECUTION_DATE='2025-04-03T00:00:00+00:00' AIRFLOW_CTX_TRY_NUMBER='1' AIRFLOW_CTX_DAG_RUN_ID='scheduled__2025-04-03T00:00:00+00:00'
[2025-04-04T11:37:56.834+0000] {taskinstance.py:732} INFO - ::endgroup::
[2025-04-04T11:37:57.561+0000] {python.py:240} INFO - Done. Returned value was: {'latitude': 21.4901, 'longitude': 39.1862, 'timestamp': '2025-04-04 00:00:00', 'temperature': 25.473501205444336, 'humidity': 72.0, 'wind_speed': 8.121970176696777, 'pm2_5': 143.0, 'co': 201.0}
[2025-04-04T11:37:57.587+0000] {taskinstance.py:341} INFO - ::group::Post task execution logs
[2025-04-04T11:37:57.588+0000] {taskinstance.py:353} INFO - Marking task as SUCCESS. dag_id=weather_data_pipeline, task_id=meteo_operations.collect_meteo_data, run_id=scheduled__2025-04-03T00:00:00+00:00, execution_date=20250403T000000, start_date=20250404T113756, end_date=20250404T113757
[2025-04-04T11:37:57.664+0000] {local_task_job_runner.py:266} INFO - Task exited with return code 0
[2025-04-04T11:37:57.703+0000] {taskinstance.py:3901} INFO - 1 downstream tasks scheduled from follow-on schedule check
[2025-04-04T11:37:57.706+0000] {local_task_job_runner.py:245} INFO - ::endgroup::
[2025-04-04T11:40:24.550+0000] {local_task_job_runner.py:123} INFO - ::group::Pre task execution logs
[2025-04-04T11:40:24.581+0000] {taskinstance.py:2614} INFO - Dependencies all met for dep_context=non-requeueable deps ti=<TaskInstance: weather_data_pipeline.meteo_operations.collect_meteo_data scheduled__2025-04-03T00:00:00+00:00 [queued]>
[2025-04-04T11:40:24.597+0000] {taskinstance.py:2614} INFO - Dependencies all met for dep_context=requeueable deps ti=<TaskInstance: weather_data_pipeline.meteo_operations.collect_meteo_data scheduled__2025-04-03T00:00:00+00:00 [queued]>
[2025-04-04T11:40:24.597+0000] {taskinstance.py:2867} INFO - Starting attempt 1 of 2
[2025-04-04T11:40:24.617+0000] {taskinstance.py:2890} INFO - Executing <Task(PythonOperator): meteo_operations.collect_meteo_data> on 2025-04-03 00:00:00+00:00
[2025-04-04T11:40:24.629+0000] {standard_task_runner.py:104} INFO - Running: ['airflow', 'tasks', 'run', 'weather_data_pipeline', 'meteo_operations.collect_meteo_data', 'scheduled__2025-04-03T00:00:00+00:00', '--job-id', '2', '--raw', '--subdir', 'DAGS_FOLDER/operators/testdag.py', '--cfg-path', '/tmp/tmpm5mb34ze']
[2025-04-04T11:40:24.633+0000] {standard_task_runner.py:105} INFO - Job 2: Subtask meteo_operations.collect_meteo_data
[2025-04-04T11:40:24.634+0000] {logging_mixin.py:190} WARNING - /home/airflow/.local/lib/python3.12/site-packages/airflow/task/task_runner/standard_task_runner.py:70 DeprecationWarning: This process (pid=40) is multi-threaded, use of fork() may lead to deadlocks in the child.
[2025-04-04T11:40:24.635+0000] {standard_task_runner.py:72} INFO - Started process 58 to run task
[2025-04-04T11:40:24.709+0000] {task_command.py:467} INFO - Running <TaskInstance: weather_data_pipeline.meteo_operations.collect_meteo_data scheduled__2025-04-03T00:00:00+00:00 [running]> on host d670f735fdc0
[2025-04-04T11:40:24.810+0000] {taskinstance.py:3134} INFO - Exporting env vars: AIRFLOW_CTX_DAG_OWNER='airflow' AIRFLOW_CTX_DAG_ID='weather_data_pipeline' AIRFLOW_CTX_TASK_ID='meteo_operations.collect_meteo_data' AIRFLOW_CTX_EXECUTION_DATE='2025-04-03T00:00:00+00:00' AIRFLOW_CTX_TRY_NUMBER='1' AIRFLOW_CTX_DAG_RUN_ID='scheduled__2025-04-03T00:00:00+00:00'
[2025-04-04T11:40:24.811+0000] {taskinstance.py:732} INFO - ::endgroup::
[2025-04-04T11:40:25.572+0000] {python.py:240} INFO - Done. Returned value was: {'latitude': 21.4901, 'longitude': 39.1862, 'timestamp': '2025-04-04 00:00:00', 'temperature': 25.473501205444336, 'humidity': 72.0, 'wind_speed': 8.121970176696777, 'pm2_5': 143.0, 'co': 201.0}
[2025-04-04T11:40:25.601+0000] {taskinstance.py:341} INFO - ::group::Post task execution logs
[2025-04-04T11:40:25.602+0000] {taskinstance.py:353} INFO - Marking task as SUCCESS. dag_id=weather_data_pipeline, task_id=meteo_operations.collect_meteo_data, run_id=scheduled__2025-04-03T00:00:00+00:00, execution_date=20250403T000000, start_date=20250404T114024, end_date=20250404T114025
[2025-04-04T11:40:25.653+0000] {local_task_job_runner.py:266} INFO - Task exited with return code 0
[2025-04-04T11:40:25.677+0000] {taskinstance.py:3901} INFO - 1 downstream tasks scheduled from follow-on schedule check
[2025-04-04T11:40:25.680+0000] {local_task_job_runner.py:245} INFO - ::endgroup::
