[2025-04-22T22:06:55.484+0000] {taskinstance.py:1159} INFO - Dependencies all met for dep_context=non-requeueable deps ti=<TaskInstance: weather_data_pipeline.openweather_operations.save_openweather_data scheduled__2025-04-22T21:00:00+00:00 [queued]>
[2025-04-22T22:06:55.490+0000] {taskinstance.py:1159} INFO - Dependencies all met for dep_context=requeueable deps ti=<TaskInstance: weather_data_pipeline.openweather_operations.save_openweather_data scheduled__2025-04-22T21:00:00+00:00 [queued]>
[2025-04-22T22:06:55.490+0000] {taskinstance.py:1361} INFO - Starting attempt 1 of 2
[2025-04-22T22:06:55.513+0000] {taskinstance.py:1382} INFO - Executing <Task(PythonOperator): openweather_operations.save_openweather_data> on 2025-04-22 21:00:00+00:00
[2025-04-22T22:06:55.517+0000] {standard_task_runner.py:57} INFO - Started process 267 to run task
[2025-04-22T22:06:55.519+0000] {standard_task_runner.py:84} INFO - Running: ['airflow', 'tasks', 'run', 'weather_data_pipeline', 'openweather_operations.save_openweather_data', 'scheduled__2025-04-22T21:00:00+00:00', '--job-id', '21', '--raw', '--subdir', 'DAGS_FOLDER/data_pipeline.py', '--cfg-path', '/tmp/tmpd2tj0nl6']
[2025-04-22T22:06:55.521+0000] {standard_task_runner.py:85} INFO - Job 21: Subtask openweather_operations.save_openweather_data
[2025-04-22T22:06:55.552+0000] {task_command.py:415} INFO - Running <TaskInstance: weather_data_pipeline.openweather_operations.save_openweather_data scheduled__2025-04-22T21:00:00+00:00 [running]> on host 0030001c0aa2
[2025-04-22T22:06:55.601+0000] {taskinstance.py:1660} INFO - Exporting env vars: AIRFLOW_CTX_DAG_OWNER='airflow' AIRFLOW_CTX_DAG_ID='weather_data_pipeline' AIRFLOW_CTX_TASK_ID='openweather_operations.save_openweather_data' AIRFLOW_CTX_EXECUTION_DATE='2025-04-22T21:00:00+00:00' AIRFLOW_CTX_TRY_NUMBER='1' AIRFLOW_CTX_DAG_RUN_ID='scheduled__2025-04-22T21:00:00+00:00'
[2025-04-22T22:06:55.617+0000] {logging_mixin.py:151} INFO - Inserted data for Riyadh
[2025-04-22T22:06:55.619+0000] {logging_mixin.py:151} INFO - Inserted data for Jeddah
[2025-04-22T22:06:55.622+0000] {logging_mixin.py:151} INFO - Inserted data for Mecca
[2025-04-22T22:06:55.624+0000] {logging_mixin.py:151} INFO - Inserted data for Medina
[2025-04-22T22:06:55.627+0000] {logging_mixin.py:151} INFO - Inserted data for Dammam
[2025-04-22T22:06:55.630+0000] {logging_mixin.py:151} INFO - Inserted data for Taif
[2025-04-22T22:06:55.630+0000] {python.py:194} INFO - Done. Returned value was: Successfully inserted measurement into database
[2025-04-22T22:06:55.644+0000] {taskinstance.py:1400} INFO - Marking task as SUCCESS. dag_id=weather_data_pipeline, task_id=openweather_operations.save_openweather_data, execution_date=20250422T210000, start_date=20250422T220655, end_date=20250422T220655
[2025-04-22T22:06:55.692+0000] {local_task_job_runner.py:228} INFO - Task exited with return code 0
[2025-04-22T22:06:55.709+0000] {taskinstance.py:2784} INFO - 1 downstream tasks scheduled from follow-on schedule check
[2025-04-22T22:23:40.578+0000] {taskinstance.py:1159} INFO - Dependencies all met for dep_context=non-requeueable deps ti=<TaskInstance: weather_data_pipeline.openweather_operations.save_openweather_data scheduled__2025-04-22T21:00:00+00:00 [queued]>
[2025-04-22T22:23:40.583+0000] {taskinstance.py:1159} INFO - Dependencies all met for dep_context=requeueable deps ti=<TaskInstance: weather_data_pipeline.openweather_operations.save_openweather_data scheduled__2025-04-22T21:00:00+00:00 [queued]>
[2025-04-22T22:23:40.583+0000] {taskinstance.py:1361} INFO - Starting attempt 1 of 2
[2025-04-22T22:23:40.592+0000] {taskinstance.py:1382} INFO - Executing <Task(PythonOperator): openweather_operations.save_openweather_data> on 2025-04-22 21:00:00+00:00
[2025-04-22T22:23:40.597+0000] {standard_task_runner.py:57} INFO - Started process 361 to run task
[2025-04-22T22:23:40.599+0000] {standard_task_runner.py:84} INFO - Running: ['airflow', 'tasks', 'run', 'weather_data_pipeline', 'openweather_operations.save_openweather_data', 'scheduled__2025-04-22T21:00:00+00:00', '--job-id', '7', '--raw', '--subdir', 'DAGS_FOLDER/data_pipeline.py', '--cfg-path', '/tmp/tmp65tc8ncn']
[2025-04-22T22:23:40.601+0000] {standard_task_runner.py:85} INFO - Job 7: Subtask openweather_operations.save_openweather_data
[2025-04-22T22:23:40.636+0000] {task_command.py:415} INFO - Running <TaskInstance: weather_data_pipeline.openweather_operations.save_openweather_data scheduled__2025-04-22T21:00:00+00:00 [running]> on host ba2ad926eb92
[2025-04-22T22:23:40.683+0000] {taskinstance.py:1660} INFO - Exporting env vars: AIRFLOW_CTX_DAG_OWNER='airflow' AIRFLOW_CTX_DAG_ID='weather_data_pipeline' AIRFLOW_CTX_TASK_ID='openweather_operations.save_openweather_data' AIRFLOW_CTX_EXECUTION_DATE='2025-04-22T21:00:00+00:00' AIRFLOW_CTX_TRY_NUMBER='1' AIRFLOW_CTX_DAG_RUN_ID='scheduled__2025-04-22T21:00:00+00:00'
[2025-04-22T22:23:40.694+0000] {logging_mixin.py:151} INFO - Creating OpenWeatherMap organization record
[2025-04-22T22:23:40.700+0000] {logging_mixin.py:151} INFO - Inserted data for Riyadh
[2025-04-22T22:23:40.703+0000] {logging_mixin.py:151} INFO - Inserted data for Jeddah
[2025-04-22T22:23:40.705+0000] {logging_mixin.py:151} INFO - Inserted data for Mecca
[2025-04-22T22:23:40.708+0000] {logging_mixin.py:151} INFO - Inserted data for Medina
[2025-04-22T22:23:40.711+0000] {logging_mixin.py:151} INFO - Inserted data for Dammam
[2025-04-22T22:23:40.713+0000] {logging_mixin.py:151} INFO - Inserted data for Taif
[2025-04-22T22:23:40.714+0000] {python.py:194} INFO - Done. Returned value was: Successfully inserted measurement into database
[2025-04-22T22:23:40.730+0000] {taskinstance.py:1400} INFO - Marking task as SUCCESS. dag_id=weather_data_pipeline, task_id=openweather_operations.save_openweather_data, execution_date=20250422T210000, start_date=20250422T222340, end_date=20250422T222340
[2025-04-22T22:23:40.772+0000] {local_task_job_runner.py:228} INFO - Task exited with return code 0
[2025-04-22T22:23:40.791+0000] {taskinstance.py:2784} INFO - 1 downstream tasks scheduled from follow-on schedule check
