[2025-04-20T22:21:51.860+0000] {local_task_job_runner.py:123} INFO - ::group::Pre task execution logs
[2025-04-20T22:21:51.872+0000] {taskinstance.py:2614} INFO - Dependencies all met for dep_context=non-requeueable deps ti=<TaskInstance: weather_data_pipeline.openweather_operations.save_openweather_data manual__2025-04-20T22:20:15.846764+00:00 [queued]>
[2025-04-20T22:21:51.878+0000] {taskinstance.py:2614} INFO - Dependencies all met for dep_context=requeueable deps ti=<TaskInstance: weather_data_pipeline.openweather_operations.save_openweather_data manual__2025-04-20T22:20:15.846764+00:00 [queued]>
[2025-04-20T22:21:51.878+0000] {taskinstance.py:2867} INFO - Starting attempt 1 of 2
[2025-04-20T22:21:51.885+0000] {taskinstance.py:2890} INFO - Executing <Task(PythonOperator): openweather_operations.save_openweather_data> on 2025-04-20 22:20:15.846764+00:00
[2025-04-20T22:21:51.890+0000] {standard_task_runner.py:104} INFO - Running: ['airflow', 'tasks', 'run', 'weather_data_pipeline', 'openweather_operations.save_openweather_data', 'manual__2025-04-20T22:20:15.846764+00:00', '--job-id', '172', '--raw', '--subdir', 'DAGS_FOLDER/data_pipeline.py', '--cfg-path', '/tmp/tmpb9f5smts']
[2025-04-20T22:21:51.892+0000] {standard_task_runner.py:105} INFO - Job 172: Subtask openweather_operations.save_openweather_data
[2025-04-20T22:21:51.893+0000] {logging_mixin.py:190} WARNING - /home/airflow/.local/lib/python3.12/site-packages/airflow/task/task_runner/standard_task_runner.py:70 DeprecationWarning: This process (pid=454) is multi-threaded, use of fork() may lead to deadlocks in the child.
[2025-04-20T22:21:51.893+0000] {standard_task_runner.py:72} INFO - Started process 476 to run task
[2025-04-20T22:21:51.920+0000] {task_command.py:467} INFO - Running <TaskInstance: weather_data_pipeline.openweather_operations.save_openweather_data manual__2025-04-20T22:20:15.846764+00:00 [running]> on host 8e2c8626a9ef
[2025-04-20T22:21:51.970+0000] {taskinstance.py:3134} INFO - Exporting env vars: AIRFLOW_CTX_DAG_OWNER='airflow' AIRFLOW_CTX_DAG_ID='weather_data_pipeline' AIRFLOW_CTX_TASK_ID='openweather_operations.save_openweather_data' AIRFLOW_CTX_EXECUTION_DATE='2025-04-20T22:20:15.846764+00:00' AIRFLOW_CTX_TRY_NUMBER='1' AIRFLOW_CTX_DAG_RUN_ID='manual__2025-04-20T22:20:15.846764+00:00'
[2025-04-20T22:21:51.971+0000] {taskinstance.py:732} INFO - ::endgroup::
[2025-04-20T22:21:51.990+0000] {logging_mixin.py:190} INFO - Inserted data for Riyadh
[2025-04-20T22:21:51.994+0000] {logging_mixin.py:190} INFO - Inserted data for Jeddah
[2025-04-20T22:21:51.996+0000] {logging_mixin.py:190} INFO - Inserted data for Mecca
[2025-04-20T22:21:51.999+0000] {logging_mixin.py:190} INFO - Inserted data for Medina
[2025-04-20T22:21:52.004+0000] {logging_mixin.py:190} INFO - Inserted data for Dammam
[2025-04-20T22:21:52.007+0000] {logging_mixin.py:190} INFO - Inserted data for Taif
[2025-04-20T22:21:52.007+0000] {python.py:240} INFO - Done. Returned value was: Successfully inserted measurement into database
[2025-04-20T22:21:52.021+0000] {taskinstance.py:341} INFO - ::group::Post task execution logs
[2025-04-20T22:21:52.021+0000] {taskinstance.py:353} INFO - Marking task as SUCCESS. dag_id=weather_data_pipeline, task_id=openweather_operations.save_openweather_data, run_id=manual__2025-04-20T22:20:15.846764+00:00, execution_date=20250420T222015, start_date=20250420T222151, end_date=20250420T222152
[2025-04-20T22:21:52.067+0000] {local_task_job_runner.py:266} INFO - Task exited with return code 0
[2025-04-20T22:21:52.083+0000] {taskinstance.py:3901} INFO - 1 downstream tasks scheduled from follow-on schedule check
[2025-04-20T22:21:52.085+0000] {local_task_job_runner.py:245} INFO - ::endgroup::
