[2025-04-20T21:24:09.090+0000] {local_task_job_runner.py:123} INFO - ::group::Pre task execution logs
[2025-04-20T21:24:09.108+0000] {taskinstance.py:2614} INFO - Dependencies all met for dep_context=non-requeueable deps ti=<TaskInstance: weather_data_pipeline.openweather_operations.collect_openweather_data manual__2025-04-20T21:23:59.392682+00:00 [queued]>
[2025-04-20T21:24:09.116+0000] {taskinstance.py:2614} INFO - Dependencies all met for dep_context=requeueable deps ti=<TaskInstance: weather_data_pipeline.openweather_operations.collect_openweather_data manual__2025-04-20T21:23:59.392682+00:00 [queued]>
[2025-04-20T21:24:09.117+0000] {taskinstance.py:2867} INFO - Starting attempt 1 of 2
[2025-04-20T21:24:09.127+0000] {taskinstance.py:2890} INFO - Executing <Task(PythonOperator): openweather_operations.collect_openweather_data> on 2025-04-20 21:23:59.392682+00:00
[2025-04-20T21:24:09.132+0000] {standard_task_runner.py:104} INFO - Running: ['airflow', 'tasks', 'run', 'weather_data_pipeline', 'openweather_operations.collect_openweather_data', 'manual__2025-04-20T21:23:59.392682+00:00', '--job-id', '144', '--raw', '--subdir', 'DAGS_FOLDER/data_pipeline.py', '--cfg-path', '/tmp/tmp0w9hepv8']
[2025-04-20T21:24:09.135+0000] {standard_task_runner.py:105} INFO - Job 144: Subtask openweather_operations.collect_openweather_data
[2025-04-20T21:24:09.136+0000] {logging_mixin.py:190} WARNING - /home/airflow/.local/lib/python3.12/site-packages/airflow/task/task_runner/standard_task_runner.py:70 DeprecationWarning: This process (pid=1448) is multi-threaded, use of fork() may lead to deadlocks in the child.
[2025-04-20T21:24:09.137+0000] {standard_task_runner.py:72} INFO - Started process 1470 to run task
[2025-04-20T21:24:09.170+0000] {task_command.py:467} INFO - Running <TaskInstance: weather_data_pipeline.openweather_operations.collect_openweather_data manual__2025-04-20T21:23:59.392682+00:00 [running]> on host 8e2c8626a9ef
[2025-04-20T21:24:09.235+0000] {taskinstance.py:3134} INFO - Exporting env vars: AIRFLOW_CTX_DAG_OWNER='airflow' AIRFLOW_CTX_DAG_ID='weather_data_pipeline' AIRFLOW_CTX_TASK_ID='openweather_operations.collect_openweather_data' AIRFLOW_CTX_EXECUTION_DATE='2025-04-20T21:23:59.392682+00:00' AIRFLOW_CTX_TRY_NUMBER='1' AIRFLOW_CTX_DAG_RUN_ID='manual__2025-04-20T21:23:59.392682+00:00'
[2025-04-20T21:24:09.236+0000] {taskinstance.py:732} INFO - ::endgroup::
[2025-04-20T21:24:09.551+0000] {logging_mixin.py:190} INFO - Successfully collected data for Riyadh
[2025-04-20T21:24:09.859+0000] {logging_mixin.py:190} INFO - Successfully collected data for Jeddah
[2025-04-20T21:24:10.157+0000] {logging_mixin.py:190} INFO - Successfully collected data for Mecca
[2025-04-20T21:24:10.472+0000] {logging_mixin.py:190} INFO - Successfully collected data for Medina
[2025-04-20T21:24:10.776+0000] {logging_mixin.py:190} INFO - Successfully collected data for Dammam
[2025-04-20T21:24:11.069+0000] {logging_mixin.py:190} INFO - Successfully collected data for Taif
[2025-04-20T21:24:11.069+0000] {python.py:240} INFO - Done. Returned value was: [{'city': 'Riyadh', 'lat': 24.7136, 'lon': 46.6753, 'temperature': 27.920000000000016, 'humidity': 21.0, 'wind_speed': 5.17, 'co': 128.24, 'no2': 0.49, 'o3': 120.07, 'so2': 3.07, 'pm2_5': 61.07, 'pm10': 235.58, 'co2': 0.0, 'methane': 0.0, 'nitrous_oxide': 0.0, 'fluorinated_gases': 0.0, 'timestamp': '2025-04-20 21:24:10'}, {'city': 'Jeddah', 'lat': 21.5433, 'lon': 39.1728, 'temperature': 30.980000000000018, 'humidity': 35.0, 'wind_speed': 2.57, 'co': 124.35, 'no2': 3.83, 'o3': 120.07, 'so2': 12.93, 'pm2_5': 42.27, 'pm10': 77.34, 'co2': 0.0, 'methane': 0.0, 'nitrous_oxide': 0.0, 'fluorinated_gases': 0.0, 'timestamp': '2025-04-20 21:24:10'}, {'city': 'Mecca', 'lat': 21.3891, 'lon': 39.8579, 'temperature': 28.33000000000004, 'humidity': 42.0, 'wind_speed': 2.54, 'co': 131.75, 'no2': 4.52, 'o3': 107.82, 'so2': 13.23, 'pm2_5': 46.81, 'pm10': 90.62, 'co2': 0.0, 'methane': 0.0, 'nitrous_oxide': 0.0, 'fluorinated_gases': 0.0, 'timestamp': '2025-04-20 21:23:58'}, {'city': 'Medina', 'lat': 24.5247, 'lon': 39.5692, 'temperature': 32.33000000000004, 'humidity': 20.0, 'wind_speed': 2.57, 'co': 120.07, 'no2': 4.14, 'o3': 88.29, 'so2': 6.01, 'pm2_5': 23.89, 'pm10': 63.99, 'co2': 0.0, 'methane': 0.0, 'nitrous_oxide': 0.0, 'fluorinated_gases': 0.0, 'timestamp': '2025-04-20 21:23:58'}, {'city': 'Dammam', 'lat': 26.4207, 'lon': 50.0888, 'temperature': 21.07000000000005, 'humidity': 46.0, 'wind_speed': 1.54, 'co': 211.15, 'no2': 9.49, 'o3': 128.2, 'so2': 19.21, 'pm2_5': 97.6, 'pm10': 268.39, 'co2': 0.0, 'methane': 0.0, 'nitrous_oxide': 0.0, 'fluorinated_gases': 0.0, 'timestamp': '2025-04-20 21:24:11'}, {'city': 'Taif', 'lat': 21.4267, 'lon': 40.4833, 'temperature': 21.55000000000001, 'humidity': 40.0, 'wind_speed': 1.54, 'co': 124.27, 'no2': 2.75, 'o3': 84.13, 'so2': 3.65, 'pm2_5': 39.07, 'pm10': 107.41, 'co2': 0.0, 'methane': 0.0, 'nitrous_oxide': 0.0, 'fluorinated_gases': 0.0, 'timestamp': '2025-04-20 21:24:11'}]
[2025-04-20T21:24:11.085+0000] {taskinstance.py:341} INFO - ::group::Post task execution logs
[2025-04-20T21:24:11.086+0000] {taskinstance.py:353} INFO - Marking task as SUCCESS. dag_id=weather_data_pipeline, task_id=openweather_operations.collect_openweather_data, run_id=manual__2025-04-20T21:23:59.392682+00:00, execution_date=20250420T212359, start_date=20250420T212409, end_date=20250420T212411
[2025-04-20T21:24:11.116+0000] {local_task_job_runner.py:266} INFO - Task exited with return code 0
[2025-04-20T21:24:11.135+0000] {taskinstance.py:3901} INFO - 1 downstream tasks scheduled from follow-on schedule check
[2025-04-20T21:24:11.137+0000] {local_task_job_runner.py:245} INFO - ::endgroup::
