[2025-04-04T11:29:23.327+0000] {local_task_job_runner.py:123} INFO - ::group::Pre task execution logs
[2025-04-04T11:29:23.350+0000] {taskinstance.py:2614} INFO - Dependencies all met for dep_context=non-requeueable deps ti=<TaskInstance: weather_data_pipeline.openweather_operations.save_openweather_data manual__2025-04-04T11:28:58.238627+00:00 [queued]>
[2025-04-04T11:29:23.361+0000] {taskinstance.py:2614} INFO - Dependencies all met for dep_context=requeueable deps ti=<TaskInstance: weather_data_pipeline.openweather_operations.save_openweather_data manual__2025-04-04T11:28:58.238627+00:00 [queued]>
[2025-04-04T11:29:23.362+0000] {taskinstance.py:2867} INFO - Starting attempt 1 of 2
[2025-04-04T11:29:23.376+0000] {taskinstance.py:2890} INFO - Executing <Task(PythonOperator): openweather_operations.save_openweather_data> on 2025-04-04 11:28:58.238627+00:00
[2025-04-04T11:29:23.384+0000] {standard_task_runner.py:104} INFO - Running: ['airflow', 'tasks', 'run', 'weather_data_pipeline', 'openweather_operations.save_openweather_data', 'manual__2025-04-04T11:28:58.238627+00:00', '--job-id', '25', '--raw', '--subdir', 'DAGS_FOLDER/operators/testdag.py', '--cfg-path', '/tmp/tmplj0183qf']
[2025-04-04T11:29:23.386+0000] {standard_task_runner.py:105} INFO - Job 25: Subtask openweather_operations.save_openweather_data
[2025-04-04T11:29:23.387+0000] {logging_mixin.py:190} WARNING - /home/airflow/.local/lib/python3.12/site-packages/airflow/task/task_runner/standard_task_runner.py:70 DeprecationWarning: This process (pid=226) is multi-threaded, use of fork() may lead to deadlocks in the child.
[2025-04-04T11:29:23.388+0000] {standard_task_runner.py:72} INFO - Started process 244 to run task
[2025-04-04T11:29:23.444+0000] {task_command.py:467} INFO - Running <TaskInstance: weather_data_pipeline.openweather_operations.save_openweather_data manual__2025-04-04T11:28:58.238627+00:00 [running]> on host ff257e555ae6
[2025-04-04T11:29:23.536+0000] {taskinstance.py:3134} INFO - Exporting env vars: AIRFLOW_CTX_DAG_OWNER='airflow' AIRFLOW_CTX_DAG_ID='weather_data_pipeline' AIRFLOW_CTX_TASK_ID='openweather_operations.save_openweather_data' AIRFLOW_CTX_EXECUTION_DATE='2025-04-04T11:28:58.238627+00:00' AIRFLOW_CTX_TRY_NUMBER='1' AIRFLOW_CTX_DAG_RUN_ID='manual__2025-04-04T11:28:58.238627+00:00'
[2025-04-04T11:29:23.538+0000] {taskinstance.py:732} INFO - ::endgroup::
[2025-04-04T11:29:23.571+0000] {logging_mixin.py:190} INFO - Attribute 'temperature' not found in database.
[2025-04-04T11:29:23.572+0000] {logging_mixin.py:190} INFO - Attribute 'humidity' not found in database.
[2025-04-04T11:29:23.572+0000] {logging_mixin.py:190} INFO - Attribute 'wind_speed' not found in database.
[2025-04-04T11:29:23.573+0000] {logging_mixin.py:190} INFO - Attribute 'co' not found in database.
[2025-04-04T11:29:23.573+0000] {logging_mixin.py:190} INFO - Attribute 'no2' not found in database.
[2025-04-04T11:29:23.573+0000] {logging_mixin.py:190} INFO - Attribute 'o3' not found in database.
[2025-04-04T11:29:23.574+0000] {logging_mixin.py:190} INFO - Attribute 'so2' not found in database.
[2025-04-04T11:29:23.574+0000] {logging_mixin.py:190} INFO - Attribute 'pm2.5' not found in database.
[2025-04-04T11:29:23.575+0000] {logging_mixin.py:190} INFO - Attribute 'pm10' not found in database.
[2025-04-04T11:29:23.575+0000] {logging_mixin.py:190} INFO - Attribute 'co2' not found in database.
[2025-04-04T11:29:23.575+0000] {logging_mixin.py:190} INFO - Attribute 'methane' not found in database.
[2025-04-04T11:29:23.576+0000] {logging_mixin.py:190} INFO - Attribute 'nitrous_oxide' not found in database.
[2025-04-04T11:29:23.576+0000] {logging_mixin.py:190} INFO - Attribute 'fluorinated_gases' not found in database.
[2025-04-04T11:29:23.576+0000] {logging_mixin.py:190} INFO - Inserted data for Riyadh
[2025-04-04T11:29:23.577+0000] {logging_mixin.py:190} INFO - Attribute 'temperature' not found in database.
[2025-04-04T11:29:23.578+0000] {logging_mixin.py:190} INFO - Attribute 'humidity' not found in database.
[2025-04-04T11:29:23.578+0000] {logging_mixin.py:190} INFO - Attribute 'wind_speed' not found in database.
[2025-04-04T11:29:23.579+0000] {logging_mixin.py:190} INFO - Attribute 'co' not found in database.
[2025-04-04T11:29:23.579+0000] {logging_mixin.py:190} INFO - Attribute 'no2' not found in database.
[2025-04-04T11:29:23.579+0000] {logging_mixin.py:190} INFO - Attribute 'o3' not found in database.
[2025-04-04T11:29:23.580+0000] {logging_mixin.py:190} INFO - Attribute 'so2' not found in database.
[2025-04-04T11:29:23.580+0000] {logging_mixin.py:190} INFO - Attribute 'pm2.5' not found in database.
[2025-04-04T11:29:23.581+0000] {logging_mixin.py:190} INFO - Attribute 'pm10' not found in database.
[2025-04-04T11:29:23.581+0000] {logging_mixin.py:190} INFO - Attribute 'co2' not found in database.
[2025-04-04T11:29:23.581+0000] {logging_mixin.py:190} INFO - Attribute 'methane' not found in database.
[2025-04-04T11:29:23.582+0000] {logging_mixin.py:190} INFO - Attribute 'nitrous_oxide' not found in database.
[2025-04-04T11:29:23.582+0000] {logging_mixin.py:190} INFO - Attribute 'fluorinated_gases' not found in database.
[2025-04-04T11:29:23.583+0000] {logging_mixin.py:190} INFO - Inserted data for Jeddah
[2025-04-04T11:29:23.584+0000] {logging_mixin.py:190} INFO - Attribute 'temperature' not found in database.
[2025-04-04T11:29:23.584+0000] {logging_mixin.py:190} INFO - Attribute 'humidity' not found in database.
[2025-04-04T11:29:23.584+0000] {logging_mixin.py:190} INFO - Attribute 'wind_speed' not found in database.
[2025-04-04T11:29:23.585+0000] {logging_mixin.py:190} INFO - Attribute 'co' not found in database.
[2025-04-04T11:29:23.585+0000] {logging_mixin.py:190} INFO - Attribute 'no2' not found in database.
[2025-04-04T11:29:23.586+0000] {logging_mixin.py:190} INFO - Attribute 'o3' not found in database.
[2025-04-04T11:29:23.586+0000] {logging_mixin.py:190} INFO - Attribute 'so2' not found in database.
[2025-04-04T11:29:23.586+0000] {logging_mixin.py:190} INFO - Attribute 'pm2.5' not found in database.
[2025-04-04T11:29:23.587+0000] {logging_mixin.py:190} INFO - Attribute 'pm10' not found in database.
[2025-04-04T11:29:23.587+0000] {logging_mixin.py:190} INFO - Attribute 'co2' not found in database.
[2025-04-04T11:29:23.588+0000] {logging_mixin.py:190} INFO - Attribute 'methane' not found in database.
[2025-04-04T11:29:23.588+0000] {logging_mixin.py:190} INFO - Attribute 'nitrous_oxide' not found in database.
[2025-04-04T11:29:23.589+0000] {logging_mixin.py:190} INFO - Attribute 'fluorinated_gases' not found in database.
[2025-04-04T11:29:23.589+0000] {logging_mixin.py:190} INFO - Inserted data for Mecca
[2025-04-04T11:29:23.590+0000] {logging_mixin.py:190} INFO - Attribute 'temperature' not found in database.
[2025-04-04T11:29:23.590+0000] {logging_mixin.py:190} INFO - Attribute 'humidity' not found in database.
[2025-04-04T11:29:23.591+0000] {logging_mixin.py:190} INFO - Attribute 'wind_speed' not found in database.
[2025-04-04T11:29:23.591+0000] {logging_mixin.py:190} INFO - Attribute 'co' not found in database.
[2025-04-04T11:29:23.591+0000] {logging_mixin.py:190} INFO - Attribute 'no2' not found in database.
[2025-04-04T11:29:23.592+0000] {logging_mixin.py:190} INFO - Attribute 'o3' not found in database.
[2025-04-04T11:29:23.592+0000] {logging_mixin.py:190} INFO - Attribute 'so2' not found in database.
[2025-04-04T11:29:23.592+0000] {logging_mixin.py:190} INFO - Attribute 'pm2.5' not found in database.
[2025-04-04T11:29:23.592+0000] {logging_mixin.py:190} INFO - Attribute 'pm10' not found in database.
[2025-04-04T11:29:23.593+0000] {logging_mixin.py:190} INFO - Attribute 'co2' not found in database.
[2025-04-04T11:29:23.593+0000] {logging_mixin.py:190} INFO - Attribute 'methane' not found in database.
[2025-04-04T11:29:23.593+0000] {logging_mixin.py:190} INFO - Attribute 'nitrous_oxide' not found in database.
[2025-04-04T11:29:23.594+0000] {logging_mixin.py:190} INFO - Attribute 'fluorinated_gases' not found in database.
[2025-04-04T11:29:23.594+0000] {logging_mixin.py:190} INFO - Inserted data for Medina
[2025-04-04T11:29:23.595+0000] {logging_mixin.py:190} INFO - Attribute 'temperature' not found in database.
[2025-04-04T11:29:23.596+0000] {logging_mixin.py:190} INFO - Attribute 'humidity' not found in database.
[2025-04-04T11:29:23.596+0000] {logging_mixin.py:190} INFO - Attribute 'wind_speed' not found in database.
[2025-04-04T11:29:23.596+0000] {logging_mixin.py:190} INFO - Attribute 'co' not found in database.
[2025-04-04T11:29:23.597+0000] {logging_mixin.py:190} INFO - Attribute 'no2' not found in database.
[2025-04-04T11:29:23.597+0000] {logging_mixin.py:190} INFO - Attribute 'o3' not found in database.
[2025-04-04T11:29:23.597+0000] {logging_mixin.py:190} INFO - Attribute 'so2' not found in database.
[2025-04-04T11:29:23.598+0000] {logging_mixin.py:190} INFO - Attribute 'pm2.5' not found in database.
[2025-04-04T11:29:23.598+0000] {logging_mixin.py:190} INFO - Attribute 'pm10' not found in database.
[2025-04-04T11:29:23.598+0000] {logging_mixin.py:190} INFO - Attribute 'co2' not found in database.
[2025-04-04T11:29:23.598+0000] {logging_mixin.py:190} INFO - Attribute 'methane' not found in database.
[2025-04-04T11:29:23.599+0000] {logging_mixin.py:190} INFO - Attribute 'nitrous_oxide' not found in database.
[2025-04-04T11:29:23.599+0000] {logging_mixin.py:190} INFO - Attribute 'fluorinated_gases' not found in database.
[2025-04-04T11:29:23.599+0000] {logging_mixin.py:190} INFO - Inserted data for Dammam
[2025-04-04T11:29:23.600+0000] {logging_mixin.py:190} INFO - Attribute 'temperature' not found in database.
[2025-04-04T11:29:23.601+0000] {logging_mixin.py:190} INFO - Attribute 'humidity' not found in database.
[2025-04-04T11:29:23.601+0000] {logging_mixin.py:190} INFO - Attribute 'wind_speed' not found in database.
[2025-04-04T11:29:23.601+0000] {logging_mixin.py:190} INFO - Attribute 'co' not found in database.
[2025-04-04T11:29:23.602+0000] {logging_mixin.py:190} INFO - Attribute 'no2' not found in database.
[2025-04-04T11:29:23.602+0000] {logging_mixin.py:190} INFO - Attribute 'o3' not found in database.
[2025-04-04T11:29:23.602+0000] {logging_mixin.py:190} INFO - Attribute 'so2' not found in database.
[2025-04-04T11:29:23.603+0000] {logging_mixin.py:190} INFO - Attribute 'pm2.5' not found in database.
[2025-04-04T11:29:23.603+0000] {logging_mixin.py:190} INFO - Attribute 'pm10' not found in database.
[2025-04-04T11:29:23.603+0000] {logging_mixin.py:190} INFO - Attribute 'co2' not found in database.
[2025-04-04T11:29:23.604+0000] {logging_mixin.py:190} INFO - Attribute 'methane' not found in database.
[2025-04-04T11:29:23.604+0000] {logging_mixin.py:190} INFO - Attribute 'nitrous_oxide' not found in database.
[2025-04-04T11:29:23.604+0000] {logging_mixin.py:190} INFO - Attribute 'fluorinated_gases' not found in database.
[2025-04-04T11:29:23.605+0000] {logging_mixin.py:190} INFO - Inserted data for Taif
[2025-04-04T11:29:23.605+0000] {python.py:240} INFO - Done. Returned value was: Successfully inserted measurement into database
[2025-04-04T11:29:23.631+0000] {taskinstance.py:341} INFO - ::group::Post task execution logs
[2025-04-04T11:29:23.632+0000] {taskinstance.py:353} INFO - Marking task as SUCCESS. dag_id=weather_data_pipeline, task_id=openweather_operations.save_openweather_data, run_id=manual__2025-04-04T11:28:58.238627+00:00, execution_date=20250404T112858, start_date=20250404T112923, end_date=20250404T112923
[2025-04-04T11:29:23.683+0000] {local_task_job_runner.py:266} INFO - Task exited with return code 0
[2025-04-04T11:29:23.705+0000] {taskinstance.py:3901} INFO - 0 downstream tasks scheduled from follow-on schedule check
[2025-04-04T11:29:23.708+0000] {local_task_job_runner.py:245} INFO - ::endgroup::
