[2025-04-04T11:28:20.632+0000] {local_task_job_runner.py:123} INFO - ::group::Pre task execution logs
[2025-04-04T11:28:20.653+0000] {taskinstance.py:2614} INFO - Dependencies all met for dep_context=non-requeueable deps ti=<TaskInstance: weather_data_pipeline.meteo_operations.save_meteo_data manual__2025-04-04T11:22:57.628657+00:00 [queued]>
[2025-04-04T11:28:20.662+0000] {taskinstance.py:2614} INFO - Dependencies all met for dep_context=requeueable deps ti=<TaskInstance: weather_data_pipeline.meteo_operations.save_meteo_data manual__2025-04-04T11:22:57.628657+00:00 [queued]>
[2025-04-04T11:28:20.663+0000] {taskinstance.py:2867} INFO - Starting attempt 2 of 2
[2025-04-04T11:28:20.674+0000] {taskinstance.py:2890} INFO - Executing <Task(PythonOperator): meteo_operations.save_meteo_data> on 2025-04-04 11:22:57.628657+00:00
[2025-04-04T11:28:20.682+0000] {standard_task_runner.py:104} INFO - Running: ['airflow', 'tasks', 'run', 'weather_data_pipeline', 'meteo_operations.save_meteo_data', 'manual__2025-04-04T11:22:57.628657+00:00', '--job-id', '20', '--raw', '--subdir', 'DAGS_FOLDER/operators/testdag.py', '--cfg-path', '/tmp/tmpbdobl8ij']
[2025-04-04T11:28:20.685+0000] {standard_task_runner.py:105} INFO - Job 20: Subtask meteo_operations.save_meteo_data
[2025-04-04T11:28:20.685+0000] {logging_mixin.py:190} WARNING - /home/airflow/.local/lib/python3.12/site-packages/airflow/task/task_runner/standard_task_runner.py:70 DeprecationWarning: This process (pid=122) is multi-threaded, use of fork() may lead to deadlocks in the child.
[2025-04-04T11:28:20.686+0000] {standard_task_runner.py:72} INFO - Started process 140 to run task
[2025-04-04T11:28:20.737+0000] {task_command.py:467} INFO - Running <TaskInstance: weather_data_pipeline.meteo_operations.save_meteo_data manual__2025-04-04T11:22:57.628657+00:00 [running]> on host ff257e555ae6
[2025-04-04T11:28:20.815+0000] {taskinstance.py:3134} INFO - Exporting env vars: AIRFLOW_CTX_DAG_OWNER='airflow' AIRFLOW_CTX_DAG_ID='weather_data_pipeline' AIRFLOW_CTX_TASK_ID='meteo_operations.save_meteo_data' AIRFLOW_CTX_EXECUTION_DATE='2025-04-04T11:22:57.628657+00:00' AIRFLOW_CTX_TRY_NUMBER='2' AIRFLOW_CTX_DAG_RUN_ID='manual__2025-04-04T11:22:57.628657+00:00'
[2025-04-04T11:28:20.816+0000] {taskinstance.py:732} INFO - ::endgroup::
[2025-04-04T11:28:20.846+0000] {logging_mixin.py:190} INFO - Attribute 'temperature' not found in database.
[2025-04-04T11:28:20.847+0000] {logging_mixin.py:190} INFO - Attribute 'humidity' not found in database.
[2025-04-04T11:28:20.847+0000] {logging_mixin.py:190} INFO - Attribute 'wind_speed' not found in database.
[2025-04-04T11:28:20.848+0000] {logging_mixin.py:190} INFO - Attribute 'pm2.5' not found in database.
[2025-04-04T11:28:20.848+0000] {logging_mixin.py:190} INFO - Attribute 'co2' not found in database.
[2025-04-04T11:28:20.849+0000] {python.py:240} INFO - Done. Returned value was: Successfully inserted measurement into database
[2025-04-04T11:28:20.872+0000] {taskinstance.py:341} INFO - ::group::Post task execution logs
[2025-04-04T11:28:20.873+0000] {taskinstance.py:353} INFO - Marking task as SUCCESS. dag_id=weather_data_pipeline, task_id=meteo_operations.save_meteo_data, run_id=manual__2025-04-04T11:22:57.628657+00:00, execution_date=20250404T112257, start_date=20250404T112820, end_date=20250404T112820
[2025-04-04T11:28:20.941+0000] {local_task_job_runner.py:266} INFO - Task exited with return code 0
[2025-04-04T11:28:20.964+0000] {taskinstance.py:3901} INFO - 0 downstream tasks scheduled from follow-on schedule check
[2025-04-04T11:28:20.966+0000] {local_task_job_runner.py:245} INFO - ::endgroup::
