[2025-04-15T13:45:28.606+0000] {local_task_job_runner.py:123} INFO - ::group::Pre task execution logs
[2025-04-15T13:45:28.618+0000] {taskinstance.py:2614} INFO - Dependencies all met for dep_context=non-requeueable deps ti=<TaskInstance: weather_data_pipeline.openweather_operations.collect_openweather_data manual__2025-04-15T13:45:09.580364+00:00 [queued]>
[2025-04-15T13:45:28.624+0000] {taskinstance.py:2614} INFO - Dependencies all met for dep_context=requeueable deps ti=<TaskInstance: weather_data_pipeline.openweather_operations.collect_openweather_data manual__2025-04-15T13:45:09.580364+00:00 [queued]>
[2025-04-15T13:45:28.624+0000] {taskinstance.py:2867} INFO - Starting attempt 1 of 2
[2025-04-15T13:45:28.631+0000] {taskinstance.py:2890} INFO - Executing <Task(PythonOperator): openweather_operations.collect_openweather_data> on 2025-04-15 13:45:09.580364+00:00
[2025-04-15T13:45:28.636+0000] {standard_task_runner.py:104} INFO - Running: ['airflow', 'tasks', 'run', 'weather_data_pipeline', 'openweather_operations.collect_openweather_data', 'manual__2025-04-15T13:45:09.580364+00:00', '--job-id', '5', '--raw', '--subdir', 'DAGS_FOLDER/data_pipeline.py', '--cfg-path', '/tmp/tmpkif2rbkd']
[2025-04-15T13:45:28.637+0000] {standard_task_runner.py:105} INFO - Job 5: Subtask openweather_operations.collect_openweather_data
[2025-04-15T13:45:28.639+0000] {logging_mixin.py:190} WARNING - /home/airflow/.local/lib/python3.12/site-packages/airflow/task/task_runner/standard_task_runner.py:70 DeprecationWarning: This process (pid=138) is multi-threaded, use of fork() may lead to deadlocks in the child.
[2025-04-15T13:45:28.640+0000] {standard_task_runner.py:72} INFO - Started process 161 to run task
[2025-04-15T13:45:28.666+0000] {task_command.py:467} INFO - Running <TaskInstance: weather_data_pipeline.openweather_operations.collect_openweather_data manual__2025-04-15T13:45:09.580364+00:00 [running]> on host 9b6a771fafd5
[2025-04-15T13:45:28.713+0000] {taskinstance.py:3134} INFO - Exporting env vars: AIRFLOW_CTX_DAG_OWNER='airflow' AIRFLOW_CTX_DAG_ID='weather_data_pipeline' AIRFLOW_CTX_TASK_ID='openweather_operations.collect_openweather_data' AIRFLOW_CTX_EXECUTION_DATE='2025-04-15T13:45:09.580364+00:00' AIRFLOW_CTX_TRY_NUMBER='1' AIRFLOW_CTX_DAG_RUN_ID='manual__2025-04-15T13:45:09.580364+00:00'
[2025-04-15T13:45:28.714+0000] {taskinstance.py:732} INFO - ::endgroup::
[2025-04-15T13:45:29.551+0000] {logging_mixin.py:190} INFO - Successfully collected data for Riyadh
[2025-04-15T13:45:30.435+0000] {logging_mixin.py:190} INFO - Successfully collected data for Jeddah
[2025-04-15T13:45:31.277+0000] {logging_mixin.py:190} INFO - Successfully collected data for Mecca
[2025-04-15T13:45:32.159+0000] {logging_mixin.py:190} INFO - Successfully collected data for Medina
[2025-04-15T13:45:33.018+0000] {logging_mixin.py:190} INFO - Successfully collected data for Dammam
[2025-04-15T13:45:33.885+0000] {logging_mixin.py:190} INFO - Successfully collected data for Taif
[2025-04-15T13:45:33.885+0000] {python.py:240} INFO - Done. Returned value was: [{'city': 'Riyadh', 'lat': 24.7136, 'lon': 46.6753, 'temperature': 31.54000000000002, 'humidity': 10.0, 'wind_speed': 2.05, 'co': 111.51, 'no2': 1.41, 'o3': 149.47, 'so2': 9.31, 'pm2_5': 23.8, 'pm10': 74.42, 'co2': 0.0, 'methane': 0.0, 'nitrous_oxide': 0.0, 'fluorinated_gases': 0.0, 'timestamp': '2025-04-15 13:45:06'}, {'city': 'Jeddah', 'lat': 21.5433, 'lon': 39.1728, 'temperature': 26.390000000000043, 'humidity': 40.0, 'wind_speed': 9.09, 'co': 115.8, 'no2': 0.57, 'o3': 128.85, 'so2': 2.05, 'pm2_5': 10.53, 'pm10': 41.69, 'co2': 0.0, 'methane': 0.0, 'nitrous_oxide': 0.0, 'fluorinated_gases': 0.0, 'timestamp': '2025-04-15 13:45:18'}, {'city': 'Mecca', 'lat': 21.3891, 'lon': 39.8579, 'temperature': 31.52000000000004, 'humidity': 13.0, 'wind_speed': 5.6, 'co': 119.88, 'no2': 1.94, 'o3': 150.2, 'so2': 14.83, 'pm2_5': 18.95, 'pm10': 56.72, 'co2': 0.0, 'methane': 0.0, 'nitrous_oxide': 0.0, 'fluorinated_gases': 0.0, 'timestamp': '2025-04-15 13:42:41'}, {'city': 'Medina', 'lat': 24.5247, 'lon': 39.5692, 'temperature': 32.129999999999995, 'humidity': 6.0, 'wind_speed': 2.13, 'co': 117.39, 'no2': 1.99, 'o3': 166.86, 'so2': 15.2, 'pm2_5': 16.37, 'pm10': 50.29, 'co2': 0.0, 'methane': 0.0, 'nitrous_oxide': 0.0, 'fluorinated_gases': 0.0, 'timestamp': '2025-04-15 13:45:20'}, {'city': 'Dammam', 'lat': 26.4207, 'lon': 50.0888, 'temperature': 28.49000000000001, 'humidity': 24.0, 'wind_speed': 10.05, 'co': 124.93, 'no2': 5.76, 'o3': 160.64, 'so2': 16.94, 'pm2_5': 61.14, 'pm10': 318.01, 'co2': 0.0, 'methane': 0.0, 'nitrous_oxide': 0.0, 'fluorinated_gases': 0.0, 'timestamp': '2025-04-15 13:45:21'}, {'city': 'Taif', 'lat': 21.4267, 'lon': 40.4833, 'temperature': 27.120000000000005, 'humidity': 7.0, 'wind_speed': 5.67, 'co': 123.01, 'no2': 3.36, 'o3': 172.45, 'so2': 33.51, 'pm2_5': 35.35, 'pm10': 96.04, 'co2': 0.0, 'methane': 0.0, 'nitrous_oxide': 0.0, 'fluorinated_gases': 0.0, 'timestamp': '2025-04-15 13:45:22'}]
[2025-04-15T13:45:33.902+0000] {taskinstance.py:341} INFO - ::group::Post task execution logs
[2025-04-15T13:45:33.903+0000] {taskinstance.py:353} INFO - Marking task as SUCCESS. dag_id=weather_data_pipeline, task_id=openweather_operations.collect_openweather_data, run_id=manual__2025-04-15T13:45:09.580364+00:00, execution_date=20250415T134509, start_date=20250415T134528, end_date=20250415T134533
[2025-04-15T13:45:33.938+0000] {local_task_job_runner.py:266} INFO - Task exited with return code 0
[2025-04-15T13:45:33.951+0000] {taskinstance.py:3901} INFO - 1 downstream tasks scheduled from follow-on schedule check
[2025-04-15T13:45:33.953+0000] {local_task_job_runner.py:245} INFO - ::endgroup::
