[2025-04-07T18:57:36.720+0000] {local_task_job_runner.py:123} INFO - ::group::Pre task execution logs
[2025-04-07T18:57:36.732+0000] {taskinstance.py:2614} INFO - Dependencies all met for dep_context=non-requeueable deps ti=<TaskInstance: weather_data_pipeline.openweather_operations.collect_openweather_data manual__2025-04-07T18:57:18.768120+00:00 [queued]>
[2025-04-07T18:57:36.738+0000] {taskinstance.py:2614} INFO - Dependencies all met for dep_context=requeueable deps ti=<TaskInstance: weather_data_pipeline.openweather_operations.collect_openweather_data manual__2025-04-07T18:57:18.768120+00:00 [queued]>
[2025-04-07T18:57:36.738+0000] {taskinstance.py:2867} INFO - Starting attempt 1 of 2
[2025-04-07T18:57:36.746+0000] {taskinstance.py:2890} INFO - Executing <Task(PythonOperator): openweather_operations.collect_openweather_data> on 2025-04-07 18:57:18.768120+00:00
[2025-04-07T18:57:36.751+0000] {standard_task_runner.py:104} INFO - Running: ['airflow', 'tasks', 'run', 'weather_data_pipeline', 'openweather_operations.collect_openweather_data', 'manual__2025-04-07T18:57:18.768120+00:00', '--job-id', '5', '--raw', '--subdir', 'DAGS_FOLDER/operators/testdag.py', '--cfg-path', '/tmp/tmp0x_k7fdy']
[2025-04-07T18:57:36.752+0000] {standard_task_runner.py:105} INFO - Job 5: Subtask openweather_operations.collect_openweather_data
[2025-04-07T18:57:36.754+0000] {logging_mixin.py:190} WARNING - /home/airflow/.local/lib/python3.12/site-packages/airflow/task/task_runner/standard_task_runner.py:70 DeprecationWarning: This process (pid=116) is multi-threaded, use of fork() may lead to deadlocks in the child.
[2025-04-07T18:57:36.754+0000] {standard_task_runner.py:72} INFO - Started process 138 to run task
[2025-04-07T18:57:36.781+0000] {task_command.py:467} INFO - Running <TaskInstance: weather_data_pipeline.openweather_operations.collect_openweather_data manual__2025-04-07T18:57:18.768120+00:00 [running]> on host eb1728c490e8
[2025-04-07T18:57:36.831+0000] {taskinstance.py:3134} INFO - Exporting env vars: AIRFLOW_CTX_DAG_OWNER='airflow' AIRFLOW_CTX_DAG_ID='weather_data_pipeline' AIRFLOW_CTX_TASK_ID='openweather_operations.collect_openweather_data' AIRFLOW_CTX_EXECUTION_DATE='2025-04-07T18:57:18.768120+00:00' AIRFLOW_CTX_TRY_NUMBER='1' AIRFLOW_CTX_DAG_RUN_ID='manual__2025-04-07T18:57:18.768120+00:00'
[2025-04-07T18:57:36.831+0000] {taskinstance.py:732} INFO - ::endgroup::
[2025-04-07T18:57:37.696+0000] {logging_mixin.py:190} INFO - Successfully collected data for Riyadh
[2025-04-07T18:57:38.539+0000] {logging_mixin.py:190} INFO - Successfully collected data for Jeddah
[2025-04-07T18:57:39.414+0000] {logging_mixin.py:190} INFO - Successfully collected data for Mecca
[2025-04-07T18:57:40.266+0000] {logging_mixin.py:190} INFO - Successfully collected data for Medina
[2025-04-07T18:57:41.108+0000] {logging_mixin.py:190} INFO - Successfully collected data for Dammam
[2025-04-07T18:57:42.009+0000] {logging_mixin.py:190} INFO - Successfully collected data for Taif
[2025-04-07T18:57:42.010+0000] {python.py:240} INFO - Done. Returned value was: [{'city': 'Riyadh', 'lat': 24.7136, 'lon': 46.6753, 'temperature': 28.180000000000007, 'humidity': 19.0, 'wind_speed': 4.18, 'co': 357.15, 'no2': 69.92, 'o3': 23.25, 'so2': 87.74, 'pm2_5': 39.14, 'pm10': 152.74, 'co2': 0.0, 'methane': 0.0, 'nitrous_oxide': 0.0, 'fluorinated_gases': 0.0, 'timestamp': '2025-04-07 18:56:05'}, {'city': 'Jeddah', 'lat': 21.5433, 'lon': 39.1728, 'temperature': 28.760000000000048, 'humidity': 68.0, 'wind_speed': 1.55, 'co': 250.34, 'no2': 18.85, 'o3': 42.92, 'so2': 25.75, 'pm2_5': 23.67, 'pm10': 77.91, 'co2': 0.0, 'methane': 0.0, 'nitrous_oxide': 0.0, 'fluorinated_gases': 0.0, 'timestamp': '2025-04-07 18:57:26'}, {'city': 'Mecca', 'lat': 21.3891, 'lon': 39.8579, 'temperature': 27.939999999999998, 'humidity': 53.0, 'wind_speed': 1.32, 'co': 300.41, 'no2': 34.62, 'o3': 40.41, 'so2': 50.55, 'pm2_5': 24.72, 'pm10': 89.93, 'co2': 0.0, 'methane': 0.0, 'nitrous_oxide': 0.0, 'fluorinated_gases': 0.0, 'timestamp': '2025-04-07 18:53:17'}, {'city': 'Medina', 'lat': 24.5247, 'lon': 39.5692, 'temperature': 32.660000000000025, 'humidity': 32.0, 'wind_speed': 3.87, 'co': 223.64, 'no2': 4.28, 'o3': 157.36, 'so2': 39.1, 'pm2_5': 86.45, 'pm10': 144.38, 'co2': 0.0, 'methane': 0.0, 'nitrous_oxide': 0.0, 'fluorinated_gases': 0.0, 'timestamp': '2025-04-07 18:52:45'}, {'city': 'Dammam', 'lat': 26.4207, 'lon': 50.0888, 'temperature': 26.670000000000016, 'humidity': 44.0, 'wind_speed': 5.21, 'co': 714.3, 'no2': 90.48, 'o3': 47.92, 'so2': 22.41, 'pm2_5': 65.12, 'pm10': 169.01, 'co2': 0.0, 'methane': 0.0, 'nitrous_oxide': 0.0, 'fluorinated_gases': 0.0, 'timestamp': '2025-04-07 18:52:45'}, {'city': 'Taif', 'lat': 21.4267, 'lon': 40.4833, 'temperature': 23.170000000000016, 'humidity': 46.0, 'wind_speed': 2.3, 'co': 210.29, 'no2': 6.17, 'o3': 57.22, 'so2': 19.79, 'pm2_5': 24.69, 'pm10': 92.81, 'co2': 0.0, 'methane': 0.0, 'nitrous_oxide': 0.0, 'fluorinated_gases': 0.0, 'timestamp': '2025-04-07 18:57:30'}]
[2025-04-07T18:57:42.030+0000] {taskinstance.py:341} INFO - ::group::Post task execution logs
[2025-04-07T18:57:42.030+0000] {taskinstance.py:353} INFO - Marking task as SUCCESS. dag_id=weather_data_pipeline, task_id=openweather_operations.collect_openweather_data, run_id=manual__2025-04-07T18:57:18.768120+00:00, execution_date=20250407T185718, start_date=20250407T185736, end_date=20250407T185742
[2025-04-07T18:57:42.054+0000] {local_task_job_runner.py:266} INFO - Task exited with return code 0
[2025-04-07T18:57:42.069+0000] {taskinstance.py:3901} INFO - 1 downstream tasks scheduled from follow-on schedule check
[2025-04-07T18:57:42.071+0000] {local_task_job_runner.py:245} INFO - ::endgroup::
