[2025-04-04T11:28:24.928+0000] {local_task_job_runner.py:123} INFO - ::group::Pre task execution logs
[2025-04-04T11:28:24.947+0000] {taskinstance.py:2614} INFO - Dependencies all met for dep_context=non-requeueable deps ti=<TaskInstance: weather_data_pipeline.openweather_operations.save_openweather_data manual__2025-04-04T11:22:57.628657+00:00 [queued]>
[2025-04-04T11:28:24.954+0000] {taskinstance.py:2614} INFO - Dependencies all met for dep_context=requeueable deps ti=<TaskInstance: weather_data_pipeline.openweather_operations.save_openweather_data manual__2025-04-04T11:22:57.628657+00:00 [queued]>
[2025-04-04T11:28:24.955+0000] {taskinstance.py:2867} INFO - Starting attempt 2 of 2
[2025-04-04T11:28:24.965+0000] {taskinstance.py:2890} INFO - Executing <Task(PythonOperator): openweather_operations.save_openweather_data> on 2025-04-04 11:22:57.628657+00:00
[2025-04-04T11:28:24.972+0000] {standard_task_runner.py:104} INFO - Running: ['airflow', 'tasks', 'run', 'weather_data_pipeline', 'openweather_operations.save_openweather_data', 'manual__2025-04-04T11:22:57.628657+00:00', '--job-id', '21', '--raw', '--subdir', 'DAGS_FOLDER/operators/testdag.py', '--cfg-path', '/tmp/tmpp_521_if']
[2025-04-04T11:28:24.975+0000] {standard_task_runner.py:105} INFO - Job 21: Subtask openweather_operations.save_openweather_data
[2025-04-04T11:28:24.977+0000] {logging_mixin.py:190} WARNING - /home/airflow/.local/lib/python3.12/site-packages/airflow/task/task_runner/standard_task_runner.py:70 DeprecationWarning: This process (pid=142) is multi-threaded, use of fork() may lead to deadlocks in the child.
[2025-04-04T11:28:24.978+0000] {standard_task_runner.py:72} INFO - Started process 160 to run task
[2025-04-04T11:28:25.024+0000] {task_command.py:467} INFO - Running <TaskInstance: weather_data_pipeline.openweather_operations.save_openweather_data manual__2025-04-04T11:22:57.628657+00:00 [running]> on host ff257e555ae6
[2025-04-04T11:28:25.095+0000] {taskinstance.py:3134} INFO - Exporting env vars: AIRFLOW_CTX_DAG_OWNER='airflow' AIRFLOW_CTX_DAG_ID='weather_data_pipeline' AIRFLOW_CTX_TASK_ID='openweather_operations.save_openweather_data' AIRFLOW_CTX_EXECUTION_DATE='2025-04-04T11:22:57.628657+00:00' AIRFLOW_CTX_TRY_NUMBER='2' AIRFLOW_CTX_DAG_RUN_ID='manual__2025-04-04T11:22:57.628657+00:00'
[2025-04-04T11:28:25.096+0000] {taskinstance.py:732} INFO - ::endgroup::
[2025-04-04T11:28:25.124+0000] {logging_mixin.py:190} INFO - Attribute 'temperature' not found in database.
[2025-04-04T11:28:25.125+0000] {logging_mixin.py:190} INFO - Attribute 'humidity' not found in database.
[2025-04-04T11:28:25.125+0000] {logging_mixin.py:190} INFO - Attribute 'wind_speed' not found in database.
[2025-04-04T11:28:25.125+0000] {logging_mixin.py:190} INFO - Attribute 'co' not found in database.
[2025-04-04T11:28:25.126+0000] {logging_mixin.py:190} INFO - Attribute 'no2' not found in database.
[2025-04-04T11:28:25.126+0000] {logging_mixin.py:190} INFO - Attribute 'o3' not found in database.
[2025-04-04T11:28:25.126+0000] {logging_mixin.py:190} INFO - Attribute 'so2' not found in database.
[2025-04-04T11:28:25.127+0000] {logging_mixin.py:190} INFO - Attribute 'pm2.5' not found in database.
[2025-04-04T11:28:25.127+0000] {logging_mixin.py:190} INFO - Attribute 'pm10' not found in database.
[2025-04-04T11:28:25.127+0000] {logging_mixin.py:190} INFO - Attribute 'co2' not found in database.
[2025-04-04T11:28:25.127+0000] {logging_mixin.py:190} INFO - Attribute 'methane' not found in database.
[2025-04-04T11:28:25.128+0000] {logging_mixin.py:190} INFO - Attribute 'nitrous_oxide' not found in database.
[2025-04-04T11:28:25.128+0000] {logging_mixin.py:190} INFO - Attribute 'fluorinated_gases' not found in database.
[2025-04-04T11:28:25.128+0000] {logging_mixin.py:190} INFO - Inserted data for Riyadh
[2025-04-04T11:28:25.129+0000] {logging_mixin.py:190} INFO - Attribute 'temperature' not found in database.
[2025-04-04T11:28:25.130+0000] {logging_mixin.py:190} INFO - Attribute 'humidity' not found in database.
[2025-04-04T11:28:25.130+0000] {logging_mixin.py:190} INFO - Attribute 'wind_speed' not found in database.
[2025-04-04T11:28:25.130+0000] {logging_mixin.py:190} INFO - Attribute 'co' not found in database.
[2025-04-04T11:28:25.130+0000] {logging_mixin.py:190} INFO - Attribute 'no2' not found in database.
[2025-04-04T11:28:25.131+0000] {logging_mixin.py:190} INFO - Attribute 'o3' not found in database.
[2025-04-04T11:28:25.131+0000] {logging_mixin.py:190} INFO - Attribute 'so2' not found in database.
[2025-04-04T11:28:25.131+0000] {logging_mixin.py:190} INFO - Attribute 'pm2.5' not found in database.
[2025-04-04T11:28:25.132+0000] {logging_mixin.py:190} INFO - Attribute 'pm10' not found in database.
[2025-04-04T11:28:25.132+0000] {logging_mixin.py:190} INFO - Attribute 'co2' not found in database.
[2025-04-04T11:28:25.132+0000] {logging_mixin.py:190} INFO - Attribute 'methane' not found in database.
[2025-04-04T11:28:25.132+0000] {logging_mixin.py:190} INFO - Attribute 'nitrous_oxide' not found in database.
[2025-04-04T11:28:25.133+0000] {logging_mixin.py:190} INFO - Attribute 'fluorinated_gases' not found in database.
[2025-04-04T11:28:25.133+0000] {logging_mixin.py:190} INFO - Inserted data for Jeddah
[2025-04-04T11:28:25.134+0000] {logging_mixin.py:190} INFO - Attribute 'temperature' not found in database.
[2025-04-04T11:28:25.134+0000] {logging_mixin.py:190} INFO - Attribute 'humidity' not found in database.
[2025-04-04T11:28:25.134+0000] {logging_mixin.py:190} INFO - Attribute 'wind_speed' not found in database.
[2025-04-04T11:28:25.135+0000] {logging_mixin.py:190} INFO - Attribute 'co' not found in database.
[2025-04-04T11:28:25.135+0000] {logging_mixin.py:190} INFO - Attribute 'no2' not found in database.
[2025-04-04T11:28:25.135+0000] {logging_mixin.py:190} INFO - Attribute 'o3' not found in database.
[2025-04-04T11:28:25.136+0000] {logging_mixin.py:190} INFO - Attribute 'so2' not found in database.
[2025-04-04T11:28:25.136+0000] {logging_mixin.py:190} INFO - Attribute 'pm2.5' not found in database.
[2025-04-04T11:28:25.136+0000] {logging_mixin.py:190} INFO - Attribute 'pm10' not found in database.
[2025-04-04T11:28:25.136+0000] {logging_mixin.py:190} INFO - Attribute 'co2' not found in database.
[2025-04-04T11:28:25.137+0000] {logging_mixin.py:190} INFO - Attribute 'methane' not found in database.
[2025-04-04T11:28:25.137+0000] {logging_mixin.py:190} INFO - Attribute 'nitrous_oxide' not found in database.
[2025-04-04T11:28:25.137+0000] {logging_mixin.py:190} INFO - Attribute 'fluorinated_gases' not found in database.
[2025-04-04T11:28:25.138+0000] {logging_mixin.py:190} INFO - Inserted data for Mecca
[2025-04-04T11:28:25.139+0000] {logging_mixin.py:190} INFO - Attribute 'temperature' not found in database.
[2025-04-04T11:28:25.139+0000] {logging_mixin.py:190} INFO - Attribute 'humidity' not found in database.
[2025-04-04T11:28:25.139+0000] {logging_mixin.py:190} INFO - Attribute 'wind_speed' not found in database.
[2025-04-04T11:28:25.139+0000] {logging_mixin.py:190} INFO - Attribute 'co' not found in database.
[2025-04-04T11:28:25.140+0000] {logging_mixin.py:190} INFO - Attribute 'no2' not found in database.
[2025-04-04T11:28:25.140+0000] {logging_mixin.py:190} INFO - Attribute 'o3' not found in database.
[2025-04-04T11:28:25.140+0000] {logging_mixin.py:190} INFO - Attribute 'so2' not found in database.
[2025-04-04T11:28:25.141+0000] {logging_mixin.py:190} INFO - Attribute 'pm2.5' not found in database.
[2025-04-04T11:28:25.141+0000] {logging_mixin.py:190} INFO - Attribute 'pm10' not found in database.
[2025-04-04T11:28:25.141+0000] {logging_mixin.py:190} INFO - Attribute 'co2' not found in database.
[2025-04-04T11:28:25.141+0000] {logging_mixin.py:190} INFO - Attribute 'methane' not found in database.
[2025-04-04T11:28:25.142+0000] {logging_mixin.py:190} INFO - Attribute 'nitrous_oxide' not found in database.
[2025-04-04T11:28:25.142+0000] {logging_mixin.py:190} INFO - Attribute 'fluorinated_gases' not found in database.
[2025-04-04T11:28:25.143+0000] {logging_mixin.py:190} INFO - Inserted data for Medina
[2025-04-04T11:28:25.144+0000] {logging_mixin.py:190} INFO - Attribute 'temperature' not found in database.
[2025-04-04T11:28:25.144+0000] {logging_mixin.py:190} INFO - Attribute 'humidity' not found in database.
[2025-04-04T11:28:25.144+0000] {logging_mixin.py:190} INFO - Attribute 'wind_speed' not found in database.
[2025-04-04T11:28:25.145+0000] {logging_mixin.py:190} INFO - Attribute 'co' not found in database.
[2025-04-04T11:28:25.145+0000] {logging_mixin.py:190} INFO - Attribute 'no2' not found in database.
[2025-04-04T11:28:25.145+0000] {logging_mixin.py:190} INFO - Attribute 'o3' not found in database.
[2025-04-04T11:28:25.145+0000] {logging_mixin.py:190} INFO - Attribute 'so2' not found in database.
[2025-04-04T11:28:25.146+0000] {logging_mixin.py:190} INFO - Attribute 'pm2.5' not found in database.
[2025-04-04T11:28:25.146+0000] {logging_mixin.py:190} INFO - Attribute 'pm10' not found in database.
[2025-04-04T11:28:25.146+0000] {logging_mixin.py:190} INFO - Attribute 'co2' not found in database.
[2025-04-04T11:28:25.147+0000] {logging_mixin.py:190} INFO - Attribute 'methane' not found in database.
[2025-04-04T11:28:25.147+0000] {logging_mixin.py:190} INFO - Attribute 'nitrous_oxide' not found in database.
[2025-04-04T11:28:25.147+0000] {logging_mixin.py:190} INFO - Attribute 'fluorinated_gases' not found in database.
[2025-04-04T11:28:25.148+0000] {logging_mixin.py:190} INFO - Inserted data for Dammam
[2025-04-04T11:28:25.148+0000] {logging_mixin.py:190} INFO - Attribute 'temperature' not found in database.
[2025-04-04T11:28:25.149+0000] {logging_mixin.py:190} INFO - Attribute 'humidity' not found in database.
[2025-04-04T11:28:25.149+0000] {logging_mixin.py:190} INFO - Attribute 'wind_speed' not found in database.
[2025-04-04T11:28:25.149+0000] {logging_mixin.py:190} INFO - Attribute 'co' not found in database.
[2025-04-04T11:28:25.150+0000] {logging_mixin.py:190} INFO - Attribute 'no2' not found in database.
[2025-04-04T11:28:25.150+0000] {logging_mixin.py:190} INFO - Attribute 'o3' not found in database.
[2025-04-04T11:28:25.150+0000] {logging_mixin.py:190} INFO - Attribute 'so2' not found in database.
[2025-04-04T11:28:25.151+0000] {logging_mixin.py:190} INFO - Attribute 'pm2.5' not found in database.
[2025-04-04T11:28:25.151+0000] {logging_mixin.py:190} INFO - Attribute 'pm10' not found in database.
[2025-04-04T11:28:25.151+0000] {logging_mixin.py:190} INFO - Attribute 'co2' not found in database.
[2025-04-04T11:28:25.151+0000] {logging_mixin.py:190} INFO - Attribute 'methane' not found in database.
[2025-04-04T11:28:25.152+0000] {logging_mixin.py:190} INFO - Attribute 'nitrous_oxide' not found in database.
[2025-04-04T11:28:25.152+0000] {logging_mixin.py:190} INFO - Attribute 'fluorinated_gases' not found in database.
[2025-04-04T11:28:25.153+0000] {logging_mixin.py:190} INFO - Inserted data for Taif
[2025-04-04T11:28:25.153+0000] {python.py:240} INFO - Done. Returned value was: Successfully inserted measurement into database
[2025-04-04T11:28:25.174+0000] {taskinstance.py:341} INFO - ::group::Post task execution logs
[2025-04-04T11:28:25.175+0000] {taskinstance.py:353} INFO - Marking task as SUCCESS. dag_id=weather_data_pipeline, task_id=openweather_operations.save_openweather_data, run_id=manual__2025-04-04T11:22:57.628657+00:00, execution_date=20250404T112257, start_date=20250404T112824, end_date=20250404T112825
[2025-04-04T11:28:25.233+0000] {local_task_job_runner.py:266} INFO - Task exited with return code 0
[2025-04-04T11:28:25.251+0000] {taskinstance.py:3901} INFO - 0 downstream tasks scheduled from follow-on schedule check
[2025-04-04T11:28:25.253+0000] {local_task_job_runner.py:245} INFO - ::endgroup::
