[2025-04-22T22:07:15.311+0000] {taskinstance.py:1159} INFO - Dependencies all met for dep_context=non-requeueable deps ti=<TaskInstance: weather_data_pipeline.ai_forecast_operations.forecast_pm25_org1 scheduled__2025-04-22T21:00:00+00:00 [queued]>
[2025-04-22T22:07:15.317+0000] {taskinstance.py:1159} INFO - Dependencies all met for dep_context=requeueable deps ti=<TaskInstance: weather_data_pipeline.ai_forecast_operations.forecast_pm25_org1 scheduled__2025-04-22T21:00:00+00:00 [queued]>
[2025-04-22T22:07:15.317+0000] {taskinstance.py:1361} INFO - Starting attempt 1 of 2
[2025-04-22T22:07:15.326+0000] {taskinstance.py:1382} INFO - Executing <Task(PythonOperator): ai_forecast_operations.forecast_pm25_org1> on 2025-04-22 21:00:00+00:00
[2025-04-22T22:07:15.331+0000] {standard_task_runner.py:57} INFO - Started process 498 to run task
[2025-04-22T22:07:15.333+0000] {standard_task_runner.py:84} INFO - Running: ['airflow', 'tasks', 'run', 'weather_data_pipeline', 'ai_forecast_operations.forecast_pm25_org1', 'scheduled__2025-04-22T21:00:00+00:00', '--job-id', '26', '--raw', '--subdir', 'DAGS_FOLDER/data_pipeline.py', '--cfg-path', '/tmp/tmpaqxj_grh']
[2025-04-22T22:07:15.335+0000] {standard_task_runner.py:85} INFO - Job 26: Subtask ai_forecast_operations.forecast_pm25_org1
[2025-04-22T22:07:15.437+0000] {task_command.py:415} INFO - Running <TaskInstance: weather_data_pipeline.ai_forecast_operations.forecast_pm25_org1 scheduled__2025-04-22T21:00:00+00:00 [running]> on host 0030001c0aa2
[2025-04-22T22:07:15.489+0000] {taskinstance.py:1660} INFO - Exporting env vars: AIRFLOW_CTX_DAG_OWNER='airflow' AIRFLOW_CTX_DAG_ID='weather_data_pipeline' AIRFLOW_CTX_TASK_ID='ai_forecast_operations.forecast_pm25_org1' AIRFLOW_CTX_EXECUTION_DATE='2025-04-22T21:00:00+00:00' AIRFLOW_CTX_TRY_NUMBER='1' AIRFLOW_CTX_DAG_RUN_ID='scheduled__2025-04-22T21:00:00+00:00'
[2025-04-22T22:07:15.493+0000] {logging_mixin.py:151} INFO - No data found for organization 1 and attribute 2
[2025-04-22T22:07:15.494+0000] {python.py:194} INFO - Done. Returned value was: None
[2025-04-22T22:07:15.501+0000] {taskinstance.py:1400} INFO - Marking task as SUCCESS. dag_id=weather_data_pipeline, task_id=ai_forecast_operations.forecast_pm25_org1, execution_date=20250422T210000, start_date=20250422T220715, end_date=20250422T220715
[2025-04-22T22:07:15.547+0000] {local_task_job_runner.py:228} INFO - Task exited with return code 0
[2025-04-22T22:07:15.558+0000] {taskinstance.py:2784} INFO - 0 downstream tasks scheduled from follow-on schedule check
[2025-04-22T22:24:21.018+0000] {taskinstance.py:1159} INFO - Dependencies all met for dep_context=non-requeueable deps ti=<TaskInstance: weather_data_pipeline.ai_forecast_operations.forecast_pm25_org1 scheduled__2025-04-22T21:00:00+00:00 [queued]>
[2025-04-22T22:24:21.024+0000] {taskinstance.py:1159} INFO - Dependencies all met for dep_context=requeueable deps ti=<TaskInstance: weather_data_pipeline.ai_forecast_operations.forecast_pm25_org1 scheduled__2025-04-22T21:00:00+00:00 [queued]>
[2025-04-22T22:24:21.024+0000] {taskinstance.py:1361} INFO - Starting attempt 1 of 2
[2025-04-22T22:24:21.032+0000] {taskinstance.py:1382} INFO - Executing <Task(PythonOperator): ai_forecast_operations.forecast_pm25_org1> on 2025-04-22 21:00:00+00:00
[2025-04-22T22:24:21.037+0000] {standard_task_runner.py:57} INFO - Started process 802 to run task
[2025-04-22T22:24:21.039+0000] {standard_task_runner.py:84} INFO - Running: ['airflow', 'tasks', 'run', 'weather_data_pipeline', 'ai_forecast_operations.forecast_pm25_org1', 'scheduled__2025-04-22T21:00:00+00:00', '--job-id', '17', '--raw', '--subdir', 'DAGS_FOLDER/data_pipeline.py', '--cfg-path', '/tmp/tmp2tnlsyul']
[2025-04-22T22:24:21.040+0000] {standard_task_runner.py:85} INFO - Job 17: Subtask ai_forecast_operations.forecast_pm25_org1
[2025-04-22T22:24:21.071+0000] {task_command.py:415} INFO - Running <TaskInstance: weather_data_pipeline.ai_forecast_operations.forecast_pm25_org1 scheduled__2025-04-22T21:00:00+00:00 [running]> on host ba2ad926eb92
[2025-04-22T22:24:21.117+0000] {taskinstance.py:1660} INFO - Exporting env vars: AIRFLOW_CTX_DAG_OWNER='airflow' AIRFLOW_CTX_DAG_ID='weather_data_pipeline' AIRFLOW_CTX_TASK_ID='ai_forecast_operations.forecast_pm25_org1' AIRFLOW_CTX_EXECUTION_DATE='2025-04-22T21:00:00+00:00' AIRFLOW_CTX_TRY_NUMBER='1' AIRFLOW_CTX_DAG_RUN_ID='scheduled__2025-04-22T21:00:00+00:00'
[2025-04-22T22:24:21.121+0000] {logging_mixin.py:151} INFO - No data found for organization 1 and attribute 2
[2025-04-22T22:24:21.122+0000] {python.py:194} INFO - Done. Returned value was: None
[2025-04-22T22:24:21.128+0000] {taskinstance.py:1400} INFO - Marking task as SUCCESS. dag_id=weather_data_pipeline, task_id=ai_forecast_operations.forecast_pm25_org1, execution_date=20250422T210000, start_date=20250422T222421, end_date=20250422T222421
[2025-04-22T22:24:21.171+0000] {local_task_job_runner.py:228} INFO - Task exited with return code 0
[2025-04-22T22:24:21.183+0000] {taskinstance.py:2784} INFO - 0 downstream tasks scheduled from follow-on schedule check
