[2025-04-09T05:01:08.199+0000] {local_task_job_runner.py:123} INFO - ::group::Pre task execution logs
[2025-04-09T05:01:08.219+0000] {taskinstance.py:2614} INFO - Dependencies all met for dep_context=non-requeueable deps ti=<TaskInstance: weather_data_pipeline.openweather_operations.collect_openweather_data manual__2025-04-09T05:00:31.395948+00:00 [queued]>
[2025-04-09T05:01:08.227+0000] {taskinstance.py:2614} INFO - Dependencies all met for dep_context=requeueable deps ti=<TaskInstance: weather_data_pipeline.openweather_operations.collect_openweather_data manual__2025-04-09T05:00:31.395948+00:00 [queued]>
[2025-04-09T05:01:08.229+0000] {taskinstance.py:2867} INFO - Starting attempt 1 of 2
[2025-04-09T05:01:08.239+0000] {taskinstance.py:2890} INFO - Executing <Task(PythonOperator): openweather_operations.collect_openweather_data> on 2025-04-09 05:00:31.395948+00:00
[2025-04-09T05:01:08.248+0000] {standard_task_runner.py:104} INFO - Running: ['airflow', 'tasks', 'run', 'weather_data_pipeline', 'openweather_operations.collect_openweather_data', 'manual__2025-04-09T05:00:31.395948+00:00', '--job-id', '20', '--raw', '--subdir', 'DAGS_FOLDER/operators/testdag.py', '--cfg-path', '/tmp/tmpdhe89e8t']
[2025-04-09T05:01:08.250+0000] {standard_task_runner.py:105} INFO - Job 20: Subtask openweather_operations.collect_openweather_data
[2025-04-09T05:01:08.252+0000] {logging_mixin.py:190} WARNING - /home/airflow/.local/lib/python3.12/site-packages/airflow/task/task_runner/standard_task_runner.py:70 DeprecationWarning: This process (pid=280) is multi-threaded, use of fork() may lead to deadlocks in the child.
[2025-04-09T05:01:08.252+0000] {standard_task_runner.py:72} INFO - Started process 298 to run task
[2025-04-09T05:01:08.303+0000] {task_command.py:467} INFO - Running <TaskInstance: weather_data_pipeline.openweather_operations.collect_openweather_data manual__2025-04-09T05:00:31.395948+00:00 [running]> on host bb94a3d1492a
[2025-04-09T05:01:08.385+0000] {taskinstance.py:3134} INFO - Exporting env vars: AIRFLOW_CTX_DAG_OWNER='airflow' AIRFLOW_CTX_DAG_ID='weather_data_pipeline' AIRFLOW_CTX_TASK_ID='openweather_operations.collect_openweather_data' AIRFLOW_CTX_EXECUTION_DATE='2025-04-09T05:00:31.395948+00:00' AIRFLOW_CTX_TRY_NUMBER='1' AIRFLOW_CTX_DAG_RUN_ID='manual__2025-04-09T05:00:31.395948+00:00'
[2025-04-09T05:01:08.387+0000] {taskinstance.py:732} INFO - ::endgroup::
[2025-04-09T05:01:09.298+0000] {logging_mixin.py:190} INFO - Successfully collected data for Riyadh
[2025-04-09T05:01:10.175+0000] {logging_mixin.py:190} INFO - Successfully collected data for Jeddah
[2025-04-09T05:01:11.050+0000] {logging_mixin.py:190} INFO - Successfully collected data for Mecca
[2025-04-09T05:01:11.910+0000] {logging_mixin.py:190} INFO - Successfully collected data for Medina
[2025-04-09T05:01:12.775+0000] {logging_mixin.py:190} INFO - Successfully collected data for Dammam
[2025-04-09T05:01:13.645+0000] {logging_mixin.py:190} INFO - Successfully collected data for Taif
[2025-04-09T05:01:13.646+0000] {python.py:240} INFO - Done. Returned value was: [{'city': 'Riyadh', 'lat': 24.7136, 'lon': 46.6753, 'temperature': 27.090000000000032, 'humidity': 29.0, 'wind_speed': 5.09, 'co': 111.91, 'no2': 0.81, 'o3': 95.72, 'so2': 3.93, 'pm2_5': 40.62, 'pm10': 124.2, 'co2': 0.0, 'methane': 0.0, 'nitrous_oxide': 0.0, 'fluorinated_gases': 0.0, 'timestamp': '2025-04-09 05:00:04'}, {'city': 'Jeddah', 'lat': 21.5433, 'lon': 39.1728, 'temperature': 28.710000000000036, 'humidity': 63.0, 'wind_speed': 4.01, 'co': 123.38, 'no2': 2.65, 'o3': 107.11, 'so2': 6.8, 'pm2_5': 82.55, 'pm10': 101.91, 'co2': 0.0, 'methane': 0.0, 'nitrous_oxide': 0.0, 'fluorinated_gases': 0.0, 'timestamp': '2025-04-09 05:00:12'}, {'city': 'Mecca', 'lat': 21.3891, 'lon': 39.8579, 'temperature': 30.350000000000023, 'humidity': 41.0, 'wind_speed': 2.87, 'co': 131.63, 'no2': 5.33, 'o3': 102.55, 'so2': 11.73, 'pm2_5': 89.26, 'pm10': 110.95, 'co2': 0.0, 'methane': 0.0, 'nitrous_oxide': 0.0, 'fluorinated_gases': 0.0, 'timestamp': '2025-04-09 05:00:24'}, {'city': 'Medina', 'lat': 24.5247, 'lon': 39.5692, 'temperature': 29.55000000000001, 'humidity': 22.0, 'wind_speed': 1.45, 'co': 135.41, 'no2': 4.86, 'o3': 66.29, 'so2': 5.67, 'pm2_5': 36.17, 'pm10': 95.25, 'co2': 0.0, 'methane': 0.0, 'nitrous_oxide': 0.0, 'fluorinated_gases': 0.0, 'timestamp': '2025-04-09 05:00:25'}, {'city': 'Dammam', 'lat': 26.4207, 'lon': 50.0888, 'temperature': 29.189999999999998, 'humidity': 32.0, 'wind_speed': 6.16, 'co': 164.0, 'no2': 7.68, 'o3': 63.58, 'so2': 10.23, 'pm2_5': 37.39, 'pm10': 156.08, 'co2': 0.0, 'methane': 0.0, 'nitrous_oxide': 0.0, 'fluorinated_gases': 0.0, 'timestamp': '2025-04-09 05:00:26'}, {'city': 'Taif', 'lat': 21.4267, 'lon': 40.4833, 'temperature': 25.160000000000025, 'humidity': 25.0, 'wind_speed': 6.11, 'co': 146.22, 'no2': 4.19, 'o3': 90.9, 'so2': 9.26, 'pm2_5': 114.48, 'pm10': 158.97, 'co2': 0.0, 'methane': 0.0, 'nitrous_oxide': 0.0, 'fluorinated_gases': 0.0, 'timestamp': '2025-04-09 05:00:27'}]
[2025-04-09T05:01:13.672+0000] {taskinstance.py:341} INFO - ::group::Post task execution logs
[2025-04-09T05:01:13.673+0000] {taskinstance.py:353} INFO - Marking task as SUCCESS. dag_id=weather_data_pipeline, task_id=openweather_operations.collect_openweather_data, run_id=manual__2025-04-09T05:00:31.395948+00:00, execution_date=20250409T050031, start_date=20250409T050108, end_date=20250409T050113
[2025-04-09T05:01:13.714+0000] {local_task_job_runner.py:266} INFO - Task exited with return code 0
[2025-04-09T05:01:13.738+0000] {taskinstance.py:3901} INFO - 1 downstream tasks scheduled from follow-on schedule check
[2025-04-09T05:01:13.740+0000] {local_task_job_runner.py:245} INFO - ::endgroup::
