[2025-04-07T18:57:53.098+0000] {local_task_job_runner.py:123} INFO - ::group::Pre task execution logs
[2025-04-07T18:57:53.111+0000] {taskinstance.py:2614} INFO - Dependencies all met for dep_context=non-requeueable deps ti=<TaskInstance: weather_data_pipeline.openweather_operations.save_openweather_data manual__2025-04-07T18:57:18.768120+00:00 [queued]>
[2025-04-07T18:57:53.116+0000] {taskinstance.py:2614} INFO - Dependencies all met for dep_context=requeueable deps ti=<TaskInstance: weather_data_pipeline.openweather_operations.save_openweather_data manual__2025-04-07T18:57:18.768120+00:00 [queued]>
[2025-04-07T18:57:53.117+0000] {taskinstance.py:2867} INFO - Starting attempt 1 of 2
[2025-04-07T18:57:53.124+0000] {taskinstance.py:2890} INFO - Executing <Task(PythonOperator): openweather_operations.save_openweather_data> on 2025-04-07 18:57:18.768120+00:00
[2025-04-07T18:57:53.129+0000] {standard_task_runner.py:104} INFO - Running: ['airflow', 'tasks', 'run', 'weather_data_pipeline', 'openweather_operations.save_openweather_data', 'manual__2025-04-07T18:57:18.768120+00:00', '--job-id', '9', '--raw', '--subdir', 'DAGS_FOLDER/operators/testdag.py', '--cfg-path', '/tmp/tmpye1cdv2z']
[2025-04-07T18:57:53.130+0000] {standard_task_runner.py:105} INFO - Job 9: Subtask openweather_operations.save_openweather_data
[2025-04-07T18:57:53.131+0000] {logging_mixin.py:190} WARNING - /home/airflow/.local/lib/python3.12/site-packages/airflow/task/task_runner/standard_task_runner.py:70 DeprecationWarning: This process (pid=214) is multi-threaded, use of fork() may lead to deadlocks in the child.
[2025-04-07T18:57:53.132+0000] {standard_task_runner.py:72} INFO - Started process 236 to run task
[2025-04-07T18:57:53.159+0000] {task_command.py:467} INFO - Running <TaskInstance: weather_data_pipeline.openweather_operations.save_openweather_data manual__2025-04-07T18:57:18.768120+00:00 [running]> on host eb1728c490e8
[2025-04-07T18:57:53.204+0000] {taskinstance.py:3134} INFO - Exporting env vars: AIRFLOW_CTX_DAG_OWNER='airflow' AIRFLOW_CTX_DAG_ID='weather_data_pipeline' AIRFLOW_CTX_TASK_ID='openweather_operations.save_openweather_data' AIRFLOW_CTX_EXECUTION_DATE='2025-04-07T18:57:18.768120+00:00' AIRFLOW_CTX_TRY_NUMBER='1' AIRFLOW_CTX_DAG_RUN_ID='manual__2025-04-07T18:57:18.768120+00:00'
[2025-04-07T18:57:53.205+0000] {taskinstance.py:732} INFO - ::endgroup::
[2025-04-07T18:57:53.226+0000] {logging_mixin.py:190} INFO - Inserted data for Riyadh
[2025-04-07T18:57:53.229+0000] {logging_mixin.py:190} INFO - Inserted data for Jeddah
[2025-04-07T18:57:53.232+0000] {logging_mixin.py:190} INFO - Inserted data for Mecca
[2025-04-07T18:57:53.235+0000] {logging_mixin.py:190} INFO - Inserted data for Medina
[2025-04-07T18:57:53.238+0000] {logging_mixin.py:190} INFO - Inserted data for Dammam
[2025-04-07T18:57:53.241+0000] {logging_mixin.py:190} INFO - Inserted data for Taif
[2025-04-07T18:57:53.241+0000] {python.py:240} INFO - Done. Returned value was: Successfully inserted measurement into database
[2025-04-07T18:57:53.255+0000] {taskinstance.py:341} INFO - ::group::Post task execution logs
[2025-04-07T18:57:53.255+0000] {taskinstance.py:353} INFO - Marking task as SUCCESS. dag_id=weather_data_pipeline, task_id=openweather_operations.save_openweather_data, run_id=manual__2025-04-07T18:57:18.768120+00:00, execution_date=20250407T185718, start_date=20250407T185753, end_date=20250407T185753
[2025-04-07T18:57:53.305+0000] {local_task_job_runner.py:266} INFO - Task exited with return code 0
[2025-04-07T18:57:53.317+0000] {taskinstance.py:3901} INFO - 0 downstream tasks scheduled from follow-on schedule check
[2025-04-07T18:57:53.318+0000] {local_task_job_runner.py:245} INFO - ::endgroup::
