[2025-04-22T22:06:51.631+0000] {taskinstance.py:1159} INFO - Dependencies all met for dep_context=non-requeueable deps ti=<TaskInstance: weather_data_pipeline.meteo_operations.save_meteo_data scheduled__2025-04-22T21:00:00+00:00 [queued]>
[2025-04-22T22:06:51.636+0000] {taskinstance.py:1159} INFO - Dependencies all met for dep_context=requeueable deps ti=<TaskInstance: weather_data_pipeline.meteo_operations.save_meteo_data scheduled__2025-04-22T21:00:00+00:00 [queued]>
[2025-04-22T22:06:51.637+0000] {taskinstance.py:1361} INFO - Starting attempt 1 of 2
[2025-04-22T22:06:51.645+0000] {taskinstance.py:1382} INFO - Executing <Task(PythonOperator): meteo_operations.save_meteo_data> on 2025-04-22 21:00:00+00:00
[2025-04-22T22:06:51.649+0000] {standard_task_runner.py:57} INFO - Started process 225 to run task
[2025-04-22T22:06:51.651+0000] {standard_task_runner.py:84} INFO - Running: ['airflow', 'tasks', 'run', 'weather_data_pipeline', 'meteo_operations.save_meteo_data', 'scheduled__2025-04-22T21:00:00+00:00', '--job-id', '20', '--raw', '--subdir', 'DAGS_FOLDER/data_pipeline.py', '--cfg-path', '/tmp/tmpsuxrsfjs']
[2025-04-22T22:06:51.652+0000] {standard_task_runner.py:85} INFO - Job 20: Subtask meteo_operations.save_meteo_data
[2025-04-22T22:06:51.682+0000] {task_command.py:415} INFO - Running <TaskInstance: weather_data_pipeline.meteo_operations.save_meteo_data scheduled__2025-04-22T21:00:00+00:00 [running]> on host 0030001c0aa2
[2025-04-22T22:06:51.732+0000] {taskinstance.py:1660} INFO - Exporting env vars: AIRFLOW_CTX_DAG_OWNER='airflow' AIRFLOW_CTX_DAG_ID='weather_data_pipeline' AIRFLOW_CTX_TASK_ID='meteo_operations.save_meteo_data' AIRFLOW_CTX_EXECUTION_DATE='2025-04-22T21:00:00+00:00' AIRFLOW_CTX_TRY_NUMBER='1' AIRFLOW_CTX_DAG_RUN_ID='scheduled__2025-04-22T21:00:00+00:00'
[2025-04-22T22:06:51.750+0000] {python.py:194} INFO - Done. Returned value was: Successfully inserted measurement into database
[2025-04-22T22:06:51.764+0000] {taskinstance.py:1400} INFO - Marking task as SUCCESS. dag_id=weather_data_pipeline, task_id=meteo_operations.save_meteo_data, execution_date=20250422T210000, start_date=20250422T220651, end_date=20250422T220651
[2025-04-22T22:06:51.784+0000] {local_task_job_runner.py:228} INFO - Task exited with return code 0
[2025-04-22T22:06:51.799+0000] {taskinstance.py:2784} INFO - 0 downstream tasks scheduled from follow-on schedule check
[2025-04-22T22:23:36.570+0000] {taskinstance.py:1159} INFO - Dependencies all met for dep_context=non-requeueable deps ti=<TaskInstance: weather_data_pipeline.meteo_operations.save_meteo_data scheduled__2025-04-22T21:00:00+00:00 [queued]>
[2025-04-22T22:23:36.575+0000] {taskinstance.py:1159} INFO - Dependencies all met for dep_context=requeueable deps ti=<TaskInstance: weather_data_pipeline.meteo_operations.save_meteo_data scheduled__2025-04-22T21:00:00+00:00 [queued]>
[2025-04-22T22:23:36.575+0000] {taskinstance.py:1361} INFO - Starting attempt 1 of 2
[2025-04-22T22:23:36.585+0000] {taskinstance.py:1382} INFO - Executing <Task(PythonOperator): meteo_operations.save_meteo_data> on 2025-04-22 21:00:00+00:00
[2025-04-22T22:23:36.590+0000] {standard_task_runner.py:57} INFO - Started process 319 to run task
[2025-04-22T22:23:36.591+0000] {standard_task_runner.py:84} INFO - Running: ['airflow', 'tasks', 'run', 'weather_data_pipeline', 'meteo_operations.save_meteo_data', 'scheduled__2025-04-22T21:00:00+00:00', '--job-id', '6', '--raw', '--subdir', 'DAGS_FOLDER/data_pipeline.py', '--cfg-path', '/tmp/tmpeckxca7t']
[2025-04-22T22:23:36.593+0000] {standard_task_runner.py:85} INFO - Job 6: Subtask meteo_operations.save_meteo_data
[2025-04-22T22:23:36.624+0000] {task_command.py:415} INFO - Running <TaskInstance: weather_data_pipeline.meteo_operations.save_meteo_data scheduled__2025-04-22T21:00:00+00:00 [running]> on host ba2ad926eb92
[2025-04-22T22:23:36.672+0000] {taskinstance.py:1660} INFO - Exporting env vars: AIRFLOW_CTX_DAG_OWNER='airflow' AIRFLOW_CTX_DAG_ID='weather_data_pipeline' AIRFLOW_CTX_TASK_ID='meteo_operations.save_meteo_data' AIRFLOW_CTX_EXECUTION_DATE='2025-04-22T21:00:00+00:00' AIRFLOW_CTX_TRY_NUMBER='1' AIRFLOW_CTX_DAG_RUN_ID='scheduled__2025-04-22T21:00:00+00:00'
[2025-04-22T22:23:36.685+0000] {logging_mixin.py:151} INFO - Creating Open-Meteo organization record
[2025-04-22T22:23:36.690+0000] {python.py:194} INFO - Done. Returned value was: Successfully inserted measurement into database
[2025-04-22T22:23:36.707+0000] {taskinstance.py:1400} INFO - Marking task as SUCCESS. dag_id=weather_data_pipeline, task_id=meteo_operations.save_meteo_data, execution_date=20250422T210000, start_date=20250422T222336, end_date=20250422T222336
[2025-04-22T22:23:36.724+0000] {local_task_job_runner.py:228} INFO - Task exited with return code 0
[2025-04-22T22:23:36.739+0000] {taskinstance.py:2784} INFO - 0 downstream tasks scheduled from follow-on schedule check
