[2025-04-15T20:00:07.913+0000] {local_task_job_runner.py:123} INFO - ::group::Pre task execution logs
[2025-04-15T20:00:07.928+0000] {taskinstance.py:2614} INFO - Dependencies all met for dep_context=non-requeueable deps ti=<TaskInstance: weather_data_pipeline.openweather_operations.collect_openweather_data scheduled__2025-04-15T19:00:00+00:00 [queued]>
[2025-04-15T20:00:07.934+0000] {taskinstance.py:2614} INFO - Dependencies all met for dep_context=requeueable deps ti=<TaskInstance: weather_data_pipeline.openweather_operations.collect_openweather_data scheduled__2025-04-15T19:00:00+00:00 [queued]>
[2025-04-15T20:00:07.935+0000] {taskinstance.py:2867} INFO - Starting attempt 1 of 2
[2025-04-15T20:00:07.945+0000] {taskinstance.py:2890} INFO - Executing <Task(PythonOperator): openweather_operations.collect_openweather_data> on 2025-04-15 19:00:00+00:00
[2025-04-15T20:00:07.949+0000] {standard_task_runner.py:104} INFO - Running: ['airflow', 'tasks', 'run', 'weather_data_pipeline', 'openweather_operations.collect_openweather_data', 'scheduled__2025-04-15T19:00:00+00:00', '--job-id', '70', '--raw', '--subdir', 'DAGS_FOLDER/data_pipeline.py', '--cfg-path', '/tmp/tmpx3p0wrkv']
[2025-04-15T20:00:07.951+0000] {standard_task_runner.py:105} INFO - Job 70: Subtask openweather_operations.collect_openweather_data
[2025-04-15T20:00:07.952+0000] {logging_mixin.py:190} WARNING - /home/airflow/.local/lib/python3.12/site-packages/airflow/task/task_runner/standard_task_runner.py:70 DeprecationWarning: This process (pid=924) is multi-threaded, use of fork() may lead to deadlocks in the child.
[2025-04-15T20:00:07.953+0000] {standard_task_runner.py:72} INFO - Started process 946 to run task
[2025-04-15T20:00:07.983+0000] {task_command.py:467} INFO - Running <TaskInstance: weather_data_pipeline.openweather_operations.collect_openweather_data scheduled__2025-04-15T19:00:00+00:00 [running]> on host 8e2c8626a9ef
[2025-04-15T20:00:08.040+0000] {taskinstance.py:3134} INFO - Exporting env vars: AIRFLOW_CTX_DAG_OWNER='airflow' AIRFLOW_CTX_DAG_ID='weather_data_pipeline' AIRFLOW_CTX_TASK_ID='openweather_operations.collect_openweather_data' AIRFLOW_CTX_EXECUTION_DATE='2025-04-15T19:00:00+00:00' AIRFLOW_CTX_TRY_NUMBER='1' AIRFLOW_CTX_DAG_RUN_ID='scheduled__2025-04-15T19:00:00+00:00'
[2025-04-15T20:00:08.041+0000] {taskinstance.py:732} INFO - ::endgroup::
[2025-04-15T20:00:08.438+0000] {logging_mixin.py:190} INFO - Successfully collected data for Riyadh
[2025-04-15T20:00:08.737+0000] {logging_mixin.py:190} INFO - Successfully collected data for Jeddah
[2025-04-15T20:00:09.055+0000] {logging_mixin.py:190} INFO - Successfully collected data for Mecca
[2025-04-15T20:00:09.371+0000] {logging_mixin.py:190} INFO - Successfully collected data for Medina
[2025-04-15T20:00:09.681+0000] {logging_mixin.py:190} INFO - Successfully collected data for Dammam
[2025-04-15T20:00:10.018+0000] {logging_mixin.py:190} INFO - Successfully collected data for Taif
[2025-04-15T20:00:10.018+0000] {python.py:240} INFO - Done. Returned value was: [{'city': 'Riyadh', 'lat': 24.7136, 'lon': 46.6753, 'temperature': 23.920000000000016, 'humidity': 17.0, 'wind_speed': 4.31, 'co': 122.77, 'no2': 4.67, 'o3': 106.0, 'so2': 11.46, 'pm2_5': 31.39, 'pm10': 123.14, 'co2': 0.0, 'methane': 0.0, 'nitrous_oxide': 0.0, 'fluorinated_gases': 0.0, 'timestamp': '2025-04-15 19:50:22'}, {'city': 'Jeddah', 'lat': 21.5433, 'lon': 39.1728, 'temperature': 24.980000000000018, 'humidity': 47.0, 'wind_speed': 5.66, 'co': 116.99, 'no2': 1.19, 'o3': 126.71, 'so2': 1.75, 'pm2_5': 9.54, 'pm10': 40.29, 'co2': 0.0, 'methane': 0.0, 'nitrous_oxide': 0.0, 'fluorinated_gases': 0.0, 'timestamp': '2025-04-15 20:00:09'}, {'city': 'Mecca', 'lat': 21.3891, 'lon': 39.8579, 'temperature': 22.480000000000018, 'humidity': 37.0, 'wind_speed': 4.58, 'co': 125.2, 'no2': 7.24, 'o3': 127.46, 'so2': 32.44, 'pm2_5': 16.14, 'pm10': 52.91, 'co2': 0.0, 'methane': 0.0, 'nitrous_oxide': 0.0, 'fluorinated_gases': 0.0, 'timestamp': '2025-04-15 20:00:10'}, {'city': 'Medina', 'lat': 24.5247, 'lon': 39.5692, 'temperature': 26.33000000000004, 'humidity': 7.0, 'wind_speed': 3.6, 'co': 125.07, 'no2': 6.22, 'o3': 106.98, 'so2': 9.5, 'pm2_5': 10.02, 'pm10': 38.66, 'co2': 0.0, 'methane': 0.0, 'nitrous_oxide': 0.0, 'fluorinated_gases': 0.0, 'timestamp': '2025-04-15 20:00:10'}, {'city': 'Dammam', 'lat': 26.4207, 'lon': 50.0888, 'temperature': 25.07000000000005, 'humidity': 27.0, 'wind_speed': 7.2, 'co': 137.83, 'no2': 6.63, 'o3': 131.57, 'so2': 22.49, 'pm2_5': 35.4, 'pm10': 153.34, 'co2': 0.0, 'methane': 0.0, 'nitrous_oxide': 0.0, 'fluorinated_gases': 0.0, 'timestamp': '2025-04-15 20:00:10'}, {'city': 'Taif', 'lat': 21.4267, 'lon': 40.4833, 'temperature': 21.55000000000001, 'humidity': 15.0, 'wind_speed': 0.0, 'co': 139.43, 'no2': 11.98, 'o3': 124.47, 'so2': 65.79, 'pm2_5': 25.81, 'pm10': 74.87, 'co2': 0.0, 'methane': 0.0, 'nitrous_oxide': 0.0, 'fluorinated_gases': 0.0, 'timestamp': '2025-04-15 20:00:10'}]
[2025-04-15T20:00:10.036+0000] {taskinstance.py:341} INFO - ::group::Post task execution logs
[2025-04-15T20:00:10.037+0000] {taskinstance.py:353} INFO - Marking task as SUCCESS. dag_id=weather_data_pipeline, task_id=openweather_operations.collect_openweather_data, run_id=scheduled__2025-04-15T19:00:00+00:00, execution_date=20250415T190000, start_date=20250415T200007, end_date=20250415T200010
[2025-04-15T20:00:10.093+0000] {local_task_job_runner.py:266} INFO - Task exited with return code 0
[2025-04-15T20:00:10.109+0000] {taskinstance.py:3901} INFO - 1 downstream tasks scheduled from follow-on schedule check
[2025-04-15T20:00:10.111+0000] {local_task_job_runner.py:245} INFO - ::endgroup::
