[2025-04-20T22:25:26.413+0000] {local_task_job_runner.py:123} INFO - ::group::Pre task execution logs
[2025-04-20T22:25:26.426+0000] {taskinstance.py:2614} INFO - Dependencies all met for dep_context=non-requeueable deps ti=<TaskInstance: weather_data_pipeline.openweather_operations.collect_openweather_data scheduled__2025-04-20T21:00:00+00:00 [queued]>
[2025-04-20T22:25:26.432+0000] {taskinstance.py:2614} INFO - Dependencies all met for dep_context=requeueable deps ti=<TaskInstance: weather_data_pipeline.openweather_operations.collect_openweather_data scheduled__2025-04-20T21:00:00+00:00 [queued]>
[2025-04-20T22:25:26.432+0000] {taskinstance.py:2867} INFO - Starting attempt 2 of 2
[2025-04-20T22:25:26.440+0000] {taskinstance.py:2890} INFO - Executing <Task(PythonOperator): openweather_operations.collect_openweather_data> on 2025-04-20 21:00:00+00:00
[2025-04-20T22:25:26.444+0000] {standard_task_runner.py:104} INFO - Running: ['airflow', 'tasks', 'run', 'weather_data_pipeline', 'openweather_operations.collect_openweather_data', 'scheduled__2025-04-20T21:00:00+00:00', '--job-id', '187', '--raw', '--subdir', 'DAGS_FOLDER/data_pipeline.py', '--cfg-path', '/tmp/tmp8khjmqux']
[2025-04-20T22:25:26.446+0000] {standard_task_runner.py:105} INFO - Job 187: Subtask openweather_operations.collect_openweather_data
[2025-04-20T22:25:26.448+0000] {logging_mixin.py:190} WARNING - /home/airflow/.local/lib/python3.12/site-packages/airflow/task/task_runner/standard_task_runner.py:70 DeprecationWarning: This process (pid=828) is multi-threaded, use of fork() may lead to deadlocks in the child.
[2025-04-20T22:25:26.448+0000] {standard_task_runner.py:72} INFO - Started process 850 to run task
[2025-04-20T22:25:26.478+0000] {task_command.py:467} INFO - Running <TaskInstance: weather_data_pipeline.openweather_operations.collect_openweather_data scheduled__2025-04-20T21:00:00+00:00 [running]> on host 8e2c8626a9ef
[2025-04-20T22:25:26.530+0000] {taskinstance.py:3134} INFO - Exporting env vars: AIRFLOW_CTX_DAG_OWNER='airflow' AIRFLOW_CTX_DAG_ID='weather_data_pipeline' AIRFLOW_CTX_TASK_ID='openweather_operations.collect_openweather_data' AIRFLOW_CTX_EXECUTION_DATE='2025-04-20T21:00:00+00:00' AIRFLOW_CTX_TRY_NUMBER='2' AIRFLOW_CTX_DAG_RUN_ID='scheduled__2025-04-20T21:00:00+00:00'
[2025-04-20T22:25:26.530+0000] {taskinstance.py:732} INFO - ::endgroup::
[2025-04-20T22:25:26.862+0000] {logging_mixin.py:190} INFO - Successfully collected data for Riyadh
[2025-04-20T22:25:27.168+0000] {logging_mixin.py:190} INFO - Successfully collected data for Jeddah
[2025-04-20T22:25:27.477+0000] {logging_mixin.py:190} INFO - Successfully collected data for Mecca
[2025-04-20T22:25:27.795+0000] {logging_mixin.py:190} INFO - Successfully collected data for Medina
[2025-04-20T22:25:28.103+0000] {logging_mixin.py:190} INFO - Successfully collected data for Dammam
[2025-04-20T22:25:28.413+0000] {logging_mixin.py:190} INFO - Successfully collected data for Taif
[2025-04-20T22:25:28.414+0000] {python.py:240} INFO - Done. Returned value was: [{'city': 'Riyadh', 'lat': 24.7136, 'lon': 46.6753, 'temperature': 27.920000000000016, 'humidity': 22.0, 'wind_speed': 4.69, 'co': 129.34, 'no2': 0.43, 'o3': 120.22, 'so2': 3.12, 'pm2_5': 62.29, 'pm10': 233.21, 'co2': 0.0, 'methane': 0.0, 'nitrous_oxide': 0.0, 'fluorinated_gases': 0.0, 'timestamp': '2025-04-20 22:23:59'}, {'city': 'Jeddah', 'lat': 21.5433, 'lon': 39.1728, 'temperature': 29.980000000000018, 'humidity': 37.0, 'wind_speed': 2.06, 'co': 128.32, 'no2': 4.72, 'o3': 107.51, 'so2': 16.53, 'pm2_5': 42.37, 'pm10': 76.69, 'co2': 0.0, 'methane': 0.0, 'nitrous_oxide': 0.0, 'fluorinated_gases': 0.0, 'timestamp': '2025-04-20 22:25:27'}, {'city': 'Mecca', 'lat': 21.3891, 'lon': 39.8579, 'temperature': 27.900000000000034, 'humidity': 44.0, 'wind_speed': 2.72, 'co': 135.07, 'no2': 5.31, 'o3': 99.45, 'so2': 16.66, 'pm2_5': 48.05, 'pm10': 93.68, 'co2': 0.0, 'methane': 0.0, 'nitrous_oxide': 0.0, 'fluorinated_gases': 0.0, 'timestamp': '2025-04-20 22:25:28'}, {'city': 'Medina', 'lat': 24.5247, 'lon': 39.5692, 'temperature': 30.33000000000004, 'humidity': 26.0, 'wind_speed': 3.6, 'co': 120.59, 'no2': 3.86, 'o3': 83.57, 'so2': 5.3, 'pm2_5': 24.18, 'pm10': 65.27, 'co2': 0.0, 'methane': 0.0, 'nitrous_oxide': 0.0, 'fluorinated_gases': 0.0, 'timestamp': '2025-04-20 22:25:28'}, {'city': 'Dammam', 'lat': 26.4207, 'lon': 50.0888, 'temperature': 22.07000000000005, 'humidity': 37.0, 'wind_speed': 1.03, 'co': 204.42, 'no2': 7.64, 'o3': 118.43, 'so2': 16.74, 'pm2_5': 99.48, 'pm10': 277.1, 'co2': 0.0, 'methane': 0.0, 'nitrous_oxide': 0.0, 'fluorinated_gases': 0.0, 'timestamp': '2025-04-20 22:25:28'}, {'city': 'Taif', 'lat': 21.4267, 'lon': 40.4833, 'temperature': 20.55000000000001, 'humidity': 49.0, 'wind_speed': 0.0, 'co': 126.75, 'no2': 2.53, 'o3': 81.22, 'so2': 5.54, 'pm2_5': 41.14, 'pm10': 113.22, 'co2': 0.0, 'methane': 0.0, 'nitrous_oxide': 0.0, 'fluorinated_gases': 0.0, 'timestamp': '2025-04-20 22:25:29'}]
[2025-04-20T22:25:28.428+0000] {taskinstance.py:341} INFO - ::group::Post task execution logs
[2025-04-20T22:25:28.429+0000] {taskinstance.py:353} INFO - Marking task as SUCCESS. dag_id=weather_data_pipeline, task_id=openweather_operations.collect_openweather_data, run_id=scheduled__2025-04-20T21:00:00+00:00, execution_date=20250420T210000, start_date=20250420T222526, end_date=20250420T222528
[2025-04-20T22:25:28.469+0000] {local_task_job_runner.py:266} INFO - Task exited with return code 0
[2025-04-20T22:25:28.494+0000] {taskinstance.py:3901} INFO - 1 downstream tasks scheduled from follow-on schedule check
[2025-04-20T22:25:28.496+0000] {local_task_job_runner.py:245} INFO - ::endgroup::
