[2025-04-22T22:06:59.354+0000] {taskinstance.py:1159} INFO - Dependencies all met for dep_context=non-requeueable deps ti=<TaskInstance: weather_data_pipeline.db_view_operations.create_hourly_summary_view scheduled__2025-04-22T21:00:00+00:00 [queued]>
[2025-04-22T22:06:59.360+0000] {taskinstance.py:1159} INFO - Dependencies all met for dep_context=requeueable deps ti=<TaskInstance: weather_data_pipeline.db_view_operations.create_hourly_summary_view scheduled__2025-04-22T21:00:00+00:00 [queued]>
[2025-04-22T22:06:59.363+0000] {taskinstance.py:1361} INFO - Starting attempt 1 of 2
[2025-04-22T22:06:59.372+0000] {taskinstance.py:1382} INFO - Executing <Task(PythonOperator): db_view_operations.create_hourly_summary_view> on 2025-04-22 21:00:00+00:00
[2025-04-22T22:06:59.376+0000] {standard_task_runner.py:57} INFO - Started process 309 to run task
[2025-04-22T22:06:59.378+0000] {standard_task_runner.py:84} INFO - Running: ['airflow', 'tasks', 'run', 'weather_data_pipeline', 'db_view_operations.create_hourly_summary_view', 'scheduled__2025-04-22T21:00:00+00:00', '--job-id', '22', '--raw', '--subdir', 'DAGS_FOLDER/data_pipeline.py', '--cfg-path', '/tmp/tmpxz0aui7t']
[2025-04-22T22:06:59.379+0000] {standard_task_runner.py:85} INFO - Job 22: Subtask db_view_operations.create_hourly_summary_view
[2025-04-22T22:06:59.429+0000] {task_command.py:415} INFO - Running <TaskInstance: weather_data_pipeline.db_view_operations.create_hourly_summary_view scheduled__2025-04-22T21:00:00+00:00 [running]> on host 0030001c0aa2
[2025-04-22T22:06:59.478+0000] {taskinstance.py:1660} INFO - Exporting env vars: AIRFLOW_CTX_DAG_OWNER='airflow' AIRFLOW_CTX_DAG_ID='weather_data_pipeline' AIRFLOW_CTX_TASK_ID='db_view_operations.create_hourly_summary_view' AIRFLOW_CTX_EXECUTION_DATE='2025-04-22T21:00:00+00:00' AIRFLOW_CTX_TRY_NUMBER='1' AIRFLOW_CTX_DAG_RUN_ID='scheduled__2025-04-22T21:00:00+00:00'
[2025-04-22T22:06:59.512+0000] {logging_mixin.py:151} INFO - Successfully executed SQL from /opt/airflow/src/DBview/hourly_measurement_summary_View_graph.sql
[2025-04-22T22:06:59.512+0000] {python.py:194} INFO - Done. Returned value was: None
[2025-04-22T22:06:59.520+0000] {taskinstance.py:1400} INFO - Marking task as SUCCESS. dag_id=weather_data_pipeline, task_id=db_view_operations.create_hourly_summary_view, execution_date=20250422T210000, start_date=20250422T220659, end_date=20250422T220659
[2025-04-22T22:06:59.551+0000] {local_task_job_runner.py:228} INFO - Task exited with return code 0
[2025-04-22T22:06:59.570+0000] {taskinstance.py:2784} INFO - 1 downstream tasks scheduled from follow-on schedule check
[2025-04-22T22:23:52.617+0000] {taskinstance.py:1159} INFO - Dependencies all met for dep_context=non-requeueable deps ti=<TaskInstance: weather_data_pipeline.db_view_operations.create_hourly_summary_view scheduled__2025-04-22T21:00:00+00:00 [queued]>
[2025-04-22T22:23:52.621+0000] {taskinstance.py:1159} INFO - Dependencies all met for dep_context=requeueable deps ti=<TaskInstance: weather_data_pipeline.db_view_operations.create_hourly_summary_view scheduled__2025-04-22T21:00:00+00:00 [queued]>
[2025-04-22T22:23:52.622+0000] {taskinstance.py:1361} INFO - Starting attempt 1 of 2
[2025-04-22T22:23:52.631+0000] {taskinstance.py:1382} INFO - Executing <Task(PythonOperator): db_view_operations.create_hourly_summary_view> on 2025-04-22 21:00:00+00:00
[2025-04-22T22:23:52.635+0000] {standard_task_runner.py:57} INFO - Started process 487 to run task
[2025-04-22T22:23:52.637+0000] {standard_task_runner.py:84} INFO - Running: ['airflow', 'tasks', 'run', 'weather_data_pipeline', 'db_view_operations.create_hourly_summary_view', 'scheduled__2025-04-22T21:00:00+00:00', '--job-id', '10', '--raw', '--subdir', 'DAGS_FOLDER/data_pipeline.py', '--cfg-path', '/tmp/tmp4toranio']
[2025-04-22T22:23:52.639+0000] {standard_task_runner.py:85} INFO - Job 10: Subtask db_view_operations.create_hourly_summary_view
[2025-04-22T22:23:52.670+0000] {task_command.py:415} INFO - Running <TaskInstance: weather_data_pipeline.db_view_operations.create_hourly_summary_view scheduled__2025-04-22T21:00:00+00:00 [running]> on host ba2ad926eb92
[2025-04-22T22:23:52.716+0000] {taskinstance.py:1660} INFO - Exporting env vars: AIRFLOW_CTX_DAG_OWNER='airflow' AIRFLOW_CTX_DAG_ID='weather_data_pipeline' AIRFLOW_CTX_TASK_ID='db_view_operations.create_hourly_summary_view' AIRFLOW_CTX_EXECUTION_DATE='2025-04-22T21:00:00+00:00' AIRFLOW_CTX_TRY_NUMBER='1' AIRFLOW_CTX_DAG_RUN_ID='scheduled__2025-04-22T21:00:00+00:00'
[2025-04-22T22:23:52.724+0000] {logging_mixin.py:151} INFO - Successfully executed SQL from /opt/airflow/src/DBview/hourly_measurement_summary_View_graph.sql
[2025-04-22T22:23:52.725+0000] {python.py:194} INFO - Done. Returned value was: None
[2025-04-22T22:23:52.731+0000] {taskinstance.py:1400} INFO - Marking task as SUCCESS. dag_id=weather_data_pipeline, task_id=db_view_operations.create_hourly_summary_view, execution_date=20250422T210000, start_date=20250422T222352, end_date=20250422T222352
[2025-04-22T22:23:52.770+0000] {local_task_job_runner.py:228} INFO - Task exited with return code 0
[2025-04-22T22:23:52.786+0000] {taskinstance.py:2784} INFO - 1 downstream tasks scheduled from follow-on schedule check
