[2025-02-12T05:19:56.226+0000] {manager.py:483} INFO - Processing files using up to 2 processes at a time 
[2025-02-12T05:19:56.227+0000] {manager.py:484} INFO - Process each file at most once every 30 seconds
[2025-02-12T05:19:56.228+0000] {manager.py:485} INFO - Checking for new files in /opt/airflow/dags every 300 seconds
[2025-02-12T05:19:56.228+0000] {manager.py:821} INFO - Searching for files in /opt/airflow/dags
[2025-02-12T05:19:56.246+0000] {manager.py:824} INFO - There are 1 files in /opt/airflow/dags
[2025-02-12T05:19:56.290+0000] {manager.py:997} INFO - 
================================================================================
DAG File Processing Stats

File Path                                 PID  Runtime      # DAGs    # Errors  Last Runtime    Last Run      Last # of DB Queries
--------------------------------------  -----  ---------  --------  ----------  --------------  ----------  ----------------------
/opt/airflow/dags/operators/testdag.py     28  0.01s             0           0                                                   0
================================================================================
[2025-02-12T05:20:26.647+0000] {manager.py:997} INFO - 
================================================================================
DAG File Processing Stats

File Path                               PID    Runtime      # DAGs    # Errors  Last Runtime    Last Run               Last # of DB Queries
--------------------------------------  -----  ---------  --------  ----------  --------------  -------------------  ----------------------
/opt/airflow/dags/operators/testdag.py                           1           0  2.01s           2025-02-12T05:19:58                      45
================================================================================
[2025-02-12T05:20:57.268+0000] {manager.py:997} INFO - 
================================================================================
DAG File Processing Stats

File Path                               PID    Runtime      # DAGs    # Errors  Last Runtime    Last Run               Last # of DB Queries
--------------------------------------  -----  ---------  --------  ----------  --------------  -------------------  ----------------------
/opt/airflow/dags/operators/testdag.py                           1           0  1.40s           2025-02-12T05:20:30                      12
================================================================================
[2025-02-12T05:21:28.091+0000] {manager.py:997} INFO - 
================================================================================
DAG File Processing Stats

File Path                               PID    Runtime      # DAGs    # Errors  Last Runtime    Last Run               Last # of DB Queries
--------------------------------------  -----  ---------  --------  ----------  --------------  -------------------  ----------------------
/opt/airflow/dags/operators/testdag.py                           1           0  1.02s           2025-02-12T05:21:01                      33
================================================================================
[2025-02-12T05:21:58.219+0000] {manager.py:997} INFO - 
================================================================================
DAG File Processing Stats

File Path                               PID    Runtime      # DAGs    # Errors  Last Runtime    Last Run               Last # of DB Queries
--------------------------------------  -----  ---------  --------  ----------  --------------  -------------------  ----------------------
/opt/airflow/dags/operators/testdag.py                           1           0  0.73s           2025-02-12T05:21:32                      12
================================================================================
[2025-02-12T05:22:28.747+0000] {manager.py:997} INFO - 
================================================================================
DAG File Processing Stats

File Path                               PID    Runtime      # DAGs    # Errors  Last Runtime    Last Run               Last # of DB Queries
--------------------------------------  -----  ---------  --------  ----------  --------------  -------------------  ----------------------
/opt/airflow/dags/operators/testdag.py                           1           0  0.63s           2025-02-12T05:22:03                      12
================================================================================
[2025-02-12T05:22:59.210+0000] {manager.py:997} INFO - 
================================================================================
DAG File Processing Stats

File Path                               PID    Runtime      # DAGs    # Errors  Last Runtime    Last Run               Last # of DB Queries
--------------------------------------  -----  ---------  --------  ----------  --------------  -------------------  ----------------------
/opt/airflow/dags/operators/testdag.py                           1           0  0.64s           2025-02-12T05:22:34                      12
================================================================================
[2025-02-12T05:23:29.458+0000] {manager.py:997} INFO - 
================================================================================
DAG File Processing Stats

File Path                               PID    Runtime      # DAGs    # Errors  Last Runtime    Last Run               Last # of DB Queries
--------------------------------------  -----  ---------  --------  ----------  --------------  -------------------  ----------------------
/opt/airflow/dags/operators/testdag.py                           1           0  0.84s           2025-02-12T05:23:06                      12
================================================================================
[2025-02-12T05:24:00.026+0000] {manager.py:997} INFO - 
================================================================================
DAG File Processing Stats

File Path                               PID    Runtime      # DAGs    # Errors  Last Runtime    Last Run               Last # of DB Queries
--------------------------------------  -----  ---------  --------  ----------  --------------  -------------------  ----------------------
/opt/airflow/dags/operators/testdag.py                           1           0  1.47s           2025-02-12T05:23:38                      12
================================================================================
[2025-02-12T05:24:30.316+0000] {manager.py:997} INFO - 
================================================================================
DAG File Processing Stats

File Path                               PID    Runtime      # DAGs    # Errors  Last Runtime    Last Run               Last # of DB Queries
--------------------------------------  -----  ---------  --------  ----------  --------------  -------------------  ----------------------
/opt/airflow/dags/operators/testdag.py                           1           0  0.83s           2025-02-12T05:24:09                      12
================================================================================
[2025-02-12T05:24:56.357+0000] {manager.py:821} INFO - Searching for files in /opt/airflow/dags
[2025-02-12T05:24:56.372+0000] {manager.py:824} INFO - There are 1 files in /opt/airflow/dags
[2025-02-12T05:25:00.450+0000] {manager.py:997} INFO - 
================================================================================
DAG File Processing Stats

File Path                               PID    Runtime      # DAGs    # Errors  Last Runtime    Last Run               Last # of DB Queries
--------------------------------------  -----  ---------  --------  ----------  --------------  -------------------  ----------------------
/opt/airflow/dags/operators/testdag.py                           1           0  0.73s           2025-02-12T05:24:40                      12
================================================================================
[2025-02-12T05:25:30.940+0000] {manager.py:997} INFO - 
================================================================================
DAG File Processing Stats

File Path                               PID    Runtime      # DAGs    # Errors  Last Runtime    Last Run               Last # of DB Queries
--------------------------------------  -----  ---------  --------  ----------  --------------  -------------------  ----------------------
/opt/airflow/dags/operators/testdag.py                           1           0  1.26s           2025-02-12T05:25:11                      12
================================================================================
[2025-02-12T05:26:01.182+0000] {manager.py:997} INFO - 
================================================================================
DAG File Processing Stats

File Path                               PID    Runtime      # DAGs    # Errors  Last Runtime    Last Run               Last # of DB Queries
--------------------------------------  -----  ---------  --------  ----------  --------------  -------------------  ----------------------
/opt/airflow/dags/operators/testdag.py                           1           0  0.85s           2025-02-12T05:25:42                      12
================================================================================
[2025-02-12T05:26:31.594+0000] {manager.py:997} INFO - 
================================================================================
DAG File Processing Stats

File Path                               PID    Runtime      # DAGs    # Errors  Last Runtime    Last Run               Last # of DB Queries
--------------------------------------  -----  ---------  --------  ----------  --------------  -------------------  ----------------------
/opt/airflow/dags/operators/testdag.py                           1           0  1.07s           2025-02-12T05:26:14                      12
================================================================================
[2025-02-12T05:27:01.679+0000] {manager.py:997} INFO - 
================================================================================
DAG File Processing Stats

File Path                               PID    Runtime      # DAGs    # Errors  Last Runtime    Last Run               Last # of DB Queries
--------------------------------------  -----  ---------  --------  ----------  --------------  -------------------  ----------------------
/opt/airflow/dags/operators/testdag.py                           1           0  0.60s           2025-02-12T05:26:45                      12
================================================================================
[2025-02-12T05:27:31.755+0000] {manager.py:997} INFO - 
================================================================================
DAG File Processing Stats

File Path                               PID    Runtime      # DAGs    # Errors  Last Runtime    Last Run               Last # of DB Queries
--------------------------------------  -----  ---------  --------  ----------  --------------  -------------------  ----------------------
/opt/airflow/dags/operators/testdag.py                           1           0  0.70s           2025-02-12T05:27:16                      12
================================================================================
[2025-02-12T05:27:46.043+0000] {manager.py:465} INFO - Exiting gracefully upon receiving signal 15
[2025-02-12T08:59:37.255+0000] {manager.py:483} INFO - Processing files using up to 2 processes at a time 
[2025-02-12T08:59:37.255+0000] {manager.py:484} INFO - Process each file at most once every 30 seconds
[2025-02-12T08:59:37.256+0000] {manager.py:485} INFO - Checking for new files in /opt/airflow/dags every 300 seconds
[2025-02-12T08:59:37.256+0000] {manager.py:821} INFO - Searching for files in /opt/airflow/dags
[2025-02-12T08:59:37.259+0000] {manager.py:824} INFO - There are 1 files in /opt/airflow/dags
[2025-02-12T08:59:37.310+0000] {manager.py:997} INFO - 
================================================================================
DAG File Processing Stats

File Path                                 PID  Runtime      # DAGs    # Errors  Last Runtime    Last Run      Last # of DB Queries
--------------------------------------  -----  ---------  --------  ----------  --------------  ----------  ----------------------
/opt/airflow/dags/operators/testdag.py     27  0.02s             0           0                                                   0
================================================================================
[2025-02-12T09:00:07.569+0000] {manager.py:997} INFO - 
================================================================================
DAG File Processing Stats

File Path                               PID    Runtime      # DAGs    # Errors  Last Runtime    Last Run               Last # of DB Queries
--------------------------------------  -----  ---------  --------  ----------  --------------  -------------------  ----------------------
/opt/airflow/dags/operators/testdag.py                           1           0  2.03s           2025-02-12T08:59:39                      45
================================================================================
[2025-02-12T09:00:37.914+0000] {manager.py:997} INFO - 
================================================================================
DAG File Processing Stats

File Path                               PID    Runtime      # DAGs    # Errors  Last Runtime    Last Run               Last # of DB Queries
--------------------------------------  -----  ---------  --------  ----------  --------------  -------------------  ----------------------
/opt/airflow/dags/operators/testdag.py                           1           0  0.54s           2025-02-12T09:00:10                      12
================================================================================
[2025-02-12T09:01:08.197+0000] {manager.py:997} INFO - 
================================================================================
DAG File Processing Stats

File Path                               PID    Runtime      # DAGs    # Errors  Last Runtime    Last Run               Last # of DB Queries
--------------------------------------  -----  ---------  --------  ----------  --------------  -------------------  ----------------------
/opt/airflow/dags/operators/testdag.py                           1           0  0.42s           2025-02-12T09:00:40                      12
================================================================================
[2025-02-12T09:57:52.073+0000] {manager.py:821} INFO - Searching for files in /opt/airflow/dags
[2025-02-12T09:57:52.082+0000] {manager.py:824} INFO - There are 1 files in /opt/airflow/dags
[2025-02-12T09:58:11.452+0000] {manager.py:997} INFO - 
================================================================================
DAG File Processing Stats

File Path                               PID    Runtime      # DAGs    # Errors  Last Runtime    Last Run               Last # of DB Queries
--------------------------------------  -----  ---------  --------  ----------  --------------  -------------------  ----------------------
/opt/airflow/dags/operators/testdag.py                           1           0  0.61s           2025-02-12T09:57:52                      12
================================================================================
[2025-02-12T09:58:41.735+0000] {manager.py:997} INFO - 
================================================================================
DAG File Processing Stats

File Path                               PID    Runtime      # DAGs    # Errors  Last Runtime    Last Run               Last # of DB Queries
--------------------------------------  -----  ---------  --------  ----------  --------------  -------------------  ----------------------
/opt/airflow/dags/operators/testdag.py                           1           0  0.66s           2025-02-12T09:58:23                      12
================================================================================
[2025-02-12T09:59:12.288+0000] {manager.py:997} INFO - 
================================================================================
DAG File Processing Stats

File Path                               PID    Runtime      # DAGs    # Errors  Last Runtime    Last Run               Last # of DB Queries
--------------------------------------  -----  ---------  --------  ----------  --------------  -------------------  ----------------------
/opt/airflow/dags/operators/testdag.py                           1           0  0.54s           2025-02-12T09:58:54                      12
================================================================================
[2025-02-12T09:59:42.921+0000] {manager.py:997} INFO - 
================================================================================
DAG File Processing Stats

File Path                               PID    Runtime      # DAGs    # Errors  Last Runtime    Last Run               Last # of DB Queries
--------------------------------------  -----  ---------  --------  ----------  --------------  -------------------  ----------------------
/opt/airflow/dags/operators/testdag.py                           1           0  0.54s           2025-02-12T09:59:24                      12
================================================================================
[2025-02-12T10:00:13.541+0000] {manager.py:997} INFO - 
================================================================================
DAG File Processing Stats

File Path                               PID    Runtime      # DAGs    # Errors  Last Runtime    Last Run               Last # of DB Queries
--------------------------------------  -----  ---------  --------  ----------  --------------  -------------------  ----------------------
/opt/airflow/dags/operators/testdag.py                           1           0  0.54s           2025-02-12T09:59:55                      12
================================================================================
[2025-02-12T10:00:44.187+0000] {manager.py:997} INFO - 
================================================================================
DAG File Processing Stats

File Path                               PID    Runtime      # DAGs    # Errors  Last Runtime    Last Run               Last # of DB Queries
--------------------------------------  -----  ---------  --------  ----------  --------------  -------------------  ----------------------
/opt/airflow/dags/operators/testdag.py                           1           0  0.55s           2025-02-12T10:00:26                      12
================================================================================
[2025-02-12T10:01:14.818+0000] {manager.py:997} INFO - 
================================================================================
DAG File Processing Stats

File Path                               PID    Runtime      # DAGs    # Errors  Last Runtime    Last Run               Last # of DB Queries
--------------------------------------  -----  ---------  --------  ----------  --------------  -------------------  ----------------------
/opt/airflow/dags/operators/testdag.py                           1           0  0.51s           2025-02-12T10:00:56                      12
================================================================================
[2025-02-12T10:01:45.371+0000] {manager.py:997} INFO - 
================================================================================
DAG File Processing Stats

File Path                               PID    Runtime      # DAGs    # Errors  Last Runtime    Last Run               Last # of DB Queries
--------------------------------------  -----  ---------  --------  ----------  --------------  -------------------  ----------------------
/opt/airflow/dags/operators/testdag.py                           1           0  0.53s           2025-02-12T10:01:27                      12
================================================================================
[2025-02-12T10:02:16.048+0000] {manager.py:997} INFO - 
================================================================================
DAG File Processing Stats

File Path                               PID    Runtime      # DAGs    # Errors  Last Runtime    Last Run               Last # of DB Queries
--------------------------------------  -----  ---------  --------  ----------  --------------  -------------------  ----------------------
/opt/airflow/dags/operators/testdag.py                           1           0  0.53s           2025-02-12T10:01:58                      12
================================================================================
[2025-02-12T10:02:46.590+0000] {manager.py:997} INFO - 
================================================================================
DAG File Processing Stats

File Path                               PID    Runtime      # DAGs    # Errors  Last Runtime    Last Run               Last # of DB Queries
--------------------------------------  -----  ---------  --------  ----------  --------------  -------------------  ----------------------
/opt/airflow/dags/operators/testdag.py                           1           0  0.59s           2025-02-12T10:02:28                      12
================================================================================
[2025-02-12T10:02:52.662+0000] {manager.py:821} INFO - Searching for files in /opt/airflow/dags
[2025-02-12T10:02:52.674+0000] {manager.py:824} INFO - There are 1 files in /opt/airflow/dags
[2025-02-12T10:03:16.932+0000] {manager.py:997} INFO - 
================================================================================
DAG File Processing Stats

File Path                               PID    Runtime      # DAGs    # Errors  Last Runtime    Last Run               Last # of DB Queries
--------------------------------------  -----  ---------  --------  ----------  --------------  -------------------  ----------------------
/opt/airflow/dags/operators/testdag.py                           1           0  0.62s           2025-02-12T10:02:59                      12
================================================================================
[2025-02-12T10:04:13.081+0000] {manager.py:997} INFO - 
================================================================================
DAG File Processing Stats

File Path                               PID    Runtime      # DAGs    # Errors  Last Runtime    Last Run               Last # of DB Queries
--------------------------------------  -----  ---------  --------  ----------  --------------  -------------------  ----------------------
/opt/airflow/dags/operators/testdag.py                           1           0  0.67s           2025-02-12T10:03:48                      12
================================================================================
[2025-02-12T10:04:43.955+0000] {manager.py:997} INFO - 
================================================================================
DAG File Processing Stats

File Path                               PID    Runtime      # DAGs    # Errors  Last Runtime    Last Run               Last # of DB Queries
--------------------------------------  -----  ---------  --------  ----------  --------------  -------------------  ----------------------
/opt/airflow/dags/operators/testdag.py                           1           0  0.58s           2025-02-12T10:04:19                      12
================================================================================
[2025-02-12T10:05:14.244+0000] {manager.py:997} INFO - 
================================================================================
DAG File Processing Stats

File Path                               PID    Runtime      # DAGs    # Errors  Last Runtime    Last Run               Last # of DB Queries
--------------------------------------  -----  ---------  --------  ----------  --------------  -------------------  ----------------------
/opt/airflow/dags/operators/testdag.py                           1           0  0.56s           2025-02-12T10:04:50                      12
================================================================================
[2025-02-12T10:05:29.685+0000] {manager.py:465} INFO - Exiting gracefully upon receiving signal 15
[2025-02-12T13:49:14.437+0000] {manager.py:483} INFO - Processing files using up to 2 processes at a time 
[2025-02-12T13:49:14.438+0000] {manager.py:484} INFO - Process each file at most once every 30 seconds
[2025-02-12T13:49:14.438+0000] {manager.py:485} INFO - Checking for new files in /opt/airflow/dags every 300 seconds
[2025-02-12T13:49:14.438+0000] {manager.py:821} INFO - Searching for files in /opt/airflow/dags
[2025-02-12T13:49:14.461+0000] {manager.py:824} INFO - There are 1 files in /opt/airflow/dags
[2025-02-12T13:49:14.506+0000] {manager.py:997} INFO - 
================================================================================
DAG File Processing Stats

File Path                                 PID  Runtime      # DAGs    # Errors  Last Runtime    Last Run      Last # of DB Queries
--------------------------------------  -----  ---------  --------  ----------  --------------  ----------  ----------------------
/opt/airflow/dags/operators/testdag.py     40  0.01s             0           0                                                   0
================================================================================
[2025-02-12T13:49:44.646+0000] {manager.py:997} INFO - 
================================================================================
DAG File Processing Stats

File Path                               PID    Runtime      # DAGs    # Errors  Last Runtime    Last Run               Last # of DB Queries
--------------------------------------  -----  ---------  --------  ----------  --------------  -------------------  ----------------------
/opt/airflow/dags/operators/testdag.py                           1           0  2.02s           2025-02-12T13:49:16                      45
================================================================================
[2025-02-12T13:50:14.823+0000] {manager.py:997} INFO - 
================================================================================
DAG File Processing Stats

File Path                               PID    Runtime      # DAGs    # Errors  Last Runtime    Last Run               Last # of DB Queries
--------------------------------------  -----  ---------  --------  ----------  --------------  -------------------  ----------------------
/opt/airflow/dags/operators/testdag.py                           1           0  0.44s           2025-02-12T13:49:47                      12
================================================================================
[2025-02-12T13:50:44.871+0000] {manager.py:997} INFO - 
================================================================================
DAG File Processing Stats

File Path                               PID    Runtime      # DAGs    # Errors  Last Runtime    Last Run               Last # of DB Queries
--------------------------------------  -----  ---------  --------  ----------  --------------  -------------------  ----------------------
/opt/airflow/dags/operators/testdag.py                           1           0  0.49s           2025-02-12T13:50:17                      12
================================================================================
[2025-02-12T13:51:15.019+0000] {manager.py:997} INFO - 
================================================================================
DAG File Processing Stats

File Path                               PID    Runtime      # DAGs    # Errors  Last Runtime    Last Run               Last # of DB Queries
--------------------------------------  -----  ---------  --------  ----------  --------------  -------------------  ----------------------
/opt/airflow/dags/operators/testdag.py                           1           0  0.48s           2025-02-12T13:50:48                      12
================================================================================
[2025-02-12T13:51:45.127+0000] {manager.py:997} INFO - 
================================================================================
DAG File Processing Stats

File Path                               PID    Runtime      # DAGs    # Errors  Last Runtime    Last Run               Last # of DB Queries
--------------------------------------  -----  ---------  --------  ----------  --------------  -------------------  ----------------------
/opt/airflow/dags/operators/testdag.py                           1           0  0.47s           2025-02-12T13:51:18                      12
================================================================================
[2025-02-12T13:52:15.270+0000] {manager.py:997} INFO - 
================================================================================
DAG File Processing Stats

File Path                               PID    Runtime      # DAGs    # Errors  Last Runtime    Last Run               Last # of DB Queries
--------------------------------------  -----  ---------  --------  ----------  --------------  -------------------  ----------------------
/opt/airflow/dags/operators/testdag.py                           1           0  0.45s           2025-02-12T13:51:49                      12
================================================================================
[2025-02-12T13:52:45.335+0000] {manager.py:997} INFO - 
================================================================================
DAG File Processing Stats

File Path                               PID    Runtime      # DAGs    # Errors  Last Runtime    Last Run               Last # of DB Queries
--------------------------------------  -----  ---------  --------  ----------  --------------  -------------------  ----------------------
/opt/airflow/dags/operators/testdag.py                           1           0  0.47s           2025-02-12T13:52:20                      12
================================================================================
[2025-02-12T13:53:15.477+0000] {manager.py:997} INFO - 
================================================================================
DAG File Processing Stats

File Path                               PID    Runtime      # DAGs    # Errors  Last Runtime    Last Run               Last # of DB Queries
--------------------------------------  -----  ---------  --------  ----------  --------------  -------------------  ----------------------
/opt/airflow/dags/operators/testdag.py                           1           0  0.47s           2025-02-12T13:52:50                      12
================================================================================
[2025-02-12T13:53:45.624+0000] {manager.py:997} INFO - 
================================================================================
DAG File Processing Stats

File Path                               PID    Runtime      # DAGs    # Errors  Last Runtime    Last Run               Last # of DB Queries
--------------------------------------  -----  ---------  --------  ----------  --------------  -------------------  ----------------------
/opt/airflow/dags/operators/testdag.py                           1           0  0.53s           2025-02-12T13:53:21                      12
================================================================================
[2025-02-12T13:54:15.230+0000] {manager.py:821} INFO - Searching for files in /opt/airflow/dags
[2025-02-12T13:54:15.248+0000] {manager.py:824} INFO - There are 1 files in /opt/airflow/dags
[2025-02-12T13:54:16.260+0000] {manager.py:997} INFO - 
================================================================================
DAG File Processing Stats

File Path                               PID    Runtime      # DAGs    # Errors  Last Runtime    Last Run               Last # of DB Queries
--------------------------------------  -----  ---------  --------  ----------  --------------  -------------------  ----------------------
/opt/airflow/dags/operators/testdag.py                           1           0  0.49s           2025-02-12T13:53:52                      12
================================================================================
[2025-02-12T13:54:46.405+0000] {manager.py:997} INFO - 
================================================================================
DAG File Processing Stats

File Path                               PID    Runtime      # DAGs    # Errors  Last Runtime    Last Run               Last # of DB Queries
--------------------------------------  -----  ---------  --------  ----------  --------------  -------------------  ----------------------
/opt/airflow/dags/operators/testdag.py                           1           0  0.51s           2025-02-12T13:54:22                      12
================================================================================
[2025-02-12T13:55:16.512+0000] {manager.py:997} INFO - 
================================================================================
DAG File Processing Stats

File Path                               PID    Runtime      # DAGs    # Errors  Last Runtime    Last Run               Last # of DB Queries
--------------------------------------  -----  ---------  --------  ----------  --------------  -------------------  ----------------------
/opt/airflow/dags/operators/testdag.py                           1           0  0.45s           2025-02-12T13:54:53                      12
================================================================================
[2025-02-12T13:55:46.674+0000] {manager.py:997} INFO - 
================================================================================
DAG File Processing Stats

File Path                               PID    Runtime      # DAGs    # Errors  Last Runtime    Last Run               Last # of DB Queries
--------------------------------------  -----  ---------  --------  ----------  --------------  -------------------  ----------------------
/opt/airflow/dags/operators/testdag.py                           1           0  0.46s           2025-02-12T13:55:24                      12
================================================================================
[2025-02-12T13:56:16.753+0000] {manager.py:997} INFO - 
================================================================================
DAG File Processing Stats

File Path                               PID    Runtime      # DAGs    # Errors  Last Runtime    Last Run               Last # of DB Queries
--------------------------------------  -----  ---------  --------  ----------  --------------  -------------------  ----------------------
/opt/airflow/dags/operators/testdag.py                           1           0  0.46s           2025-02-12T13:55:54                      12
================================================================================
[2025-02-12T13:56:46.905+0000] {manager.py:997} INFO - 
================================================================================
DAG File Processing Stats

File Path                               PID    Runtime      # DAGs    # Errors  Last Runtime    Last Run               Last # of DB Queries
--------------------------------------  -----  ---------  --------  ----------  --------------  -------------------  ----------------------
/opt/airflow/dags/operators/testdag.py                           1           0  0.48s           2025-02-12T13:56:25                      12
================================================================================
[2025-02-12T13:57:17.011+0000] {manager.py:997} INFO - 
================================================================================
DAG File Processing Stats

File Path                               PID    Runtime      # DAGs    # Errors  Last Runtime    Last Run               Last # of DB Queries
--------------------------------------  -----  ---------  --------  ----------  --------------  -------------------  ----------------------
/opt/airflow/dags/operators/testdag.py                           1           0  0.50s           2025-02-12T13:56:55                      12
================================================================================
[2025-02-12T13:57:47.183+0000] {manager.py:997} INFO - 
================================================================================
DAG File Processing Stats

File Path                               PID    Runtime      # DAGs    # Errors  Last Runtime    Last Run               Last # of DB Queries
--------------------------------------  -----  ---------  --------  ----------  --------------  -------------------  ----------------------
/opt/airflow/dags/operators/testdag.py                           1           0  0.45s           2025-02-12T13:57:26                      12
================================================================================
[2025-02-12T13:58:17.215+0000] {manager.py:997} INFO - 
================================================================================
DAG File Processing Stats

File Path                               PID    Runtime      # DAGs    # Errors  Last Runtime    Last Run               Last # of DB Queries
--------------------------------------  -----  ---------  --------  ----------  --------------  -------------------  ----------------------
/opt/airflow/dags/operators/testdag.py                           1           0  0.45s           2025-02-12T13:57:57                      12
================================================================================
[2025-02-12T13:58:47.376+0000] {manager.py:997} INFO - 
================================================================================
DAG File Processing Stats

File Path                               PID    Runtime      # DAGs    # Errors  Last Runtime    Last Run               Last # of DB Queries
--------------------------------------  -----  ---------  --------  ----------  --------------  -------------------  ----------------------
/opt/airflow/dags/operators/testdag.py                           1           0  0.44s           2025-02-12T13:58:27                      12
================================================================================
[2025-02-12T13:59:15.385+0000] {manager.py:821} INFO - Searching for files in /opt/airflow/dags
[2025-02-12T13:59:15.412+0000] {manager.py:824} INFO - There are 1 files in /opt/airflow/dags
[2025-02-12T13:59:17.431+0000] {manager.py:997} INFO - 
================================================================================
DAG File Processing Stats

File Path                               PID    Runtime      # DAGs    # Errors  Last Runtime    Last Run               Last # of DB Queries
--------------------------------------  -----  ---------  --------  ----------  --------------  -------------------  ----------------------
/opt/airflow/dags/operators/testdag.py                           1           0  0.43s           2025-02-12T13:58:58                      12
================================================================================
[2025-02-12T13:59:48.109+0000] {manager.py:997} INFO - 
================================================================================
DAG File Processing Stats

File Path                               PID    Runtime      # DAGs    # Errors  Last Runtime    Last Run               Last # of DB Queries
--------------------------------------  -----  ---------  --------  ----------  --------------  -------------------  ----------------------
/opt/airflow/dags/operators/testdag.py                           1           0  0.70s           2025-02-12T13:59:29                      12
================================================================================
[2025-02-12T14:00:18.445+0000] {manager.py:997} INFO - 
================================================================================
DAG File Processing Stats

File Path                               PID    Runtime      # DAGs    # Errors  Last Runtime    Last Run               Last # of DB Queries
--------------------------------------  -----  ---------  --------  ----------  --------------  -------------------  ----------------------
/opt/airflow/dags/operators/testdag.py                           1           0  0.44s           2025-02-12T13:59:59                      12
================================================================================
[2025-02-12T14:00:48.495+0000] {manager.py:997} INFO - 
================================================================================
DAG File Processing Stats

File Path                               PID    Runtime      # DAGs    # Errors  Last Runtime    Last Run               Last # of DB Queries
--------------------------------------  -----  ---------  --------  ----------  --------------  -------------------  ----------------------
/opt/airflow/dags/operators/testdag.py                           1           0  0.45s           2025-02-12T14:00:30                      12
================================================================================
[2025-02-12T14:01:18.653+0000] {manager.py:997} INFO - 
================================================================================
DAG File Processing Stats

File Path                               PID    Runtime      # DAGs    # Errors  Last Runtime    Last Run               Last # of DB Queries
--------------------------------------  -----  ---------  --------  ----------  --------------  -------------------  ----------------------
/opt/airflow/dags/operators/testdag.py                           1           0  0.45s           2025-02-12T14:01:01                      12
================================================================================
[2025-02-12T14:01:48.720+0000] {manager.py:997} INFO - 
================================================================================
DAG File Processing Stats

File Path                               PID    Runtime      # DAGs    # Errors  Last Runtime    Last Run               Last # of DB Queries
--------------------------------------  -----  ---------  --------  ----------  --------------  -------------------  ----------------------
/opt/airflow/dags/operators/testdag.py                           1           0  0.48s           2025-02-12T14:01:31                      12
================================================================================
[2025-02-12T14:02:18.863+0000] {manager.py:997} INFO - 
================================================================================
DAG File Processing Stats

File Path                               PID    Runtime      # DAGs    # Errors  Last Runtime    Last Run               Last # of DB Queries
--------------------------------------  -----  ---------  --------  ----------  --------------  -------------------  ----------------------
/opt/airflow/dags/operators/testdag.py                           1           0  0.49s           2025-02-12T14:02:02                      12
================================================================================
[2025-02-12T14:02:48.951+0000] {manager.py:997} INFO - 
================================================================================
DAG File Processing Stats

File Path                               PID    Runtime      # DAGs    # Errors  Last Runtime    Last Run               Last # of DB Queries
--------------------------------------  -----  ---------  --------  ----------  --------------  -------------------  ----------------------
/opt/airflow/dags/operators/testdag.py                           1           0  0.44s           2025-02-12T14:02:32                      12
================================================================================
[2025-02-12T14:03:19.119+0000] {manager.py:997} INFO - 
================================================================================
DAG File Processing Stats

File Path                               PID    Runtime      # DAGs    # Errors  Last Runtime    Last Run               Last # of DB Queries
--------------------------------------  -----  ---------  --------  ----------  --------------  -------------------  ----------------------
/opt/airflow/dags/operators/testdag.py                           1           0  0.44s           2025-02-12T14:03:03                      12
================================================================================
[2025-02-12T14:03:49.130+0000] {manager.py:997} INFO - 
================================================================================
DAG File Processing Stats

File Path                               PID    Runtime      # DAGs    # Errors  Last Runtime    Last Run               Last # of DB Queries
--------------------------------------  -----  ---------  --------  ----------  --------------  -------------------  ----------------------
/opt/airflow/dags/operators/testdag.py                           1           0  0.44s           2025-02-12T14:03:34                      12
================================================================================
[2025-02-12T14:04:15.711+0000] {manager.py:821} INFO - Searching for files in /opt/airflow/dags
[2025-02-12T14:04:15.733+0000] {manager.py:824} INFO - There are 1 files in /opt/airflow/dags
[2025-02-12T14:04:19.282+0000] {manager.py:997} INFO - 
================================================================================
DAG File Processing Stats

File Path                               PID    Runtime      # DAGs    # Errors  Last Runtime    Last Run               Last # of DB Queries
--------------------------------------  -----  ---------  --------  ----------  --------------  -------------------  ----------------------
/opt/airflow/dags/operators/testdag.py                           1           0  0.45s           2025-02-12T14:04:04                      12
================================================================================
[2025-02-12T14:04:49.410+0000] {manager.py:997} INFO - 
================================================================================
DAG File Processing Stats

File Path                               PID    Runtime      # DAGs    # Errors  Last Runtime    Last Run               Last # of DB Queries
--------------------------------------  -----  ---------  --------  ----------  --------------  -------------------  ----------------------
/opt/airflow/dags/operators/testdag.py                           1           0  0.51s           2025-02-12T14:04:35                      12
================================================================================
[2025-02-12T14:05:19.567+0000] {manager.py:997} INFO - 
================================================================================
DAG File Processing Stats

File Path                               PID    Runtime      # DAGs    # Errors  Last Runtime    Last Run               Last # of DB Queries
--------------------------------------  -----  ---------  --------  ----------  --------------  -------------------  ----------------------
/opt/airflow/dags/operators/testdag.py                           1           0  0.45s           2025-02-12T14:05:05                      12
================================================================================
[2025-02-12T14:05:49.639+0000] {manager.py:997} INFO - 
================================================================================
DAG File Processing Stats

File Path                               PID    Runtime      # DAGs    # Errors  Last Runtime    Last Run               Last # of DB Queries
--------------------------------------  -----  ---------  --------  ----------  --------------  -------------------  ----------------------
/opt/airflow/dags/operators/testdag.py                           1           0  0.47s           2025-02-12T14:05:36                      12
================================================================================
[2025-02-12T14:06:19.795+0000] {manager.py:997} INFO - 
================================================================================
DAG File Processing Stats

File Path                               PID    Runtime      # DAGs    # Errors  Last Runtime    Last Run               Last # of DB Queries
--------------------------------------  -----  ---------  --------  ----------  --------------  -------------------  ----------------------
/opt/airflow/dags/operators/testdag.py                           1           0  0.46s           2025-02-12T14:06:07                      12
================================================================================
[2025-02-12T14:06:49.920+0000] {manager.py:997} INFO - 
================================================================================
DAG File Processing Stats

File Path                               PID    Runtime      # DAGs    # Errors  Last Runtime    Last Run               Last # of DB Queries
--------------------------------------  -----  ---------  --------  ----------  --------------  -------------------  ----------------------
/opt/airflow/dags/operators/testdag.py                           1           0  0.51s           2025-02-12T14:06:37                      12
================================================================================
[2025-02-12T14:07:20.078+0000] {manager.py:997} INFO - 
================================================================================
DAG File Processing Stats

File Path                               PID    Runtime      # DAGs    # Errors  Last Runtime    Last Run               Last # of DB Queries
--------------------------------------  -----  ---------  --------  ----------  --------------  -------------------  ----------------------
/opt/airflow/dags/operators/testdag.py                           1           0  0.46s           2025-02-12T14:07:08                      12
================================================================================
[2025-02-12T14:07:50.160+0000] {manager.py:997} INFO - 
================================================================================
DAG File Processing Stats

File Path                               PID    Runtime      # DAGs    # Errors  Last Runtime    Last Run               Last # of DB Queries
--------------------------------------  -----  ---------  --------  ----------  --------------  -------------------  ----------------------
/opt/airflow/dags/operators/testdag.py                           1           0  0.46s           2025-02-12T14:07:39                      12
================================================================================
[2025-02-12T14:08:20.319+0000] {manager.py:997} INFO - 
================================================================================
DAG File Processing Stats

File Path                               PID    Runtime      # DAGs    # Errors  Last Runtime    Last Run               Last # of DB Queries
--------------------------------------  -----  ---------  --------  ----------  --------------  -------------------  ----------------------
/opt/airflow/dags/operators/testdag.py                           1           0  0.48s           2025-02-12T14:08:09                      12
================================================================================
[2025-02-12T14:08:50.414+0000] {manager.py:997} INFO - 
================================================================================
DAG File Processing Stats

File Path                               PID    Runtime      # DAGs    # Errors  Last Runtime    Last Run               Last # of DB Queries
--------------------------------------  -----  ---------  --------  ----------  --------------  -------------------  ----------------------
/opt/airflow/dags/operators/testdag.py                           1           0  0.49s           2025-02-12T14:08:40                      12
================================================================================
[2025-02-12T14:09:15.996+0000] {manager.py:821} INFO - Searching for files in /opt/airflow/dags
[2025-02-12T14:09:16.024+0000] {manager.py:824} INFO - There are 1 files in /opt/airflow/dags
[2025-02-12T14:09:20.566+0000] {manager.py:997} INFO - 
================================================================================
DAG File Processing Stats

File Path                               PID    Runtime      # DAGs    # Errors  Last Runtime    Last Run               Last # of DB Queries
--------------------------------------  -----  ---------  --------  ----------  --------------  -------------------  ----------------------
/opt/airflow/dags/operators/testdag.py                           1           0  0.46s           2025-02-12T14:09:10                      12
================================================================================
[2025-02-12T14:09:50.687+0000] {manager.py:997} INFO - 
================================================================================
DAG File Processing Stats

File Path                               PID    Runtime      # DAGs    # Errors  Last Runtime    Last Run               Last # of DB Queries
--------------------------------------  -----  ---------  --------  ----------  --------------  -------------------  ----------------------
/opt/airflow/dags/operators/testdag.py                           1           0  0.48s           2025-02-12T14:09:41                      12
================================================================================
[2025-02-12T14:10:20.844+0000] {manager.py:997} INFO - 
================================================================================
DAG File Processing Stats

File Path                               PID    Runtime      # DAGs    # Errors  Last Runtime    Last Run               Last # of DB Queries
--------------------------------------  -----  ---------  --------  ----------  --------------  -------------------  ----------------------
/opt/airflow/dags/operators/testdag.py                           1           0  0.43s           2025-02-12T14:10:12                      12
================================================================================
[2025-02-12T14:10:50.874+0000] {manager.py:997} INFO - 
================================================================================
DAG File Processing Stats

File Path                               PID    Runtime      # DAGs    # Errors  Last Runtime    Last Run               Last # of DB Queries
--------------------------------------  -----  ---------  --------  ----------  --------------  -------------------  ----------------------
/opt/airflow/dags/operators/testdag.py                           1           0  0.46s           2025-02-12T14:10:42                      12
================================================================================
[2025-02-12T14:11:21.025+0000] {manager.py:997} INFO - 
================================================================================
DAG File Processing Stats

File Path                               PID    Runtime      # DAGs    # Errors  Last Runtime    Last Run               Last # of DB Queries
--------------------------------------  -----  ---------  --------  ----------  --------------  -------------------  ----------------------
/opt/airflow/dags/operators/testdag.py                           1           0  0.46s           2025-02-12T14:11:13                      12
================================================================================
[2025-02-12T14:11:51.093+0000] {manager.py:997} INFO - 
================================================================================
DAG File Processing Stats

File Path                               PID    Runtime      # DAGs    # Errors  Last Runtime    Last Run               Last # of DB Queries
--------------------------------------  -----  ---------  --------  ----------  --------------  -------------------  ----------------------
/opt/airflow/dags/operators/testdag.py                           1           0  0.46s           2025-02-12T14:11:44                      12
================================================================================
[2025-02-12T14:12:21.776+0000] {manager.py:997} INFO - 
================================================================================
DAG File Processing Stats

File Path                               PID    Runtime      # DAGs    # Errors  Last Runtime    Last Run               Last # of DB Queries
--------------------------------------  -----  ---------  --------  ----------  --------------  -------------------  ----------------------
/opt/airflow/dags/operators/testdag.py                           1           0  0.58s           2025-02-12T14:12:14                      12
================================================================================
[2025-02-12T14:12:51.945+0000] {manager.py:997} INFO - 
================================================================================
DAG File Processing Stats

File Path                               PID    Runtime      # DAGs    # Errors  Last Runtime    Last Run               Last # of DB Queries
--------------------------------------  -----  ---------  --------  ----------  --------------  -------------------  ----------------------
/opt/airflow/dags/operators/testdag.py                           1           0  0.47s           2025-02-12T14:12:45                      12
================================================================================
[2025-02-12T14:13:22.029+0000] {manager.py:997} INFO - 
================================================================================
DAG File Processing Stats

File Path                               PID    Runtime      # DAGs    # Errors  Last Runtime    Last Run               Last # of DB Queries
--------------------------------------  -----  ---------  --------  ----------  --------------  -------------------  ----------------------
/opt/airflow/dags/operators/testdag.py                           1           0  0.46s           2025-02-12T14:13:15                      12
================================================================================
[2025-02-12T14:13:52.175+0000] {manager.py:997} INFO - 
================================================================================
DAG File Processing Stats

File Path                               PID    Runtime      # DAGs    # Errors  Last Runtime    Last Run               Last # of DB Queries
--------------------------------------  -----  ---------  --------  ----------  --------------  -------------------  ----------------------
/opt/airflow/dags/operators/testdag.py                           1           0  0.44s           2025-02-12T14:13:46                      12
================================================================================
[2025-02-12T14:14:16.283+0000] {manager.py:821} INFO - Searching for files in /opt/airflow/dags
[2025-02-12T14:14:16.311+0000] {manager.py:824} INFO - There are 1 files in /opt/airflow/dags
[2025-02-12T14:14:22.232+0000] {manager.py:997} INFO - 
================================================================================
DAG File Processing Stats

File Path                               PID    Runtime      # DAGs    # Errors  Last Runtime    Last Run               Last # of DB Queries
--------------------------------------  -----  ---------  --------  ----------  --------------  -------------------  ----------------------
/opt/airflow/dags/operators/testdag.py                           1           0  0.47s           2025-02-12T14:14:17                      12
================================================================================
[2025-02-12T14:14:52.378+0000] {manager.py:997} INFO - 
================================================================================
DAG File Processing Stats

File Path                               PID    Runtime      # DAGs    # Errors  Last Runtime    Last Run               Last # of DB Queries
--------------------------------------  -----  ---------  --------  ----------  --------------  -------------------  ----------------------
/opt/airflow/dags/operators/testdag.py                           1           0  0.47s           2025-02-12T14:14:47                      12
================================================================================
[2025-02-12T14:15:22.477+0000] {manager.py:997} INFO - 
================================================================================
DAG File Processing Stats

File Path                               PID    Runtime      # DAGs    # Errors  Last Runtime    Last Run               Last # of DB Queries
--------------------------------------  -----  ---------  --------  ----------  --------------  -------------------  ----------------------
/opt/airflow/dags/operators/testdag.py                           1           0  0.47s           2025-02-12T14:15:18                      12
================================================================================
[2025-02-12T14:15:52.641+0000] {manager.py:997} INFO - 
================================================================================
DAG File Processing Stats

File Path                               PID    Runtime      # DAGs    # Errors  Last Runtime    Last Run               Last # of DB Queries
--------------------------------------  -----  ---------  --------  ----------  --------------  -------------------  ----------------------
/opt/airflow/dags/operators/testdag.py                           1           0  0.42s           2025-02-12T14:15:49                      12
================================================================================
[2025-02-12T14:16:22.677+0000] {manager.py:997} INFO - 
================================================================================
DAG File Processing Stats

File Path                               PID    Runtime      # DAGs    # Errors  Last Runtime    Last Run               Last # of DB Queries
--------------------------------------  -----  ---------  --------  ----------  --------------  -------------------  ----------------------
/opt/airflow/dags/operators/testdag.py                           1           0  0.46s           2025-02-12T14:16:19                      12
================================================================================
[2025-02-12T14:16:52.834+0000] {manager.py:997} INFO - 
================================================================================
DAG File Processing Stats

File Path                               PID    Runtime      # DAGs    # Errors  Last Runtime    Last Run               Last # of DB Queries
--------------------------------------  -----  ---------  --------  ----------  --------------  -------------------  ----------------------
/opt/airflow/dags/operators/testdag.py                           1           0  0.46s           2025-02-12T14:16:50                      12
================================================================================
[2025-02-12T14:17:22.882+0000] {manager.py:997} INFO - 
================================================================================
DAG File Processing Stats

File Path                               PID    Runtime      # DAGs    # Errors  Last Runtime    Last Run               Last # of DB Queries
--------------------------------------  -----  ---------  --------  ----------  --------------  -------------------  ----------------------
/opt/airflow/dags/operators/testdag.py                           1           0  0.44s           2025-02-12T14:17:20                      12
================================================================================
[2025-02-12T14:17:53.033+0000] {manager.py:997} INFO - 
================================================================================
DAG File Processing Stats

File Path                               PID    Runtime      # DAGs    # Errors  Last Runtime    Last Run               Last # of DB Queries
--------------------------------------  -----  ---------  --------  ----------  --------------  -------------------  ----------------------
/opt/airflow/dags/operators/testdag.py                           1           0  0.47s           2025-02-12T14:17:51                      12
================================================================================
[2025-02-12T14:18:23.102+0000] {manager.py:997} INFO - 
================================================================================
DAG File Processing Stats

File Path                               PID    Runtime      # DAGs    # Errors  Last Runtime    Last Run               Last # of DB Queries
--------------------------------------  -----  ---------  --------  ----------  --------------  -------------------  ----------------------
/opt/airflow/dags/operators/testdag.py                           1           0  0.46s           2025-02-12T14:18:22                      12
================================================================================
[2025-02-12T14:18:53.249+0000] {manager.py:997} INFO - 
================================================================================
DAG File Processing Stats

File Path                               PID    Runtime      # DAGs    # Errors  Last Runtime    Last Run               Last # of DB Queries
--------------------------------------  -----  ---------  --------  ----------  --------------  -------------------  ----------------------
/opt/airflow/dags/operators/testdag.py                           1           0  0.44s           2025-02-12T14:18:52                      12
================================================================================
[2025-02-12T14:19:16.379+0000] {manager.py:821} INFO - Searching for files in /opt/airflow/dags
[2025-02-12T14:19:16.397+0000] {manager.py:824} INFO - There are 1 files in /opt/airflow/dags
[2025-02-12T14:19:23.440+0000] {manager.py:997} INFO - 
================================================================================
DAG File Processing Stats

File Path                                 PID  Runtime      # DAGs    # Errors  Last Runtime    Last Run               Last # of DB Queries
--------------------------------------  -----  ---------  --------  ----------  --------------  -------------------  ----------------------
/opt/airflow/dags/operators/testdag.py    159  0.60s             1           0  0.44s           2025-02-12T14:18:52                      12
================================================================================
[2025-02-12T14:19:53.634+0000] {manager.py:997} INFO - 
================================================================================
DAG File Processing Stats

File Path                               PID    Runtime      # DAGs    # Errors  Last Runtime    Last Run               Last # of DB Queries
--------------------------------------  -----  ---------  --------  ----------  --------------  -------------------  ----------------------
/opt/airflow/dags/operators/testdag.py                           1           0  0.88s           2025-02-12T14:19:23                      12
================================================================================
[2025-02-12T14:20:24.049+0000] {manager.py:997} INFO - 
================================================================================
DAG File Processing Stats

File Path                               PID    Runtime      # DAGs    # Errors  Last Runtime    Last Run               Last # of DB Queries
--------------------------------------  -----  ---------  --------  ----------  --------------  -------------------  ----------------------
/opt/airflow/dags/operators/testdag.py                           1           0  0.47s           2025-02-12T14:19:54                      12
================================================================================
