[2025-04-20T22:30:52.145+0000] {local_task_job_runner.py:123} INFO - ::group::Pre task execution logs
[2025-04-20T22:30:52.159+0000] {taskinstance.py:2614} INFO - Dependencies all met for dep_context=non-requeueable deps ti=<TaskInstance: weather_data_pipeline.openweather_operations.save_openweather_data manual__2025-04-20T22:30:37.878916+00:00 [queued]>
[2025-04-20T22:30:52.169+0000] {taskinstance.py:2614} INFO - Dependencies all met for dep_context=requeueable deps ti=<TaskInstance: weather_data_pipeline.openweather_operations.save_openweather_data manual__2025-04-20T22:30:37.878916+00:00 [queued]>
[2025-04-20T22:30:52.170+0000] {taskinstance.py:2867} INFO - Starting attempt 1 of 2
[2025-04-20T22:30:52.179+0000] {taskinstance.py:2890} INFO - Executing <Task(PythonOperator): openweather_operations.save_openweather_data> on 2025-04-20 22:30:37.878916+00:00
[2025-04-20T22:30:52.184+0000] {standard_task_runner.py:104} INFO - Running: ['airflow', 'tasks', 'run', 'weather_data_pipeline', 'openweather_operations.save_openweather_data', 'manual__2025-04-20T22:30:37.878916+00:00', '--job-id', '199', '--raw', '--subdir', 'DAGS_FOLDER/data_pipeline.py', '--cfg-path', '/tmp/tmp8ce3jj3p']
[2025-04-20T22:30:52.186+0000] {standard_task_runner.py:105} INFO - Job 199: Subtask openweather_operations.save_openweather_data
[2025-04-20T22:30:52.187+0000] {logging_mixin.py:190} WARNING - /home/airflow/.local/lib/python3.12/site-packages/airflow/task/task_runner/standard_task_runner.py:70 DeprecationWarning: This process (pid=1136) is multi-threaded, use of fork() may lead to deadlocks in the child.
[2025-04-20T22:30:52.188+0000] {standard_task_runner.py:72} INFO - Started process 1160 to run task
[2025-04-20T22:30:52.216+0000] {task_command.py:467} INFO - Running <TaskInstance: weather_data_pipeline.openweather_operations.save_openweather_data manual__2025-04-20T22:30:37.878916+00:00 [running]> on host 8e2c8626a9ef
[2025-04-20T22:30:52.271+0000] {taskinstance.py:3134} INFO - Exporting env vars: AIRFLOW_CTX_DAG_OWNER='airflow' AIRFLOW_CTX_DAG_ID='weather_data_pipeline' AIRFLOW_CTX_TASK_ID='openweather_operations.save_openweather_data' AIRFLOW_CTX_EXECUTION_DATE='2025-04-20T22:30:37.878916+00:00' AIRFLOW_CTX_TRY_NUMBER='1' AIRFLOW_CTX_DAG_RUN_ID='manual__2025-04-20T22:30:37.878916+00:00'
[2025-04-20T22:30:52.272+0000] {taskinstance.py:732} INFO - ::endgroup::
[2025-04-20T22:30:52.303+0000] {logging_mixin.py:190} INFO - Inserted data for Riyadh
[2025-04-20T22:30:52.307+0000] {logging_mixin.py:190} INFO - Inserted data for Jeddah
[2025-04-20T22:30:52.312+0000] {logging_mixin.py:190} INFO - Inserted data for Mecca
[2025-04-20T22:30:52.315+0000] {logging_mixin.py:190} INFO - Inserted data for Medina
[2025-04-20T22:30:52.318+0000] {logging_mixin.py:190} INFO - Inserted data for Dammam
[2025-04-20T22:30:52.320+0000] {logging_mixin.py:190} INFO - Inserted data for Taif
[2025-04-20T22:30:52.321+0000] {python.py:240} INFO - Done. Returned value was: Successfully inserted measurement into database
[2025-04-20T22:30:52.334+0000] {taskinstance.py:341} INFO - ::group::Post task execution logs
[2025-04-20T22:30:52.335+0000] {taskinstance.py:353} INFO - Marking task as SUCCESS. dag_id=weather_data_pipeline, task_id=openweather_operations.save_openweather_data, run_id=manual__2025-04-20T22:30:37.878916+00:00, execution_date=20250420T223037, start_date=20250420T223052, end_date=20250420T223052
[2025-04-20T22:30:52.361+0000] {local_task_job_runner.py:266} INFO - Task exited with return code 0
[2025-04-20T22:30:52.376+0000] {taskinstance.py:3901} INFO - 0 downstream tasks scheduled from follow-on schedule check
[2025-04-20T22:30:52.377+0000] {local_task_job_runner.py:245} INFO - ::endgroup::
