[2025-04-22T16:38:16.247+0000] {local_task_job_runner.py:123} INFO - ::group::Pre task execution logs
[2025-04-22T16:38:16.258+0000] {taskinstance.py:2614} INFO - Dependencies all met for dep_context=non-requeueable deps ti=<TaskInstance: weather_data_pipeline.openweather_operations.save_openweather_data scheduled__2025-04-22T15:00:00+00:00 [queued]>
[2025-04-22T16:38:16.263+0000] {taskinstance.py:2614} INFO - Dependencies all met for dep_context=requeueable deps ti=<TaskInstance: weather_data_pipeline.openweather_operations.save_openweather_data scheduled__2025-04-22T15:00:00+00:00 [queued]>
[2025-04-22T16:38:16.264+0000] {taskinstance.py:2867} INFO - Starting attempt 1 of 2
[2025-04-22T16:38:16.271+0000] {taskinstance.py:2890} INFO - Executing <Task(PythonOperator): openweather_operations.save_openweather_data> on 2025-04-22 15:00:00+00:00
[2025-04-22T16:38:16.276+0000] {standard_task_runner.py:104} INFO - Running: ['airflow', 'tasks', 'run', 'weather_data_pipeline', 'openweather_operations.save_openweather_data', 'scheduled__2025-04-22T15:00:00+00:00', '--job-id', '220', '--raw', '--subdir', 'DAGS_FOLDER/data_pipeline.py', '--cfg-path', '/tmp/tmpuia05gtc']
[2025-04-22T16:38:16.277+0000] {standard_task_runner.py:105} INFO - Job 220: Subtask openweather_operations.save_openweather_data
[2025-04-22T16:38:16.279+0000] {logging_mixin.py:190} WARNING - /home/airflow/.local/lib/python3.12/site-packages/airflow/task/task_runner/standard_task_runner.py:70 DeprecationWarning: This process (pid=212) is multi-threaded, use of fork() may lead to deadlocks in the child.
[2025-04-22T16:38:16.279+0000] {standard_task_runner.py:72} INFO - Started process 234 to run task
[2025-04-22T16:38:16.305+0000] {task_command.py:467} INFO - Running <TaskInstance: weather_data_pipeline.openweather_operations.save_openweather_data scheduled__2025-04-22T15:00:00+00:00 [running]> on host 8e2c8626a9ef
[2025-04-22T16:38:16.357+0000] {taskinstance.py:3134} INFO - Exporting env vars: AIRFLOW_CTX_DAG_OWNER='airflow' AIRFLOW_CTX_DAG_ID='weather_data_pipeline' AIRFLOW_CTX_TASK_ID='openweather_operations.save_openweather_data' AIRFLOW_CTX_EXECUTION_DATE='2025-04-22T15:00:00+00:00' AIRFLOW_CTX_TRY_NUMBER='1' AIRFLOW_CTX_DAG_RUN_ID='scheduled__2025-04-22T15:00:00+00:00'
[2025-04-22T16:38:16.358+0000] {taskinstance.py:732} INFO - ::endgroup::
[2025-04-22T16:38:16.378+0000] {logging_mixin.py:190} INFO - Inserted data for Riyadh
[2025-04-22T16:38:16.380+0000] {logging_mixin.py:190} INFO - Inserted data for Jeddah
[2025-04-22T16:38:16.382+0000] {logging_mixin.py:190} INFO - Inserted data for Mecca
[2025-04-22T16:38:16.384+0000] {logging_mixin.py:190} INFO - Inserted data for Medina
[2025-04-22T16:38:16.387+0000] {logging_mixin.py:190} INFO - Inserted data for Dammam
[2025-04-22T16:38:16.389+0000] {logging_mixin.py:190} INFO - Inserted data for Taif
[2025-04-22T16:38:16.390+0000] {python.py:240} INFO - Done. Returned value was: Successfully inserted measurement into database
[2025-04-22T16:38:16.402+0000] {taskinstance.py:341} INFO - ::group::Post task execution logs
[2025-04-22T16:38:16.403+0000] {taskinstance.py:353} INFO - Marking task as SUCCESS. dag_id=weather_data_pipeline, task_id=openweather_operations.save_openweather_data, run_id=scheduled__2025-04-22T15:00:00+00:00, execution_date=20250422T150000, start_date=20250422T163816, end_date=20250422T163816
[2025-04-22T16:38:16.453+0000] {local_task_job_runner.py:266} INFO - Task exited with return code 0
[2025-04-22T16:38:16.468+0000] {taskinstance.py:3901} INFO - 1 downstream tasks scheduled from follow-on schedule check
[2025-04-22T16:38:16.470+0000] {local_task_job_runner.py:245} INFO - ::endgroup::
