[2025-04-15T15:00:09.791+0000] {local_task_job_runner.py:123} INFO - ::group::Pre task execution logs
[2025-04-15T15:00:09.807+0000] {taskinstance.py:2614} INFO - Dependencies all met for dep_context=non-requeueable deps ti=<TaskInstance: weather_data_pipeline.openweather_operations.collect_openweather_data scheduled__2025-04-15T14:00:00+00:00 [queued]>
[2025-04-15T15:00:09.815+0000] {taskinstance.py:2614} INFO - Dependencies all met for dep_context=requeueable deps ti=<TaskInstance: weather_data_pipeline.openweather_operations.collect_openweather_data scheduled__2025-04-15T14:00:00+00:00 [queued]>
[2025-04-15T15:00:09.816+0000] {taskinstance.py:2867} INFO - Starting attempt 1 of 2
[2025-04-15T15:00:09.826+0000] {taskinstance.py:2890} INFO - Executing <Task(PythonOperator): openweather_operations.collect_openweather_data> on 2025-04-15 14:00:00+00:00
[2025-04-15T15:00:09.833+0000] {standard_task_runner.py:104} INFO - Running: ['airflow', 'tasks', 'run', 'weather_data_pipeline', 'openweather_operations.collect_openweather_data', 'scheduled__2025-04-15T14:00:00+00:00', '--job-id', '21', '--raw', '--subdir', 'DAGS_FOLDER/data_pipeline.py', '--cfg-path', '/tmp/tmplvni96ah']
[2025-04-15T15:00:09.835+0000] {standard_task_runner.py:105} INFO - Job 21: Subtask openweather_operations.collect_openweather_data
[2025-04-15T15:00:09.836+0000] {logging_mixin.py:190} WARNING - /home/airflow/.local/lib/python3.12/site-packages/airflow/task/task_runner/standard_task_runner.py:70 DeprecationWarning: This process (pid=814) is multi-threaded, use of fork() may lead to deadlocks in the child.
[2025-04-15T15:00:09.837+0000] {standard_task_runner.py:72} INFO - Started process 838 to run task
[2025-04-15T15:00:09.873+0000] {task_command.py:467} INFO - Running <TaskInstance: weather_data_pipeline.openweather_operations.collect_openweather_data scheduled__2025-04-15T14:00:00+00:00 [running]> on host 9b6a771fafd5
[2025-04-15T15:00:09.939+0000] {taskinstance.py:3134} INFO - Exporting env vars: AIRFLOW_CTX_DAG_OWNER='airflow' AIRFLOW_CTX_DAG_ID='weather_data_pipeline' AIRFLOW_CTX_TASK_ID='openweather_operations.collect_openweather_data' AIRFLOW_CTX_EXECUTION_DATE='2025-04-15T14:00:00+00:00' AIRFLOW_CTX_TRY_NUMBER='1' AIRFLOW_CTX_DAG_RUN_ID='scheduled__2025-04-15T14:00:00+00:00'
[2025-04-15T15:00:09.940+0000] {taskinstance.py:732} INFO - ::endgroup::
[2025-04-15T15:00:10.265+0000] {logging_mixin.py:190} INFO - Successfully collected data for Riyadh
[2025-04-15T15:00:10.558+0000] {logging_mixin.py:190} INFO - Successfully collected data for Jeddah
[2025-04-15T15:00:10.851+0000] {logging_mixin.py:190} INFO - Successfully collected data for Mecca
[2025-04-15T15:00:11.147+0000] {logging_mixin.py:190} INFO - Successfully collected data for Medina
[2025-04-15T15:00:11.481+0000] {logging_mixin.py:190} INFO - Successfully collected data for Dammam
[2025-04-15T15:00:11.793+0000] {logging_mixin.py:190} INFO - Successfully collected data for Taif
[2025-04-15T15:00:11.793+0000] {python.py:240} INFO - Done. Returned value was: [{'city': 'Riyadh', 'lat': 24.7136, 'lon': 46.6753, 'temperature': 29.920000000000016, 'humidity': 10.0, 'wind_speed': 2.47, 'co': 111.75, 'no2': 2.17, 'o3': 145.11, 'so2': 9.45, 'pm2_5': 24.03, 'pm10': 78.05, 'co2': 0.0, 'methane': 0.0, 'nitrous_oxide': 0.0, 'fluorinated_gases': 0.0, 'timestamp': '2025-04-15 15:00:10'}, {'city': 'Jeddah', 'lat': 21.5433, 'lon': 39.1728, 'temperature': 29.980000000000018, 'humidity': 26.0, 'wind_speed': 6.17, 'co': 115.99, 'no2': 0.77, 'o3': 131.5, 'so2': 2.3, 'pm2_5': 11.09, 'pm10': 43.44, 'co2': 0.0, 'methane': 0.0, 'nitrous_oxide': 0.0, 'fluorinated_gases': 0.0, 'timestamp': '2025-04-15 14:55:20'}, {'city': 'Mecca', 'lat': 21.3891, 'lon': 39.8579, 'temperature': 29.83000000000004, 'humidity': 17.0, 'wind_speed': 5.78, 'co': 120.46, 'no2': 3.64, 'o3': 146.75, 'so2': 16.58, 'pm2_5': 17.37, 'pm10': 54.73, 'co2': 0.0, 'methane': 0.0, 'nitrous_oxide': 0.0, 'fluorinated_gases': 0.0, 'timestamp': '2025-04-15 15:00:11'}, {'city': 'Medina', 'lat': 24.5247, 'lon': 39.5692, 'temperature': 32.33000000000004, 'humidity': 4.0, 'wind_speed': 1.03, 'co': 118.13, 'no2': 3.31, 'o3': 161.85, 'so2': 15.78, 'pm2_5': 14.97, 'pm10': 47.08, 'co2': 0.0, 'methane': 0.0, 'nitrous_oxide': 0.0, 'fluorinated_gases': 0.0, 'timestamp': '2025-04-15 15:00:11'}, {'city': 'Dammam', 'lat': 26.4207, 'lon': 50.0888, 'temperature': 29.07000000000005, 'humidity': 13.0, 'wind_speed': 9.77, 'co': 128.48, 'no2': 8.01, 'o3': 154.37, 'so2': 18.65, 'pm2_5': 54.63, 'pm10': 282.12, 'co2': 0.0, 'methane': 0.0, 'nitrous_oxide': 0.0, 'fluorinated_gases': 0.0, 'timestamp': '2025-04-15 15:00:11'}, {'city': 'Taif', 'lat': 21.4267, 'lon': 40.4833, 'temperature': 30.55000000000001, 'humidity': 6.0, 'wind_speed': 1.54, 'co': 125.18, 'no2': 6.8, 'o3': 165.42, 'so2': 38.4, 'pm2_5': 31.48, 'pm10': 90.31, 'co2': 0.0, 'methane': 0.0, 'nitrous_oxide': 0.0, 'fluorinated_gases': 0.0, 'timestamp': '2025-04-15 15:00:11'}]
[2025-04-15T15:00:11.809+0000] {taskinstance.py:341} INFO - ::group::Post task execution logs
[2025-04-15T15:00:11.810+0000] {taskinstance.py:353} INFO - Marking task as SUCCESS. dag_id=weather_data_pipeline, task_id=openweather_operations.collect_openweather_data, run_id=scheduled__2025-04-15T14:00:00+00:00, execution_date=20250415T140000, start_date=20250415T150009, end_date=20250415T150011
[2025-04-15T15:00:11.858+0000] {local_task_job_runner.py:266} INFO - Task exited with return code 0
[2025-04-15T15:00:11.874+0000] {taskinstance.py:3901} INFO - 1 downstream tasks scheduled from follow-on schedule check
[2025-04-15T15:00:11.876+0000] {local_task_job_runner.py:245} INFO - ::endgroup::
