[2025-04-20T19:36:11.380+0000] {local_task_job_runner.py:123} INFO - ::group::Pre task execution logs
[2025-04-20T19:36:11.391+0000] {taskinstance.py:2614} INFO - Dependencies all met for dep_context=non-requeueable deps ti=<TaskInstance: weather_data_pipeline.openweather_operations.collect_openweather_data scheduled__2025-04-15T20:00:00+00:00 [queued]>
[2025-04-20T19:36:11.397+0000] {taskinstance.py:2614} INFO - Dependencies all met for dep_context=requeueable deps ti=<TaskInstance: weather_data_pipeline.openweather_operations.collect_openweather_data scheduled__2025-04-15T20:00:00+00:00 [queued]>
[2025-04-20T19:36:11.397+0000] {taskinstance.py:2867} INFO - Starting attempt 1 of 2
[2025-04-20T19:36:11.404+0000] {taskinstance.py:2890} INFO - Executing <Task(PythonOperator): openweather_operations.collect_openweather_data> on 2025-04-15 20:00:00+00:00
[2025-04-20T19:36:11.408+0000] {standard_task_runner.py:104} INFO - Running: ['airflow', 'tasks', 'run', 'weather_data_pipeline', 'openweather_operations.collect_openweather_data', 'scheduled__2025-04-15T20:00:00+00:00', '--job-id', '105', '--raw', '--subdir', 'DAGS_FOLDER/data_pipeline.py', '--cfg-path', '/tmp/tmpvm2gkfh6']
[2025-04-20T19:36:11.410+0000] {standard_task_runner.py:105} INFO - Job 105: Subtask openweather_operations.collect_openweather_data
[2025-04-20T19:36:11.411+0000] {logging_mixin.py:190} WARNING - /home/airflow/.local/lib/python3.12/site-packages/airflow/task/task_runner/standard_task_runner.py:70 DeprecationWarning: This process (pid=90) is multi-threaded, use of fork() may lead to deadlocks in the child.
[2025-04-20T19:36:11.412+0000] {standard_task_runner.py:72} INFO - Started process 112 to run task
[2025-04-20T19:36:11.439+0000] {task_command.py:467} INFO - Running <TaskInstance: weather_data_pipeline.openweather_operations.collect_openweather_data scheduled__2025-04-15T20:00:00+00:00 [running]> on host 8e2c8626a9ef
[2025-04-20T19:36:11.486+0000] {taskinstance.py:3134} INFO - Exporting env vars: AIRFLOW_CTX_DAG_OWNER='airflow' AIRFLOW_CTX_DAG_ID='weather_data_pipeline' AIRFLOW_CTX_TASK_ID='openweather_operations.collect_openweather_data' AIRFLOW_CTX_EXECUTION_DATE='2025-04-15T20:00:00+00:00' AIRFLOW_CTX_TRY_NUMBER='1' AIRFLOW_CTX_DAG_RUN_ID='scheduled__2025-04-15T20:00:00+00:00'
[2025-04-20T19:36:11.486+0000] {taskinstance.py:732} INFO - ::endgroup::
[2025-04-20T19:36:12.462+0000] {logging_mixin.py:190} INFO - Successfully collected data for Riyadh
[2025-04-20T19:36:13.470+0000] {logging_mixin.py:190} INFO - Successfully collected data for Jeddah
[2025-04-20T19:36:14.451+0000] {logging_mixin.py:190} INFO - Successfully collected data for Mecca
[2025-04-20T19:36:15.506+0000] {logging_mixin.py:190} INFO - Successfully collected data for Medina
[2025-04-20T19:36:16.505+0000] {logging_mixin.py:190} INFO - Successfully collected data for Dammam
[2025-04-20T19:36:17.578+0000] {logging_mixin.py:190} INFO - Successfully collected data for Taif
[2025-04-20T19:36:17.579+0000] {python.py:240} INFO - Done. Returned value was: [{'city': 'Riyadh', 'lat': 24.7136, 'lon': 46.6753, 'temperature': 27.840000000000032, 'humidity': 19.0, 'wind_speed': 7.26, 'co': 125.71, 'no2': 0.54, 'o3': 117.34, 'so2': 2.92, 'pm2_5': 58.66, 'pm10': 230.96, 'co2': 0.0, 'methane': 0.0, 'nitrous_oxide': 0.0, 'fluorinated_gases': 0.0, 'timestamp': '2025-04-20 19:26:44'}, {'city': 'Jeddah', 'lat': 21.5433, 'lon': 39.1728, 'temperature': 30.129999999999995, 'humidity': 52.0, 'wind_speed': 1.84, 'co': 119.3, 'no2': 3.16, 'o3': 131.69, 'so2': 10.0, 'pm2_5': 42.57, 'pm10': 79.48, 'co2': 0.0, 'methane': 0.0, 'nitrous_oxide': 0.0, 'fluorinated_gases': 0.0, 'timestamp': '2025-04-20 19:36:13'}, {'city': 'Mecca', 'lat': 21.3891, 'lon': 39.8579, 'temperature': 28.680000000000007, 'humidity': 40.0, 'wind_speed': 1.72, 'co': 128.39, 'no2': 4.05, 'o3': 115.61, 'so2': 10.98, 'pm2_5': 46.56, 'pm10': 89.25, 'co2': 0.0, 'methane': 0.0, 'nitrous_oxide': 0.0, 'fluorinated_gases': 0.0, 'timestamp': '2025-04-20 19:31:29'}, {'city': 'Medina', 'lat': 24.5247, 'lon': 39.5692, 'temperature': 28.54000000000002, 'humidity': 37.0, 'wind_speed': 3.72, 'co': 118.72, 'no2': 4.08, 'o3': 94.99, 'so2': 7.06, 'pm2_5': 23.54, 'pm10': 62.9, 'co2': 0.0, 'methane': 0.0, 'nitrous_oxide': 0.0, 'fluorinated_gases': 0.0, 'timestamp': '2025-04-20 19:31:29'}, {'city': 'Dammam', 'lat': 26.4207, 'lon': 50.0888, 'temperature': 23.660000000000025, 'humidity': 41.0, 'wind_speed': 1.28, 'co': 212.51, 'no2': 10.73, 'o3': 137.6, 'so2': 21.29, 'pm2_5': 93.62, 'pm10': 257.3, 'co2': 0.0, 'methane': 0.0, 'nitrous_oxide': 0.0, 'fluorinated_gases': 0.0, 'timestamp': '2025-04-20 19:36:16'}, {'city': 'Taif', 'lat': 21.4267, 'lon': 40.4833, 'temperature': 22.610000000000014, 'humidity': 41.0, 'wind_speed': 5.29, 'co': 121.91, 'no2': 3.15, 'o3': 85.89, 'so2': 2.88, 'pm2_5': 37.25, 'pm10': 102.32, 'co2': 0.0, 'methane': 0.0, 'nitrous_oxide': 0.0, 'fluorinated_gases': 0.0, 'timestamp': '2025-04-20 19:36:17'}]
[2025-04-20T19:36:17.598+0000] {taskinstance.py:341} INFO - ::group::Post task execution logs
[2025-04-20T19:36:17.598+0000] {taskinstance.py:353} INFO - Marking task as SUCCESS. dag_id=weather_data_pipeline, task_id=openweather_operations.collect_openweather_data, run_id=scheduled__2025-04-15T20:00:00+00:00, execution_date=20250415T200000, start_date=20250420T193611, end_date=20250420T193617
[2025-04-20T19:36:17.631+0000] {local_task_job_runner.py:266} INFO - Task exited with return code 0
[2025-04-20T19:36:17.646+0000] {taskinstance.py:3901} INFO - 1 downstream tasks scheduled from follow-on schedule check
[2025-04-20T19:36:17.648+0000] {local_task_job_runner.py:245} INFO - ::endgroup::
