[2025-04-09T00:00:06.061+0000] {local_task_job_runner.py:123} INFO - ::group::Pre task execution logs
[2025-04-09T00:00:06.078+0000] {taskinstance.py:2614} INFO - Dependencies all met for dep_context=non-requeueable deps ti=<TaskInstance: weather_data_pipeline.meteo_operations.collect_meteo_data scheduled__2025-04-08T00:00:00+00:00 [queued]>
[2025-04-09T00:00:06.084+0000] {taskinstance.py:2614} INFO - Dependencies all met for dep_context=requeueable deps ti=<TaskInstance: weather_data_pipeline.meteo_operations.collect_meteo_data scheduled__2025-04-08T00:00:00+00:00 [queued]>
[2025-04-09T00:00:06.085+0000] {taskinstance.py:2867} INFO - Starting attempt 1 of 2
[2025-04-09T00:00:06.095+0000] {taskinstance.py:2890} INFO - Executing <Task(PythonOperator): meteo_operations.collect_meteo_data> on 2025-04-08 00:00:00+00:00
[2025-04-09T00:00:06.103+0000] {standard_task_runner.py:104} INFO - Running: ['airflow', 'tasks', 'run', 'weather_data_pipeline', 'meteo_operations.collect_meteo_data', 'scheduled__2025-04-08T00:00:00+00:00', '--job-id', '10', '--raw', '--subdir', 'DAGS_FOLDER/operators/testdag.py', '--cfg-path', '/tmp/tmpq2r7r2ek']
[2025-04-09T00:00:06.106+0000] {standard_task_runner.py:105} INFO - Job 10: Subtask meteo_operations.collect_meteo_data
[2025-04-09T00:00:06.107+0000] {logging_mixin.py:190} WARNING - /home/airflow/.local/lib/python3.12/site-packages/airflow/task/task_runner/standard_task_runner.py:70 DeprecationWarning: This process (pid=3660) is multi-threaded, use of fork() may lead to deadlocks in the child.
[2025-04-09T00:00:06.108+0000] {standard_task_runner.py:72} INFO - Started process 3678 to run task
[2025-04-09T00:00:06.156+0000] {task_command.py:467} INFO - Running <TaskInstance: weather_data_pipeline.meteo_operations.collect_meteo_data scheduled__2025-04-08T00:00:00+00:00 [running]> on host 78f37ff8ff58
[2025-04-09T00:00:06.229+0000] {taskinstance.py:3134} INFO - Exporting env vars: AIRFLOW_CTX_DAG_OWNER='airflow' AIRFLOW_CTX_DAG_ID='weather_data_pipeline' AIRFLOW_CTX_TASK_ID='meteo_operations.collect_meteo_data' AIRFLOW_CTX_EXECUTION_DATE='2025-04-08T00:00:00+00:00' AIRFLOW_CTX_TRY_NUMBER='1' AIRFLOW_CTX_DAG_RUN_ID='scheduled__2025-04-08T00:00:00+00:00'
[2025-04-09T00:00:06.230+0000] {taskinstance.py:732} INFO - ::endgroup::
[2025-04-09T00:00:06.897+0000] {python.py:240} INFO - Done. Returned value was: {'latitude': 21.4901, 'longitude': 39.1862, 'timestamp': '2025-04-09 00:00:00', 'temperature': 25.973501205444336, 'humidity': 73.0, 'wind_speed': 2.741678237915039, 'pm2_5': 100.0999984741211, 'co': 281.0}
[2025-04-09T00:00:06.918+0000] {taskinstance.py:341} INFO - ::group::Post task execution logs
[2025-04-09T00:00:06.919+0000] {taskinstance.py:353} INFO - Marking task as SUCCESS. dag_id=weather_data_pipeline, task_id=meteo_operations.collect_meteo_data, run_id=scheduled__2025-04-08T00:00:00+00:00, execution_date=20250408T000000, start_date=20250409T000006, end_date=20250409T000006
[2025-04-09T00:00:06.964+0000] {local_task_job_runner.py:266} INFO - Task exited with return code 0
[2025-04-09T00:00:06.985+0000] {taskinstance.py:3901} INFO - 1 downstream tasks scheduled from follow-on schedule check
[2025-04-09T00:00:06.987+0000] {local_task_job_runner.py:245} INFO - ::endgroup::
[2025-04-09T05:00:17.694+0000] {local_task_job_runner.py:123} INFO - ::group::Pre task execution logs
[2025-04-09T05:00:17.713+0000] {taskinstance.py:2614} INFO - Dependencies all met for dep_context=non-requeueable deps ti=<TaskInstance: weather_data_pipeline.meteo_operations.collect_meteo_data scheduled__2025-04-08T00:00:00+00:00 [queued]>
[2025-04-09T05:00:17.721+0000] {taskinstance.py:2614} INFO - Dependencies all met for dep_context=requeueable deps ti=<TaskInstance: weather_data_pipeline.meteo_operations.collect_meteo_data scheduled__2025-04-08T00:00:00+00:00 [queued]>
[2025-04-09T05:00:17.722+0000] {taskinstance.py:2867} INFO - Starting attempt 1 of 2
[2025-04-09T05:00:17.732+0000] {taskinstance.py:2890} INFO - Executing <Task(PythonOperator): meteo_operations.collect_meteo_data> on 2025-04-08 00:00:00+00:00
[2025-04-09T05:00:17.741+0000] {standard_task_runner.py:104} INFO - Running: ['airflow', 'tasks', 'run', 'weather_data_pipeline', 'meteo_operations.collect_meteo_data', 'scheduled__2025-04-08T00:00:00+00:00', '--job-id', '11', '--raw', '--subdir', 'DAGS_FOLDER/operators/testdag.py', '--cfg-path', '/tmp/tmpbrcexa2k']
[2025-04-09T05:00:17.746+0000] {logging_mixin.py:190} WARNING - /home/airflow/.local/lib/python3.12/site-packages/airflow/task/task_runner/standard_task_runner.py:70 DeprecationWarning: This process (pid=98) is multi-threaded, use of fork() may lead to deadlocks in the child.
[2025-04-09T05:00:17.746+0000] {standard_task_runner.py:105} INFO - Job 11: Subtask meteo_operations.collect_meteo_data
[2025-04-09T05:00:17.747+0000] {standard_task_runner.py:72} INFO - Started process 116 to run task
[2025-04-09T05:00:17.801+0000] {task_command.py:467} INFO - Running <TaskInstance: weather_data_pipeline.meteo_operations.collect_meteo_data scheduled__2025-04-08T00:00:00+00:00 [running]> on host bb94a3d1492a
[2025-04-09T05:00:17.887+0000] {taskinstance.py:3134} INFO - Exporting env vars: AIRFLOW_CTX_DAG_OWNER='airflow' AIRFLOW_CTX_DAG_ID='weather_data_pipeline' AIRFLOW_CTX_TASK_ID='meteo_operations.collect_meteo_data' AIRFLOW_CTX_EXECUTION_DATE='2025-04-08T00:00:00+00:00' AIRFLOW_CTX_TRY_NUMBER='1' AIRFLOW_CTX_DAG_RUN_ID='scheduled__2025-04-08T00:00:00+00:00'
[2025-04-09T05:00:17.888+0000] {taskinstance.py:732} INFO - ::endgroup::
[2025-04-09T05:00:18.748+0000] {python.py:240} INFO - Done. Returned value was: {'latitude': 21.4901, 'longitude': 39.1862, 'timestamp': '2025-04-09 00:00:00', 'temperature': 26.323501586914062, 'humidity': 68.0, 'wind_speed': 4.104631423950195, 'pm2_5': 100.0999984741211, 'co': 281.0}
[2025-04-09T05:00:18.773+0000] {taskinstance.py:341} INFO - ::group::Post task execution logs
[2025-04-09T05:00:18.774+0000] {taskinstance.py:353} INFO - Marking task as SUCCESS. dag_id=weather_data_pipeline, task_id=meteo_operations.collect_meteo_data, run_id=scheduled__2025-04-08T00:00:00+00:00, execution_date=20250408T000000, start_date=20250409T050017, end_date=20250409T050018
[2025-04-09T05:00:18.845+0000] {local_task_job_runner.py:266} INFO - Task exited with return code 0
[2025-04-09T05:00:18.868+0000] {taskinstance.py:3901} INFO - 1 downstream tasks scheduled from follow-on schedule check
[2025-04-09T05:00:18.870+0000] {local_task_job_runner.py:245} INFO - ::endgroup::
