[2025-04-04T11:29:08.171+0000] {local_task_job_runner.py:123} INFO - ::group::Pre task execution logs
[2025-04-04T11:29:08.192+0000] {taskinstance.py:2614} INFO - Dependencies all met for dep_context=non-requeueable deps ti=<TaskInstance: weather_data_pipeline.openweather_operations.collect_openweather_data manual__2025-04-04T11:28:58.238627+00:00 [queued]>
[2025-04-04T11:29:08.201+0000] {taskinstance.py:2614} INFO - Dependencies all met for dep_context=requeueable deps ti=<TaskInstance: weather_data_pipeline.openweather_operations.collect_openweather_data manual__2025-04-04T11:28:58.238627+00:00 [queued]>
[2025-04-04T11:29:08.202+0000] {taskinstance.py:2867} INFO - Starting attempt 1 of 2
[2025-04-04T11:29:08.214+0000] {taskinstance.py:2890} INFO - Executing <Task(PythonOperator): openweather_operations.collect_openweather_data> on 2025-04-04 11:28:58.238627+00:00
[2025-04-04T11:29:08.222+0000] {standard_task_runner.py:104} INFO - Running: ['airflow', 'tasks', 'run', 'weather_data_pipeline', 'openweather_operations.collect_openweather_data', 'manual__2025-04-04T11:28:58.238627+00:00', '--job-id', '23', '--raw', '--subdir', 'DAGS_FOLDER/operators/testdag.py', '--cfg-path', '/tmp/tmp1jwbtdt5']
[2025-04-04T11:29:08.225+0000] {standard_task_runner.py:105} INFO - Job 23: Subtask openweather_operations.collect_openweather_data
[2025-04-04T11:29:08.227+0000] {logging_mixin.py:190} WARNING - /home/airflow/.local/lib/python3.12/site-packages/airflow/task/task_runner/standard_task_runner.py:70 DeprecationWarning: This process (pid=184) is multi-threaded, use of fork() may lead to deadlocks in the child.
[2025-04-04T11:29:08.228+0000] {standard_task_runner.py:72} INFO - Started process 202 to run task
[2025-04-04T11:29:08.277+0000] {task_command.py:467} INFO - Running <TaskInstance: weather_data_pipeline.openweather_operations.collect_openweather_data manual__2025-04-04T11:28:58.238627+00:00 [running]> on host ff257e555ae6
[2025-04-04T11:29:08.362+0000] {taskinstance.py:3134} INFO - Exporting env vars: AIRFLOW_CTX_DAG_OWNER='airflow' AIRFLOW_CTX_DAG_ID='weather_data_pipeline' AIRFLOW_CTX_TASK_ID='openweather_operations.collect_openweather_data' AIRFLOW_CTX_EXECUTION_DATE='2025-04-04T11:28:58.238627+00:00' AIRFLOW_CTX_TRY_NUMBER='1' AIRFLOW_CTX_DAG_RUN_ID='manual__2025-04-04T11:28:58.238627+00:00'
[2025-04-04T11:29:08.364+0000] {taskinstance.py:732} INFO - ::endgroup::
[2025-04-04T11:29:10.185+0000] {logging_mixin.py:190} INFO - Successfully collected data for Riyadh
[2025-04-04T11:29:11.166+0000] {logging_mixin.py:190} INFO - Successfully collected data for Jeddah
[2025-04-04T11:29:12.091+0000] {logging_mixin.py:190} INFO - Successfully collected data for Mecca
[2025-04-04T11:29:13.049+0000] {logging_mixin.py:190} INFO - Successfully collected data for Medina
[2025-04-04T11:29:13.952+0000] {logging_mixin.py:190} INFO - Successfully collected data for Dammam
[2025-04-04T11:29:14.840+0000] {logging_mixin.py:190} INFO - Successfully collected data for Taif
[2025-04-04T11:29:14.841+0000] {python.py:240} INFO - Done. Returned value was: [{'city': 'Riyadh', 'lat': 24.7136, 'lon': 46.6753, 'temperature': 36.31, 'humidity': 6.0, 'wind_speed': 7.54, 'co': 226.97, 'no2': 6.94, 'o3': 104.43, 'so2': 14.42, 'pm2_5': 42.61, 'pm10': 170.18, 'co2': 0.0, 'methane': 0.0, 'nitrous_oxide': 0.0, 'fluorinated_gases': 0.0, 'timestamp': '2025-04-04 11:28:40'}, {'city': 'Jeddah', 'lat': 21.5433, 'lon': 39.1728, 'temperature': 27.660000000000025, 'humidity': 63.0, 'wind_speed': 5.68, 'co': 210.29, 'no2': 0.66, 'o3': 134.47, 'so2': 2.62, 'pm2_5': 30.03, 'pm10': 98.89, 'co2': 0.0, 'methane': 0.0, 'nitrous_oxide': 0.0, 'fluorinated_gases': 0.0, 'timestamp': '2025-04-04 11:29:10'}, {'city': 'Mecca', 'lat': 21.3891, 'lon': 39.8579, 'temperature': 34.93000000000001, 'humidity': 19.0, 'wind_speed': 10.45, 'co': 223.64, 'no2': 6.34, 'o3': 137.33, 'so2': 45.3, 'pm2_5': 40.56, 'pm10': 102.57, 'co2': 0.0, 'methane': 0.0, 'nitrous_oxide': 0.0, 'fluorinated_gases': 0.0, 'timestamp': '2025-04-04 11:29:11'}, {'city': 'Medina', 'lat': 24.5247, 'lon': 39.5692, 'temperature': 34.400000000000034, 'humidity': 19.0, 'wind_speed': 10.01, 'co': 203.61, 'no2': 0.45, 'o3': 87.98, 'so2': 1.28, 'pm2_5': 24.2, 'pm10': 91.64, 'co2': 0.0, 'methane': 0.0, 'nitrous_oxide': 0.0, 'fluorinated_gases': 0.0, 'timestamp': '2025-04-04 11:29:12'}, {'city': 'Dammam', 'lat': 26.4207, 'lon': 50.0888, 'temperature': 36.34000000000003, 'humidity': 22.0, 'wind_speed': 3.58, 'co': 520.71, 'no2': 51.41, 'o3': 183.11, 'so2': 22.17, 'pm2_5': 117.73, 'pm10': 208.77, 'co2': 0.0, 'methane': 0.0, 'nitrous_oxide': 0.0, 'fluorinated_gases': 0.0, 'timestamp': '2025-04-04 11:29:13'}, {'city': 'Taif', 'lat': 21.4267, 'lon': 40.4833, 'temperature': 28.25, 'humidity': 20.0, 'wind_speed': 5.71, 'co': 188.59, 'no2': 0.42, 'o3': 100.14, 'so2': 7.99, 'pm2_5': 22.63, 'pm10': 71.32, 'co2': 0.0, 'methane': 0.0, 'nitrous_oxide': 0.0, 'fluorinated_gases': 0.0, 'timestamp': '2025-04-04 11:29:14'}]
[2025-04-04T11:29:14.865+0000] {taskinstance.py:341} INFO - ::group::Post task execution logs
[2025-04-04T11:29:14.866+0000] {taskinstance.py:353} INFO - Marking task as SUCCESS. dag_id=weather_data_pipeline, task_id=openweather_operations.collect_openweather_data, run_id=manual__2025-04-04T11:28:58.238627+00:00, execution_date=20250404T112858, start_date=20250404T112908, end_date=20250404T112914
[2025-04-04T11:29:14.937+0000] {local_task_job_runner.py:266} INFO - Task exited with return code 0
[2025-04-04T11:29:14.960+0000] {taskinstance.py:3901} INFO - 1 downstream tasks scheduled from follow-on schedule check
[2025-04-04T11:29:14.962+0000] {local_task_job_runner.py:245} INFO - ::endgroup::
