[2025-01-28T17:34:27.763+0000] {manager.py:483} INFO - Processing files using up to 2 processes at a time 
[2025-01-28T17:34:27.764+0000] {manager.py:484} INFO - Process each file at most once every 30 seconds
[2025-01-28T17:34:27.765+0000] {manager.py:485} INFO - Checking for new files in /opt/airflow/dags every 300 seconds
[2025-01-28T17:34:27.766+0000] {manager.py:821} INFO - Searching for files in /opt/airflow/dags
[2025-01-28T17:34:27.782+0000] {manager.py:824} INFO - There are 0 files in /opt/airflow/dags
[2025-01-28T17:39:28.399+0000] {manager.py:821} INFO - Searching for files in /opt/airflow/dags
[2025-01-28T17:39:28.485+0000] {manager.py:824} INFO - There are 1 files in /opt/airflow/dags
[2025-01-28T17:39:31.360+0000] {manager.py:997} INFO - 
================================================================================
DAG File Processing Stats

File Path                               PID    Runtime      # DAGs    # Errors  Last Runtime    Last Run               Last # of DB Queries
--------------------------------------  -----  ---------  --------  ----------  --------------  -------------------  ----------------------
/opt/airflow/dags/operators/testdag.py                           1           0  0.67s           2025-01-28T17:39:29                      34
================================================================================
[2025-01-28T17:40:01.730+0000] {manager.py:997} INFO - 
================================================================================
DAG File Processing Stats

File Path                               PID    Runtime      # DAGs    # Errors  Last Runtime    Last Run               Last # of DB Queries
--------------------------------------  -----  ---------  --------  ----------  --------------  -------------------  ----------------------
/opt/airflow/dags/operators/testdag.py                           1           0  0.15s           2025-01-28T17:39:59                      12
================================================================================
[2025-01-28T17:40:32.176+0000] {manager.py:997} INFO - 
================================================================================
DAG File Processing Stats

File Path                               PID    Runtime      # DAGs    # Errors  Last Runtime    Last Run               Last # of DB Queries
--------------------------------------  -----  ---------  --------  ----------  --------------  -------------------  ----------------------
/opt/airflow/dags/operators/testdag.py                           1           0  0.15s           2025-01-28T17:40:30                      12
================================================================================
[2025-01-28T17:41:02.639+0000] {manager.py:997} INFO - 
================================================================================
DAG File Processing Stats

File Path                               PID    Runtime      # DAGs    # Errors  Last Runtime    Last Run               Last # of DB Queries
--------------------------------------  -----  ---------  --------  ----------  --------------  -------------------  ----------------------
/opt/airflow/dags/operators/testdag.py                           1           0  0.15s           2025-01-28T17:41:00                      12
================================================================================
[2025-01-28T17:41:26.327+0000] {manager.py:465} INFO - Exiting gracefully upon receiving signal 15
[2025-01-28T18:12:24.827+0000] {manager.py:483} INFO - Processing files using up to 2 processes at a time 
[2025-01-28T18:12:24.827+0000] {manager.py:484} INFO - Process each file at most once every 30 seconds
[2025-01-28T18:12:24.827+0000] {manager.py:485} INFO - Checking for new files in /opt/airflow/dags every 300 seconds
[2025-01-28T18:12:24.828+0000] {manager.py:821} INFO - Searching for files in /opt/airflow/dags
[2025-01-28T18:12:24.830+0000] {manager.py:824} INFO - There are 1 files in /opt/airflow/dags
[2025-01-28T18:12:24.864+0000] {manager.py:997} INFO - 
================================================================================
DAG File Processing Stats

File Path                                 PID  Runtime      # DAGs    # Errors  Last Runtime    Last Run      Last # of DB Queries
--------------------------------------  -----  ---------  --------  ----------  --------------  ----------  ----------------------
/opt/airflow/dags/operators/testdag.py    167  0.01s             0           0                                                   0
================================================================================
[2025-01-28T18:12:55.268+0000] {manager.py:997} INFO - 
================================================================================
DAG File Processing Stats

File Path                                 PID  Runtime      # DAGs    # Errors  Last Runtime    Last Run               Last # of DB Queries
--------------------------------------  -----  ---------  --------  ----------  --------------  -------------------  ----------------------
/opt/airflow/dags/operators/testdag.py    172  0.02s             1           0  0.25s           2025-01-28T18:12:25                      45
================================================================================
[2025-01-28T18:13:25.800+0000] {manager.py:997} INFO - 
================================================================================
DAG File Processing Stats

File Path                                 PID  Runtime      # DAGs    # Errors  Last Runtime    Last Run               Last # of DB Queries
--------------------------------------  -----  ---------  --------  ----------  --------------  -------------------  ----------------------
/opt/airflow/dags/operators/testdag.py    177  0.02s             1           0  0.16s           2025-01-28T18:12:55                      12
================================================================================
[2025-01-28T18:13:56.241+0000] {manager.py:997} INFO - 
================================================================================
DAG File Processing Stats

File Path                                 PID  Runtime      # DAGs    # Errors  Last Runtime    Last Run               Last # of DB Queries
--------------------------------------  -----  ---------  --------  ----------  --------------  -------------------  ----------------------
/opt/airflow/dags/operators/testdag.py    182  0.04s             1           0  0.16s           2025-01-28T18:13:25                      12
================================================================================
[2025-01-28T18:14:26.716+0000] {manager.py:997} INFO - 
================================================================================
DAG File Processing Stats

File Path                                 PID  Runtime      # DAGs    # Errors  Last Runtime    Last Run               Last # of DB Queries
--------------------------------------  -----  ---------  --------  ----------  --------------  -------------------  ----------------------
/opt/airflow/dags/operators/testdag.py    187  0.04s             1           0  0.16s           2025-01-28T18:13:56                      12
================================================================================
[2025-01-28T18:14:57.215+0000] {manager.py:997} INFO - 
================================================================================
DAG File Processing Stats

File Path                                 PID  Runtime      # DAGs    # Errors  Last Runtime    Last Run               Last # of DB Queries
--------------------------------------  -----  ---------  --------  ----------  --------------  -------------------  ----------------------
/opt/airflow/dags/operators/testdag.py    192  0.05s             1           0  0.16s           2025-01-28T18:14:26                      12
================================================================================
[2025-01-28T18:15:27.577+0000] {manager.py:997} INFO - 
================================================================================
DAG File Processing Stats

File Path                                 PID  Runtime      # DAGs    # Errors  Last Runtime    Last Run               Last # of DB Queries
--------------------------------------  -----  ---------  --------  ----------  --------------  -------------------  ----------------------
/opt/airflow/dags/operators/testdag.py    197  0.02s             1           0  0.20s           2025-01-28T18:14:57                      12
================================================================================
[2025-01-28T18:15:57.996+0000] {manager.py:997} INFO - 
================================================================================
DAG File Processing Stats

File Path                                 PID  Runtime      # DAGs    # Errors  Last Runtime    Last Run               Last # of DB Queries
--------------------------------------  -----  ---------  --------  ----------  --------------  -------------------  ----------------------
/opt/airflow/dags/operators/testdag.py    202  0.02s             1           0  0.15s           2025-01-28T18:15:27                      12
================================================================================
[2025-01-28T18:16:28.408+0000] {manager.py:997} INFO - 
================================================================================
DAG File Processing Stats

File Path                                 PID  Runtime      # DAGs    # Errors  Last Runtime    Last Run               Last # of DB Queries
--------------------------------------  -----  ---------  --------  ----------  --------------  -------------------  ----------------------
/opt/airflow/dags/operators/testdag.py    207  0.03s             1           0  0.15s           2025-01-28T18:15:58                      12
================================================================================
[2025-01-28T18:16:58.940+0000] {manager.py:997} INFO - 
================================================================================
DAG File Processing Stats

File Path                                 PID  Runtime      # DAGs    # Errors  Last Runtime    Last Run               Last # of DB Queries
--------------------------------------  -----  ---------  --------  ----------  --------------  -------------------  ----------------------
/opt/airflow/dags/operators/testdag.py    212  0.04s             1           0  0.15s           2025-01-28T18:16:28                      12
================================================================================
[2025-01-28T18:17:25.370+0000] {manager.py:821} INFO - Searching for files in /opt/airflow/dags
[2025-01-28T18:17:25.384+0000] {manager.py:824} INFO - There are 1 files in /opt/airflow/dags
[2025-01-28T18:17:29.496+0000] {manager.py:997} INFO - 
================================================================================
DAG File Processing Stats

File Path                                 PID  Runtime      # DAGs    # Errors  Last Runtime    Last Run               Last # of DB Queries
--------------------------------------  -----  ---------  --------  ----------  --------------  -------------------  ----------------------
/opt/airflow/dags/operators/testdag.py    217  0.04s             1           0  0.16s           2025-01-28T18:16:59                      12
================================================================================
[2025-01-28T18:17:59.994+0000] {manager.py:997} INFO - 
================================================================================
DAG File Processing Stats

File Path                                 PID  Runtime      # DAGs    # Errors  Last Runtime    Last Run               Last # of DB Queries
--------------------------------------  -----  ---------  --------  ----------  --------------  -------------------  ----------------------
/opt/airflow/dags/operators/testdag.py    222  0.05s             1           0  0.17s           2025-01-28T18:17:29                      12
================================================================================
[2025-01-28T18:18:30.485+0000] {manager.py:997} INFO - 
================================================================================
DAG File Processing Stats

File Path                                 PID  Runtime      # DAGs    # Errors  Last Runtime    Last Run               Last # of DB Queries
--------------------------------------  -----  ---------  --------  ----------  --------------  -------------------  ----------------------
/opt/airflow/dags/operators/testdag.py    227  0.02s             1           0  0.20s           2025-01-28T18:18:00                      12
================================================================================
[2025-01-28T18:19:00.905+0000] {manager.py:997} INFO - 
================================================================================
DAG File Processing Stats

File Path                                 PID  Runtime      # DAGs    # Errors  Last Runtime    Last Run               Last # of DB Queries
--------------------------------------  -----  ---------  --------  ----------  --------------  -------------------  ----------------------
/opt/airflow/dags/operators/testdag.py    232  0.03s             1           0  0.14s           2025-01-28T18:18:30                      12
================================================================================
[2025-01-28T18:24:44.568+0000] {manager.py:821} INFO - Searching for files in /opt/airflow/dags
[2025-01-28T18:24:44.581+0000] {manager.py:824} INFO - There are 1 files in /opt/airflow/dags
[2025-01-28T18:25:02.942+0000] {manager.py:997} INFO - 
================================================================================
DAG File Processing Stats

File Path                               PID    Runtime      # DAGs    # Errors  Last Runtime    Last Run               Last # of DB Queries
--------------------------------------  -----  ---------  --------  ----------  --------------  -------------------  ----------------------
/opt/airflow/dags/operators/testdag.py                           1           0  0.15s           2025-01-28T18:24:44                      12
================================================================================
