[2025-04-04T11:40:44.902+0000] {local_task_job_runner.py:123} INFO - ::group::Pre task execution logs
[2025-04-04T11:40:44.922+0000] {taskinstance.py:2614} INFO - Dependencies all met for dep_context=non-requeueable deps ti=<TaskInstance: weather_data_pipeline.openweather_operations.collect_openweather_data manual__2025-04-04T11:40:19.330331+00:00 [queued]>
[2025-04-04T11:40:44.931+0000] {taskinstance.py:2614} INFO - Dependencies all met for dep_context=requeueable deps ti=<TaskInstance: weather_data_pipeline.openweather_operations.collect_openweather_data manual__2025-04-04T11:40:19.330331+00:00 [queued]>
[2025-04-04T11:40:44.932+0000] {taskinstance.py:2867} INFO - Starting attempt 1 of 2
[2025-04-04T11:40:44.945+0000] {taskinstance.py:2890} INFO - Executing <Task(PythonOperator): openweather_operations.collect_openweather_data> on 2025-04-04 11:40:19.330331+00:00
[2025-04-04T11:40:44.953+0000] {standard_task_runner.py:104} INFO - Running: ['airflow', 'tasks', 'run', 'weather_data_pipeline', 'openweather_operations.collect_openweather_data', 'manual__2025-04-04T11:40:19.330331+00:00', '--job-id', '5', '--raw', '--subdir', 'DAGS_FOLDER/operators/testdag.py', '--cfg-path', '/tmp/tmp0yu4jfet']
[2025-04-04T11:40:44.956+0000] {standard_task_runner.py:105} INFO - Job 5: Subtask openweather_operations.collect_openweather_data
[2025-04-04T11:40:44.958+0000] {logging_mixin.py:190} WARNING - /home/airflow/.local/lib/python3.12/site-packages/airflow/task/task_runner/standard_task_runner.py:70 DeprecationWarning: This process (pid=100) is multi-threaded, use of fork() may lead to deadlocks in the child.
[2025-04-04T11:40:44.959+0000] {standard_task_runner.py:72} INFO - Started process 118 to run task
[2025-04-04T11:40:45.010+0000] {task_command.py:467} INFO - Running <TaskInstance: weather_data_pipeline.openweather_operations.collect_openweather_data manual__2025-04-04T11:40:19.330331+00:00 [running]> on host d670f735fdc0
[2025-04-04T11:40:45.084+0000] {taskinstance.py:3134} INFO - Exporting env vars: AIRFLOW_CTX_DAG_OWNER='airflow' AIRFLOW_CTX_DAG_ID='weather_data_pipeline' AIRFLOW_CTX_TASK_ID='openweather_operations.collect_openweather_data' AIRFLOW_CTX_EXECUTION_DATE='2025-04-04T11:40:19.330331+00:00' AIRFLOW_CTX_TRY_NUMBER='1' AIRFLOW_CTX_DAG_RUN_ID='manual__2025-04-04T11:40:19.330331+00:00'
[2025-04-04T11:40:45.086+0000] {taskinstance.py:732} INFO - ::endgroup::
[2025-04-04T11:40:45.891+0000] {logging_mixin.py:190} INFO - Successfully collected data for Riyadh
[2025-04-04T11:40:46.663+0000] {logging_mixin.py:190} INFO - Successfully collected data for Jeddah
[2025-04-04T11:40:47.420+0000] {logging_mixin.py:190} INFO - Successfully collected data for Mecca
[2025-04-04T11:40:48.170+0000] {logging_mixin.py:190} INFO - Successfully collected data for Medina
[2025-04-04T11:40:48.962+0000] {logging_mixin.py:190} INFO - Successfully collected data for Dammam
[2025-04-04T11:40:49.715+0000] {logging_mixin.py:190} INFO - Successfully collected data for Taif
[2025-04-04T11:40:49.716+0000] {python.py:240} INFO - Done. Returned value was: [{'city': 'Riyadh', 'lat': 24.7136, 'lon': 46.6753, 'temperature': 36.43000000000001, 'humidity': 6.0, 'wind_speed': 7.1, 'co': 233.65, 'no2': 9.08, 'o3': 98.71, 'so2': 15.97, 'pm2_5': 38.16, 'pm10': 148.89, 'co2': 0.0, 'methane': 0.0, 'nitrous_oxide': 0.0, 'fluorinated_gases': 0.0, 'timestamp': '2025-04-04 11:40:31'}, {'city': 'Jeddah', 'lat': 21.5433, 'lon': 39.1728, 'temperature': 27.950000000000045, 'humidity': 61.0, 'wind_speed': 5.01, 'co': 208.62, 'no2': 0.76, 'o3': 134.47, 'so2': 3.43, 'pm2_5': 30.17, 'pm10': 90.98, 'co2': 0.0, 'methane': 0.0, 'nitrous_oxide': 0.0, 'fluorinated_gases': 0.0, 'timestamp': '2025-04-04 11:40:32'}, {'city': 'Mecca', 'lat': 21.3891, 'lon': 39.8579, 'temperature': 34.48000000000002, 'humidity': 22.0, 'wind_speed': 9.43, 'co': 216.96, 'no2': 6.26, 'o3': 133.04, 'so2': 41.96, 'pm2_5': 39.21, 'pm10': 103.03, 'co2': 0.0, 'methane': 0.0, 'nitrous_oxide': 0.0, 'fluorinated_gases': 0.0, 'timestamp': '2025-04-04 11:40:33'}, {'city': 'Medina', 'lat': 24.5247, 'lon': 39.5692, 'temperature': 34.05000000000001, 'humidity': 18.0, 'wind_speed': 10.66, 'co': 201.94, 'no2': 0.45, 'o3': 88.69, 'so2': 1.22, 'pm2_5': 23.59, 'pm10': 90.18, 'co2': 0.0, 'methane': 0.0, 'nitrous_oxide': 0.0, 'fluorinated_gases': 0.0, 'timestamp': '2025-04-04 11:40:34'}, {'city': 'Dammam', 'lat': 26.4207, 'lon': 50.0888, 'temperature': 36.78000000000003, 'humidity': 25.0, 'wind_speed': 3.76, 'co': 620.84, 'no2': 42.84, 'o3': 188.83, 'so2': 18.6, 'pm2_5': 104.75, 'pm10': 188.99, 'co2': 0.0, 'methane': 0.0, 'nitrous_oxide': 0.0, 'fluorinated_gases': 0.0, 'timestamp': '2025-04-04 11:40:35'}, {'city': 'Taif', 'lat': 21.4267, 'lon': 40.4833, 'temperature': 28.170000000000016, 'humidity': 21.0, 'wind_speed': 5.6, 'co': 190.26, 'no2': 0.45, 'o3': 100.14, 'so2': 7.99, 'pm2_5': 21.93, 'pm10': 67.7, 'co2': 0.0, 'methane': 0.0, 'nitrous_oxide': 0.0, 'fluorinated_gases': 0.0, 'timestamp': '2025-04-04 11:40:36'}]
[2025-04-04T11:40:49.741+0000] {taskinstance.py:341} INFO - ::group::Post task execution logs
[2025-04-04T11:40:49.741+0000] {taskinstance.py:353} INFO - Marking task as SUCCESS. dag_id=weather_data_pipeline, task_id=openweather_operations.collect_openweather_data, run_id=manual__2025-04-04T11:40:19.330331+00:00, execution_date=20250404T114019, start_date=20250404T114044, end_date=20250404T114049
[2025-04-04T11:40:49.786+0000] {local_task_job_runner.py:266} INFO - Task exited with return code 0
[2025-04-04T11:40:49.810+0000] {taskinstance.py:3901} INFO - 1 downstream tasks scheduled from follow-on schedule check
[2025-04-04T11:40:49.813+0000] {local_task_job_runner.py:245} INFO - ::endgroup::
