[2025-04-22T21:48:29.323+0000] {taskinstance.py:1159} INFO - Dependencies all met for dep_context=non-requeueable deps ti=<TaskInstance: weather_data_pipeline.openweather_operations.save_openweather_data scheduled__2025-04-22T20:00:00+00:00 [queued]>
[2025-04-22T21:48:29.328+0000] {taskinstance.py:1159} INFO - Dependencies all met for dep_context=requeueable deps ti=<TaskInstance: weather_data_pipeline.openweather_operations.save_openweather_data scheduled__2025-04-22T20:00:00+00:00 [queued]>
[2025-04-22T21:48:29.329+0000] {taskinstance.py:1361} INFO - Starting attempt 1 of 2
[2025-04-22T21:48:29.336+0000] {taskinstance.py:1382} INFO - Executing <Task(PythonOperator): openweather_operations.save_openweather_data> on 2025-04-22 20:00:00+00:00
[2025-04-22T21:48:29.339+0000] {standard_task_runner.py:57} INFO - Started process 185 to run task
[2025-04-22T21:48:29.340+0000] {standard_task_runner.py:84} INFO - Running: ['airflow', 'tasks', 'run', 'weather_data_pipeline', 'openweather_operations.save_openweather_data', 'scheduled__2025-04-22T20:00:00+00:00', '--job-id', '7', '--raw', '--subdir', 'DAGS_FOLDER/data_pipeline.py', '--cfg-path', '/tmp/tmpqf52iudg']
[2025-04-22T21:48:29.341+0000] {standard_task_runner.py:85} INFO - Job 7: Subtask openweather_operations.save_openweather_data
[2025-04-22T21:48:29.372+0000] {task_command.py:415} INFO - Running <TaskInstance: weather_data_pipeline.openweather_operations.save_openweather_data scheduled__2025-04-22T20:00:00+00:00 [running]> on host 7883cdd07699
[2025-04-22T21:48:29.417+0000] {taskinstance.py:1660} INFO - Exporting env vars: AIRFLOW_CTX_DAG_OWNER='airflow' AIRFLOW_CTX_DAG_ID='weather_data_pipeline' AIRFLOW_CTX_TASK_ID='openweather_operations.save_openweather_data' AIRFLOW_CTX_EXECUTION_DATE='2025-04-22T20:00:00+00:00' AIRFLOW_CTX_TRY_NUMBER='1' AIRFLOW_CTX_DAG_RUN_ID='scheduled__2025-04-22T20:00:00+00:00'
[2025-04-22T21:48:29.428+0000] {logging_mixin.py:151} INFO - Creating OpenWeatherMap organization record
[2025-04-22T21:48:29.433+0000] {logging_mixin.py:151} INFO - Inserted data for Riyadh
[2025-04-22T21:48:29.435+0000] {logging_mixin.py:151} INFO - Inserted data for Jeddah
[2025-04-22T21:48:29.438+0000] {logging_mixin.py:151} INFO - Inserted data for Mecca
[2025-04-22T21:48:29.441+0000] {logging_mixin.py:151} INFO - Inserted data for Medina
[2025-04-22T21:48:29.443+0000] {logging_mixin.py:151} INFO - Inserted data for Dammam
[2025-04-22T21:48:29.446+0000] {logging_mixin.py:151} INFO - Inserted data for Taif
[2025-04-22T21:48:29.446+0000] {python.py:194} INFO - Done. Returned value was: Successfully inserted measurement into database
[2025-04-22T21:48:29.460+0000] {taskinstance.py:1400} INFO - Marking task as SUCCESS. dag_id=weather_data_pipeline, task_id=openweather_operations.save_openweather_data, execution_date=20250422T200000, start_date=20250422T214829, end_date=20250422T214829
[2025-04-22T21:48:29.473+0000] {local_task_job_runner.py:228} INFO - Task exited with return code 0
[2025-04-22T21:48:29.490+0000] {taskinstance.py:2784} INFO - 1 downstream tasks scheduled from follow-on schedule check
