[2025-04-15T18:00:07.996+0000] {local_task_job_runner.py:123} INFO - ::group::Pre task execution logs
[2025-04-15T18:00:08.009+0000] {taskinstance.py:2614} INFO - Dependencies all met for dep_context=non-requeueable deps ti=<TaskInstance: weather_data_pipeline.openweather_operations.collect_openweather_data scheduled__2025-04-15T17:00:00+00:00 [queued]>
[2025-04-15T18:00:08.014+0000] {taskinstance.py:2614} INFO - Dependencies all met for dep_context=requeueable deps ti=<TaskInstance: weather_data_pipeline.openweather_operations.collect_openweather_data scheduled__2025-04-15T17:00:00+00:00 [queued]>
[2025-04-15T18:00:08.015+0000] {taskinstance.py:2867} INFO - Starting attempt 1 of 2
[2025-04-15T18:00:08.024+0000] {taskinstance.py:2890} INFO - Executing <Task(PythonOperator): openweather_operations.collect_openweather_data> on 2025-04-15 17:00:00+00:00
[2025-04-15T18:00:08.029+0000] {standard_task_runner.py:104} INFO - Running: ['airflow', 'tasks', 'run', 'weather_data_pipeline', 'openweather_operations.collect_openweather_data', 'scheduled__2025-04-15T17:00:00+00:00', '--job-id', '54', '--raw', '--subdir', 'DAGS_FOLDER/data_pipeline.py', '--cfg-path', '/tmp/tmptmms9_3f']
[2025-04-15T18:00:08.030+0000] {standard_task_runner.py:105} INFO - Job 54: Subtask openweather_operations.collect_openweather_data
[2025-04-15T18:00:08.032+0000] {logging_mixin.py:190} WARNING - /home/airflow/.local/lib/python3.12/site-packages/airflow/task/task_runner/standard_task_runner.py:70 DeprecationWarning: This process (pid=70) is multi-threaded, use of fork() may lead to deadlocks in the child.
[2025-04-15T18:00:08.032+0000] {standard_task_runner.py:72} INFO - Started process 92 to run task
[2025-04-15T18:00:08.073+0000] {task_command.py:467} INFO - Running <TaskInstance: weather_data_pipeline.openweather_operations.collect_openweather_data scheduled__2025-04-15T17:00:00+00:00 [running]> on host 8e2c8626a9ef
[2025-04-15T18:00:08.126+0000] {taskinstance.py:3134} INFO - Exporting env vars: AIRFLOW_CTX_DAG_OWNER='airflow' AIRFLOW_CTX_DAG_ID='weather_data_pipeline' AIRFLOW_CTX_TASK_ID='openweather_operations.collect_openweather_data' AIRFLOW_CTX_EXECUTION_DATE='2025-04-15T17:00:00+00:00' AIRFLOW_CTX_TRY_NUMBER='1' AIRFLOW_CTX_DAG_RUN_ID='scheduled__2025-04-15T17:00:00+00:00'
[2025-04-15T18:00:08.126+0000] {taskinstance.py:732} INFO - ::endgroup::
[2025-04-15T18:00:09.191+0000] {logging_mixin.py:190} INFO - Successfully collected data for Riyadh
[2025-04-15T18:00:10.214+0000] {logging_mixin.py:190} INFO - Successfully collected data for Jeddah
[2025-04-15T18:00:11.208+0000] {logging_mixin.py:190} INFO - Successfully collected data for Mecca
[2025-04-15T18:00:12.185+0000] {logging_mixin.py:190} INFO - Successfully collected data for Medina
[2025-04-15T18:00:13.191+0000] {logging_mixin.py:190} INFO - Successfully collected data for Dammam
[2025-04-15T18:00:14.151+0000] {logging_mixin.py:190} INFO - Successfully collected data for Taif
[2025-04-15T18:00:14.152+0000] {python.py:240} INFO - Done. Returned value was: [{'city': 'Riyadh', 'lat': 24.7136, 'lon': 46.6753, 'temperature': 26.33000000000004, 'humidity': 14.0, 'wind_speed': 4.27, 'co': 119.95, 'no2': 3.86, 'o3': 124.47, 'so2': 10.95, 'pm2_5': 28.79, 'pm10': 107.65, 'co2': 0.0, 'methane': 0.0, 'nitrous_oxide': 0.0, 'fluorinated_gases': 0.0, 'timestamp': '2025-04-15 18:00:09'}, {'city': 'Jeddah', 'lat': 21.5433, 'lon': 39.1728, 'temperature': 25.379999999999995, 'humidity': 46.0, 'wind_speed': 8.64, 'co': 117.17, 'no2': 1.11, 'o3': 131.17, 'so2': 2.2, 'pm2_5': 10.88, 'pm10': 43.73, 'co2': 0.0, 'methane': 0.0, 'nitrous_oxide': 0.0, 'fluorinated_gases': 0.0, 'timestamp': '2025-04-15 18:00:10'}, {'city': 'Mecca', 'lat': 21.3891, 'lon': 39.8579, 'temperature': 24.720000000000027, 'humidity': 27.0, 'wind_speed': 4.53, 'co': 125.38, 'no2': 6.98, 'o3': 133.86, 'so2': 27.42, 'pm2_5': 16.45, 'pm10': 52.74, 'co2': 0.0, 'methane': 0.0, 'nitrous_oxide': 0.0, 'fluorinated_gases': 0.0, 'timestamp': '2025-04-15 18:00:11'}, {'city': 'Medina', 'lat': 24.5247, 'lon': 39.5692, 'temperature': 29.08000000000004, 'humidity': 9.0, 'wind_speed': 1.7, 'co': 122.43, 'no2': 5.55, 'o3': 124.44, 'so2': 13.46, 'pm2_5': 10.5, 'pm10': 39.98, 'co2': 0.0, 'methane': 0.0, 'nitrous_oxide': 0.0, 'fluorinated_gases': 0.0, 'timestamp': '2025-04-15 18:00:12'}, {'city': 'Dammam', 'lat': 26.4207, 'lon': 50.0888, 'temperature': 24.970000000000027, 'humidity': 35.0, 'wind_speed': 7.77, 'co': 138.38, 'no2': 8.16, 'o3': 138.45, 'so2': 22.62, 'pm2_5': 41.87, 'pm10': 198.12, 'co2': 0.0, 'methane': 0.0, 'nitrous_oxide': 0.0, 'fluorinated_gases': 0.0, 'timestamp': '2025-04-15 18:00:13'}, {'city': 'Taif', 'lat': 21.4267, 'lon': 40.4833, 'temperature': 23.879999999999995, 'humidity': 11.0, 'wind_speed': 3.3, 'co': 136.67, 'no2': 12.82, 'o3': 133.62, 'so2': 60.07, 'pm2_5': 24.96, 'pm10': 72.51, 'co2': 0.0, 'methane': 0.0, 'nitrous_oxide': 0.0, 'fluorinated_gases': 0.0, 'timestamp': '2025-04-15 18:00:14'}]
[2025-04-15T18:00:14.179+0000] {taskinstance.py:341} INFO - ::group::Post task execution logs
[2025-04-15T18:00:14.181+0000] {taskinstance.py:353} INFO - Marking task as SUCCESS. dag_id=weather_data_pipeline, task_id=openweather_operations.collect_openweather_data, run_id=scheduled__2025-04-15T17:00:00+00:00, execution_date=20250415T170000, start_date=20250415T180008, end_date=20250415T180014
[2025-04-15T18:00:14.221+0000] {local_task_job_runner.py:266} INFO - Task exited with return code 0
[2025-04-15T18:00:14.239+0000] {taskinstance.py:3901} INFO - 1 downstream tasks scheduled from follow-on schedule check
[2025-04-15T18:00:14.241+0000] {local_task_job_runner.py:245} INFO - ::endgroup::
