[2025-04-09T05:01:22.536+0000] {local_task_job_runner.py:123} INFO - ::group::Pre task execution logs
[2025-04-09T05:01:22.556+0000] {taskinstance.py:2614} INFO - Dependencies all met for dep_context=non-requeueable deps ti=<TaskInstance: weather_data_pipeline.openweather_operations.save_openweather_data manual__2025-04-09T05:00:31.395948+00:00 [queued]>
[2025-04-09T05:01:22.565+0000] {taskinstance.py:2614} INFO - Dependencies all met for dep_context=requeueable deps ti=<TaskInstance: weather_data_pipeline.openweather_operations.save_openweather_data manual__2025-04-09T05:00:31.395948+00:00 [queued]>
[2025-04-09T05:01:22.566+0000] {taskinstance.py:2867} INFO - Starting attempt 1 of 2
[2025-04-09T05:01:22.576+0000] {taskinstance.py:2890} INFO - Executing <Task(PythonOperator): openweather_operations.save_openweather_data> on 2025-04-09 05:00:31.395948+00:00
[2025-04-09T05:01:22.585+0000] {standard_task_runner.py:104} INFO - Running: ['airflow', 'tasks', 'run', 'weather_data_pipeline', 'openweather_operations.save_openweather_data', 'manual__2025-04-09T05:00:31.395948+00:00', '--job-id', '22', '--raw', '--subdir', 'DAGS_FOLDER/operators/testdag.py', '--cfg-path', '/tmp/tmp_k4zq_7r']
[2025-04-09T05:01:22.588+0000] {standard_task_runner.py:105} INFO - Job 22: Subtask openweather_operations.save_openweather_data
[2025-04-09T05:01:22.589+0000] {logging_mixin.py:190} WARNING - /home/airflow/.local/lib/python3.12/site-packages/airflow/task/task_runner/standard_task_runner.py:70 DeprecationWarning: This process (pid=322) is multi-threaded, use of fork() may lead to deadlocks in the child.
[2025-04-09T05:01:22.590+0000] {standard_task_runner.py:72} INFO - Started process 340 to run task
[2025-04-09T05:01:22.636+0000] {task_command.py:467} INFO - Running <TaskInstance: weather_data_pipeline.openweather_operations.save_openweather_data manual__2025-04-09T05:00:31.395948+00:00 [running]> on host bb94a3d1492a
[2025-04-09T05:01:22.724+0000] {taskinstance.py:3134} INFO - Exporting env vars: AIRFLOW_CTX_DAG_OWNER='airflow' AIRFLOW_CTX_DAG_ID='weather_data_pipeline' AIRFLOW_CTX_TASK_ID='openweather_operations.save_openweather_data' AIRFLOW_CTX_EXECUTION_DATE='2025-04-09T05:00:31.395948+00:00' AIRFLOW_CTX_TRY_NUMBER='1' AIRFLOW_CTX_DAG_RUN_ID='manual__2025-04-09T05:00:31.395948+00:00'
[2025-04-09T05:01:22.725+0000] {taskinstance.py:732} INFO - ::endgroup::
[2025-04-09T05:01:22.763+0000] {logging_mixin.py:190} INFO - Inserted data for Riyadh
[2025-04-09T05:01:22.768+0000] {logging_mixin.py:190} INFO - Inserted data for Jeddah
[2025-04-09T05:01:22.773+0000] {logging_mixin.py:190} INFO - Inserted data for Mecca
[2025-04-09T05:01:22.778+0000] {logging_mixin.py:190} INFO - Inserted data for Medina
[2025-04-09T05:01:22.783+0000] {logging_mixin.py:190} INFO - Inserted data for Dammam
[2025-04-09T05:01:22.790+0000] {logging_mixin.py:190} INFO - Inserted data for Taif
[2025-04-09T05:01:22.791+0000] {python.py:240} INFO - Done. Returned value was: Successfully inserted measurement into database
[2025-04-09T05:01:22.818+0000] {taskinstance.py:341} INFO - ::group::Post task execution logs
[2025-04-09T05:01:22.819+0000] {taskinstance.py:353} INFO - Marking task as SUCCESS. dag_id=weather_data_pipeline, task_id=openweather_operations.save_openweather_data, run_id=manual__2025-04-09T05:00:31.395948+00:00, execution_date=20250409T050031, start_date=20250409T050122, end_date=20250409T050122
[2025-04-09T05:01:22.893+0000] {local_task_job_runner.py:266} INFO - Task exited with return code 0
[2025-04-09T05:01:22.914+0000] {taskinstance.py:3901} INFO - 0 downstream tasks scheduled from follow-on schedule check
[2025-04-09T05:01:22.916+0000] {local_task_job_runner.py:245} INFO - ::endgroup::
