[2025-04-20T22:21:20.145+0000] {local_task_job_runner.py:123} INFO - ::group::Pre task execution logs
[2025-04-20T22:21:20.157+0000] {taskinstance.py:2614} INFO - Dependencies all met for dep_context=non-requeueable deps ti=<TaskInstance: weather_data_pipeline.openweather_operations.collect_openweather_data manual__2025-04-20T22:20:15.846764+00:00 [queued]>
[2025-04-20T22:21:20.162+0000] {taskinstance.py:2614} INFO - Dependencies all met for dep_context=requeueable deps ti=<TaskInstance: weather_data_pipeline.openweather_operations.collect_openweather_data manual__2025-04-20T22:20:15.846764+00:00 [queued]>
[2025-04-20T22:21:20.162+0000] {taskinstance.py:2867} INFO - Starting attempt 2 of 2
[2025-04-20T22:21:20.169+0000] {taskinstance.py:2890} INFO - Executing <Task(PythonOperator): openweather_operations.collect_openweather_data> on 2025-04-20 22:20:15.846764+00:00
[2025-04-20T22:21:20.174+0000] {standard_task_runner.py:104} INFO - Running: ['airflow', 'tasks', 'run', 'weather_data_pipeline', 'openweather_operations.collect_openweather_data', 'manual__2025-04-20T22:20:15.846764+00:00', '--job-id', '163', '--raw', '--subdir', 'DAGS_FOLDER/data_pipeline.py', '--cfg-path', '/tmp/tmpwvsduydj']
[2025-04-20T22:21:20.176+0000] {standard_task_runner.py:105} INFO - Job 163: Subtask openweather_operations.collect_openweather_data
[2025-04-20T22:21:20.177+0000] {logging_mixin.py:190} WARNING - /home/airflow/.local/lib/python3.12/site-packages/airflow/task/task_runner/standard_task_runner.py:70 DeprecationWarning: This process (pid=236) is multi-threaded, use of fork() may lead to deadlocks in the child.
[2025-04-20T22:21:20.178+0000] {standard_task_runner.py:72} INFO - Started process 258 to run task
[2025-04-20T22:21:20.202+0000] {task_command.py:467} INFO - Running <TaskInstance: weather_data_pipeline.openweather_operations.collect_openweather_data manual__2025-04-20T22:20:15.846764+00:00 [running]> on host 8e2c8626a9ef
[2025-04-20T22:21:20.248+0000] {taskinstance.py:3134} INFO - Exporting env vars: AIRFLOW_CTX_DAG_OWNER='airflow' AIRFLOW_CTX_DAG_ID='weather_data_pipeline' AIRFLOW_CTX_TASK_ID='openweather_operations.collect_openweather_data' AIRFLOW_CTX_EXECUTION_DATE='2025-04-20T22:20:15.846764+00:00' AIRFLOW_CTX_TRY_NUMBER='2' AIRFLOW_CTX_DAG_RUN_ID='manual__2025-04-20T22:20:15.846764+00:00'
[2025-04-20T22:21:20.249+0000] {taskinstance.py:732} INFO - ::endgroup::
[2025-04-20T22:21:21.262+0000] {logging_mixin.py:190} INFO - Successfully collected data for Riyadh
[2025-04-20T22:21:22.108+0000] {logging_mixin.py:190} INFO - Successfully collected data for Jeddah
[2025-04-20T22:21:22.924+0000] {logging_mixin.py:190} INFO - Successfully collected data for Mecca
[2025-04-20T22:21:23.852+0000] {logging_mixin.py:190} INFO - Successfully collected data for Medina
[2025-04-20T22:21:24.758+0000] {logging_mixin.py:190} INFO - Successfully collected data for Dammam
[2025-04-20T22:21:25.691+0000] {logging_mixin.py:190} INFO - Successfully collected data for Taif
[2025-04-20T22:21:25.692+0000] {python.py:240} INFO - Done. Returned value was: [{'city': 'Riyadh', 'lat': 24.7136, 'lon': 46.6753, 'temperature': 25.83000000000004, 'humidity': 22.0, 'wind_speed': 4.69, 'co': 129.34, 'no2': 0.43, 'o3': 120.22, 'so2': 3.12, 'pm2_5': 62.29, 'pm10': 233.21, 'co2': 0.0, 'methane': 0.0, 'nitrous_oxide': 0.0, 'fluorinated_gases': 0.0, 'timestamp': '2025-04-20 22:20:22'}, {'city': 'Jeddah', 'lat': 21.5433, 'lon': 39.1728, 'temperature': 29.83000000000004, 'humidity': 54.0, 'wind_speed': 3.37, 'co': 128.32, 'no2': 4.72, 'o3': 107.51, 'so2': 16.53, 'pm2_5': 42.37, 'pm10': 76.69, 'co2': 0.0, 'methane': 0.0, 'nitrous_oxide': 0.0, 'fluorinated_gases': 0.0, 'timestamp': '2025-04-20 22:20:23'}, {'city': 'Mecca', 'lat': 21.3891, 'lon': 39.8579, 'temperature': 27.900000000000034, 'humidity': 44.0, 'wind_speed': 2.72, 'co': 135.07, 'no2': 5.31, 'o3': 99.45, 'so2': 16.66, 'pm2_5': 48.05, 'pm10': 93.68, 'co2': 0.0, 'methane': 0.0, 'nitrous_oxide': 0.0, 'fluorinated_gases': 0.0, 'timestamp': '2025-04-20 22:20:49'}, {'city': 'Medina', 'lat': 24.5247, 'lon': 39.5692, 'temperature': 26.960000000000036, 'humidity': 40.0, 'wind_speed': 1.93, 'co': 120.59, 'no2': 3.86, 'o3': 83.57, 'so2': 5.3, 'pm2_5': 24.18, 'pm10': 65.27, 'co2': 0.0, 'methane': 0.0, 'nitrous_oxide': 0.0, 'fluorinated_gases': 0.0, 'timestamp': '2025-04-20 22:20:50'}, {'city': 'Dammam', 'lat': 26.4207, 'lon': 50.0888, 'temperature': 21.189999999999998, 'humidity': 38.0, 'wind_speed': 0.72, 'co': 204.42, 'no2': 7.64, 'o3': 118.43, 'so2': 16.74, 'pm2_5': 99.48, 'pm10': 277.1, 'co2': 0.0, 'methane': 0.0, 'nitrous_oxide': 0.0, 'fluorinated_gases': 0.0, 'timestamp': '2025-04-20 22:20:51'}, {'city': 'Taif', 'lat': 21.4267, 'lon': 40.4833, 'temperature': 22.55000000000001, 'humidity': 39.0, 'wind_speed': 2.98, 'co': 126.75, 'no2': 2.53, 'o3': 81.22, 'so2': 5.54, 'pm2_5': 41.14, 'pm10': 113.22, 'co2': 0.0, 'methane': 0.0, 'nitrous_oxide': 0.0, 'fluorinated_gases': 0.0, 'timestamp': '2025-04-20 22:20:52'}]
[2025-04-20T22:21:25.707+0000] {taskinstance.py:341} INFO - ::group::Post task execution logs
[2025-04-20T22:21:25.708+0000] {taskinstance.py:353} INFO - Marking task as SUCCESS. dag_id=weather_data_pipeline, task_id=openweather_operations.collect_openweather_data, run_id=manual__2025-04-20T22:20:15.846764+00:00, execution_date=20250420T222015, start_date=20250420T222120, end_date=20250420T222125
[2025-04-20T22:21:25.765+0000] {local_task_job_runner.py:266} INFO - Task exited with return code 0
[2025-04-20T22:21:25.781+0000] {taskinstance.py:3901} INFO - 1 downstream tasks scheduled from follow-on schedule check
[2025-04-20T22:21:25.783+0000] {local_task_job_runner.py:245} INFO - ::endgroup::
