[2025-04-22T22:06:41.319+0000] {taskinstance.py:1159} INFO - Dependencies all met for dep_context=non-requeueable deps ti=<TaskInstance: weather_data_pipeline.meteo_operations.collect_meteo_data scheduled__2025-04-22T21:00:00+00:00 [queued]>
[2025-04-22T22:06:41.324+0000] {taskinstance.py:1159} INFO - Dependencies all met for dep_context=requeueable deps ti=<TaskInstance: weather_data_pipeline.meteo_operations.collect_meteo_data scheduled__2025-04-22T21:00:00+00:00 [queued]>
[2025-04-22T22:06:41.324+0000] {taskinstance.py:1361} INFO - Starting attempt 1 of 2
[2025-04-22T22:06:41.332+0000] {taskinstance.py:1382} INFO - Executing <Task(PythonOperator): meteo_operations.collect_meteo_data> on 2025-04-22 21:00:00+00:00
[2025-04-22T22:06:41.336+0000] {standard_task_runner.py:57} INFO - Started process 141 to run task
[2025-04-22T22:06:41.338+0000] {standard_task_runner.py:84} INFO - Running: ['airflow', 'tasks', 'run', 'weather_data_pipeline', 'meteo_operations.collect_meteo_data', 'scheduled__2025-04-22T21:00:00+00:00', '--job-id', '18', '--raw', '--subdir', 'DAGS_FOLDER/data_pipeline.py', '--cfg-path', '/tmp/tmpymfffmen']
[2025-04-22T22:06:41.339+0000] {standard_task_runner.py:85} INFO - Job 18: Subtask meteo_operations.collect_meteo_data
[2025-04-22T22:06:41.369+0000] {task_command.py:415} INFO - Running <TaskInstance: weather_data_pipeline.meteo_operations.collect_meteo_data scheduled__2025-04-22T21:00:00+00:00 [running]> on host 0030001c0aa2
[2025-04-22T22:06:41.421+0000] {taskinstance.py:1660} INFO - Exporting env vars: AIRFLOW_CTX_DAG_OWNER='airflow' AIRFLOW_CTX_DAG_ID='weather_data_pipeline' AIRFLOW_CTX_TASK_ID='meteo_operations.collect_meteo_data' AIRFLOW_CTX_EXECUTION_DATE='2025-04-22T21:00:00+00:00' AIRFLOW_CTX_TRY_NUMBER='1' AIRFLOW_CTX_DAG_RUN_ID='scheduled__2025-04-22T21:00:00+00:00'
[2025-04-22T22:06:42.170+0000] {python.py:194} INFO - Done. Returned value was: {'latitude': 21.4901, 'longitude': 39.1862, 'timestamp': '2025-04-22 00:00:00', 'temperature': 27.073501586914062, 'humidity': 77.0, 'wind_speed': 3.096837043762207, 'pm2_5': 117.5999984741211, 'co': 441.0}
[2025-04-22T22:06:42.191+0000] {taskinstance.py:1400} INFO - Marking task as SUCCESS. dag_id=weather_data_pipeline, task_id=meteo_operations.collect_meteo_data, execution_date=20250422T210000, start_date=20250422T220641, end_date=20250422T220642
[2025-04-22T22:06:42.233+0000] {local_task_job_runner.py:228} INFO - Task exited with return code 0
[2025-04-22T22:06:42.249+0000] {taskinstance.py:2784} INFO - 1 downstream tasks scheduled from follow-on schedule check
[2025-04-22T22:23:07.536+0000] {taskinstance.py:1159} INFO - Dependencies all met for dep_context=non-requeueable deps ti=<TaskInstance: weather_data_pipeline.meteo_operations.collect_meteo_data scheduled__2025-04-22T21:00:00+00:00 [queued]>
[2025-04-22T22:23:07.540+0000] {taskinstance.py:1159} INFO - Dependencies all met for dep_context=requeueable deps ti=<TaskInstance: weather_data_pipeline.meteo_operations.collect_meteo_data scheduled__2025-04-22T21:00:00+00:00 [queued]>
[2025-04-22T22:23:07.541+0000] {taskinstance.py:1361} INFO - Starting attempt 1 of 2
[2025-04-22T22:23:07.548+0000] {taskinstance.py:1382} INFO - Executing <Task(PythonOperator): meteo_operations.collect_meteo_data> on 2025-04-22 21:00:00+00:00
[2025-04-22T22:23:07.552+0000] {standard_task_runner.py:57} INFO - Started process 130 to run task
[2025-04-22T22:23:07.554+0000] {standard_task_runner.py:84} INFO - Running: ['airflow', 'tasks', 'run', 'weather_data_pipeline', 'meteo_operations.collect_meteo_data', 'scheduled__2025-04-22T21:00:00+00:00', '--job-id', '2', '--raw', '--subdir', 'DAGS_FOLDER/data_pipeline.py', '--cfg-path', '/tmp/tmp9j4fsanf']
[2025-04-22T22:23:07.556+0000] {standard_task_runner.py:85} INFO - Job 2: Subtask meteo_operations.collect_meteo_data
[2025-04-22T22:23:07.588+0000] {task_command.py:415} INFO - Running <TaskInstance: weather_data_pipeline.meteo_operations.collect_meteo_data scheduled__2025-04-22T21:00:00+00:00 [running]> on host ba2ad926eb92
[2025-04-22T22:23:07.643+0000] {taskinstance.py:1660} INFO - Exporting env vars: AIRFLOW_CTX_DAG_OWNER='airflow' AIRFLOW_CTX_DAG_ID='weather_data_pipeline' AIRFLOW_CTX_TASK_ID='meteo_operations.collect_meteo_data' AIRFLOW_CTX_EXECUTION_DATE='2025-04-22T21:00:00+00:00' AIRFLOW_CTX_TRY_NUMBER='1' AIRFLOW_CTX_DAG_RUN_ID='scheduled__2025-04-22T21:00:00+00:00'
[2025-04-22T22:23:08.421+0000] {python.py:194} INFO - Done. Returned value was: {'latitude': 21.4901, 'longitude': 39.1862, 'timestamp': '2025-04-22 00:00:00', 'temperature': 26.573501586914062, 'humidity': 90.0, 'wind_speed': 7.172948837280273, 'pm2_5': 117.5999984741211, 'co': 441.0}
[2025-04-22T22:23:08.436+0000] {taskinstance.py:1400} INFO - Marking task as SUCCESS. dag_id=weather_data_pipeline, task_id=meteo_operations.collect_meteo_data, execution_date=20250422T210000, start_date=20250422T222307, end_date=20250422T222308
[2025-04-22T22:23:08.449+0000] {local_task_job_runner.py:228} INFO - Task exited with return code 0
[2025-04-22T22:23:08.467+0000] {taskinstance.py:2784} INFO - 1 downstream tasks scheduled from follow-on schedule check
